[2023-06-06 15:30:32] Storing files in experiments/Crnn/2023-06-06_15-30-06_04e5066c043c11ee9ef15cff35c1d408
[2023-06-06 15:30:32] batch_size: 64
[2023-06-06 15:30:32] data:
[2023-06-06 15:30:32]   audio_mix_ratio: None
[2023-06-06 15:30:32]   augment_ratio: None
[2023-06-06 15:30:32]   augment_type: None
[2023-06-06 15:30:32]   augmentation_list: []
[2023-06-06 15:30:32]   class_indice_file: data/metadata/class_label_indices.txt
[2023-06-06 15:30:32]   feature: data/dev/feature.csv
[2023-06-06 15:30:32]   label: data/dev/label.csv
[2023-06-06 15:30:32]   stratified: true
[2023-06-06 15:30:32] dataloader_args:
[2023-06-06 15:30:32]   batch_size: 64
[2023-06-06 15:30:32]   num_workers: 1
[2023-06-06 15:30:32] early_stop: 7
[2023-06-06 15:30:32] epochs: 100
[2023-06-06 15:30:32] loss: BceLoss
[2023-06-06 15:30:32] model:
[2023-06-06 15:30:32]   channel_list:
[2023-06-06 15:30:32]   - 1
[2023-06-06 15:30:32]   - 16
[2023-06-06 15:30:32]   - 32
[2023-06-06 15:30:32]   - 64
[2023-06-06 15:30:32]   hidden_size: 128
[2023-06-06 15:30:32]   kernel_list:
[2023-06-06 15:30:32]   - 2
[2023-06-06 15:30:32]   - 2
[2023-06-06 15:30:32]   - 1
[2023-06-06 15:30:32]   type: Crnn
[2023-06-06 15:30:32] num_workers: 2
[2023-06-06 15:30:32] optimizer:
[2023-06-06 15:30:32]   args:
[2023-06-06 15:30:32]     lr: 0.001
[2023-06-06 15:30:32]   type: AdamW
[2023-06-06 15:30:32] outputpath: experiments/
[2023-06-06 15:30:32] scheduler_args:
[2023-06-06 15:30:32]   factor: 0.1
[2023-06-06 15:30:32]   patience: 3
[2023-06-06 15:30:32] 
[2023-06-06 15:30:32] Running on device cpu
[2023-06-06 15:30:40] AdamW (
[2023-06-06 15:30:40] Parameter Group 0
[2023-06-06 15:30:40]     amsgrad: False
[2023-06-06 15:30:40]     betas: (0.9, 0.999)
[2023-06-06 15:30:40]     capturable: False
[2023-06-06 15:30:40]     eps: 1e-08
[2023-06-06 15:30:40]     foreach: None
[2023-06-06 15:30:40]     lr: 0.001
[2023-06-06 15:30:40]     maximize: False
[2023-06-06 15:30:40]     weight_decay: 0.01
[2023-06-06 15:30:40] )
[2023-06-06 15:30:40] Crnn(
[2023-06-06 15:30:40]   (bn): BatchNorm2d(1, eps=1e-05, momentum=0.1, affine=True, track_running_stats=True)
[2023-06-06 15:30:40]   (backbone): Sequential(
[2023-06-06 15:30:40]     (block1): Sequential(
[2023-06-06 15:30:40]       (0): Conv2d(1, 16, kernel_size=(2, 2), stride=(1, 1))
[2023-06-06 15:30:40]       (1): BatchNorm2d(16, eps=1e-05, momentum=0.1, affine=True, track_running_stats=True)
[2023-06-06 15:30:40]       (2): ReLU()
[2023-06-06 15:30:40]       (3): MaxPool2d(kernel_size=(2, 2), stride=(2, 2), padding=0, dilation=1, ceil_mode=False)
[2023-06-06 15:30:40]     )
[2023-06-06 15:30:40]     (block2): Sequential(
[2023-06-06 15:30:40]       (0): Conv2d(16, 32, kernel_size=(2, 2), stride=(1, 1))
[2023-06-06 15:30:40]       (1): BatchNorm2d(32, eps=1e-05, momentum=0.1, affine=True, track_running_stats=True)
[2023-06-06 15:30:40]       (2): ReLU()
[2023-06-06 15:30:40]       (3): MaxPool2d(kernel_size=(2, 2), stride=(2, 2), padding=0, dilation=1, ceil_mode=False)
[2023-06-06 15:30:40]     )
[2023-06-06 15:30:40]     (block3): Sequential(
[2023-06-06 15:30:40]       (0): Conv2d(32, 64, kernel_size=(1, 2), stride=(1, 1))
[2023-06-06 15:30:40]       (1): BatchNorm2d(64, eps=1e-05, momentum=0.1, affine=True, track_running_stats=True)
[2023-06-06 15:30:40]       (2): ReLU()
[2023-06-06 15:30:40]       (3): MaxPool2d(kernel_size=(1, 2), stride=(1, 2), padding=0, dilation=1, ceil_mode=False)
[2023-06-06 15:30:40]     )
[2023-06-06 15:30:40]   )
[2023-06-06 15:30:40]   (BiGRU): GRU(64, 128, batch_first=True, bidirectional=True)
[2023-06-06 15:30:40]   (fc): Linear(in_features=256, out_features=10, bias=True)
[2023-06-06 15:30:40] )
[2023-06-06 15:32:12] Epoch 1   training_loss: 0.45  val_loss: 0.38  precision: 0.00  recall: 0.00  f1: 0.00
[2023-06-06 15:33:42] Epoch 2   training_loss: 0.36  val_loss: 0.35  precision: 0.00  recall: 0.00  f1: 0.00
[2023-06-06 15:35:12] Epoch 3   training_loss: 0.35  val_loss: 0.34  precision: 0.18  recall: 0.03  f1: 0.04
[2023-06-06 15:36:42] Epoch 4   training_loss: 0.33  val_loss: 0.33  precision: 0.21  recall: 0.10  f1: 0.13
[2023-06-06 15:38:14] Epoch 5   training_loss: 0.32  val_loss: 0.32  precision: 0.30  recall: 0.15  f1: 0.17
[2023-06-06 15:39:45] Epoch 6   training_loss: 0.31  val_loss: 0.33  precision: 0.19  recall: 0.17  f1: 0.17
[2023-06-06 15:41:17] Epoch 7   training_loss: 0.29  val_loss: 0.30  precision: 0.21  recall: 0.19  f1: 0.20
[2023-06-06 15:42:48] Epoch 8   training_loss: 0.27  val_loss: 0.30  precision: 0.23  recall: 0.20  f1: 0.21
[2023-06-06 15:44:18] Epoch 9   training_loss: 0.26  val_loss: 0.34  precision: 0.27  recall: 0.17  f1: 0.18
[2023-06-06 15:45:48] Epoch 10   training_loss: 0.25  val_loss: 0.29  precision: 0.41  recall: 0.26  f1: 0.30
[2023-06-06 15:47:16] Epoch 11   training_loss: 0.24  val_loss: 0.34  precision: 0.35  recall: 0.31  f1: 0.25
[2023-06-06 15:48:43] Epoch 12   training_loss: 0.24  val_loss: 0.24  precision: 0.62  recall: 0.36  f1: 0.43
[2023-06-06 15:50:12] Epoch 13   training_loss: 0.22  val_loss: 0.24  precision: 0.53  recall: 0.35  f1: 0.38
[2023-06-06 15:51:40] Epoch 14   training_loss: 0.21  val_loss: 0.24  precision: 0.61  recall: 0.34  f1: 0.36
[2023-06-06 15:53:07] Epoch 15   training_loss: 0.20  val_loss: 0.24  precision: 0.55  recall: 0.41  f1: 0.45
[2023-06-06 15:54:39] Epoch 16   training_loss: 0.20  val_loss: 0.23  precision: 0.69  recall: 0.43  f1: 0.49
[2023-06-06 15:56:07] Epoch 17   training_loss: 0.19  val_loss: 0.26  precision: 0.66  recall: 0.44  f1: 0.47
[2023-06-06 15:57:35] Epoch 18   training_loss: 0.19  val_loss: 0.22  precision: 0.58  recall: 0.42  f1: 0.48
[2023-06-06 15:59:07] Epoch 19   training_loss: 0.19  val_loss: 0.22  precision: 0.69  recall: 0.48  f1: 0.53
[2023-06-06 16:00:38] Epoch 20   training_loss: 0.18  val_loss: 0.23  precision: 0.62  recall: 0.44  f1: 0.49
[2023-06-06 16:02:04] Epoch 21   training_loss: 0.18  val_loss: 0.21  precision: 0.66  recall: 0.49  f1: 0.54
[2023-06-06 16:03:33] Epoch 22   training_loss: 0.17  val_loss: 0.24  precision: 0.68  recall: 0.51  f1: 0.52
[2023-06-06 16:05:01] Epoch 23   training_loss: 0.16  val_loss: 0.20  precision: 0.77  recall: 0.46  f1: 0.54
[2023-06-06 16:06:30] Epoch 24   training_loss: 0.16  val_loss: 0.22  precision: 0.78  recall: 0.49  f1: 0.55
[2023-06-06 16:07:58] Epoch 25   training_loss: 0.15  val_loss: 0.20  precision: 0.72  recall: 0.53  f1: 0.57
[2023-06-06 16:09:22] Epoch 26   training_loss: 0.14  val_loss: 0.23  precision: 0.66  recall: 0.49  f1: 0.53
[2023-06-06 16:10:48] Epoch 27   training_loss: 0.15  val_loss: 0.22  precision: 0.70  recall: 0.53  f1: 0.59
[2023-06-06 16:12:19] Epoch 28   training_loss: 0.14  val_loss: 0.19  precision: 0.72  recall: 0.53  f1: 0.57
[2023-06-06 16:13:48] Epoch 29   training_loss: 0.14  val_loss: 0.22  precision: 0.83  recall: 0.48  f1: 0.53
[2023-06-06 16:15:17] Epoch 30   training_loss: 0.14  val_loss: 0.21  precision: 0.68  recall: 0.58  f1: 0.60
[2023-06-06 16:16:47] Epoch 31   training_loss: 0.13  val_loss: 0.20  precision: 0.70  recall: 0.64  f1: 0.63
[2023-06-06 16:18:15] Epoch 32   training_loss: 0.15  val_loss: 0.22  precision: 0.70  recall: 0.58  f1: 0.58
[2023-06-06 16:19:45] Epoch 33   training_loss: 0.13  val_loss: 0.18  precision: 0.74  recall: 0.61  f1: 0.65
[2023-06-06 16:21:15] Epoch 34   training_loss: 0.12  val_loss: 0.18  precision: 0.73  recall: 0.60  f1: 0.65
[2023-06-06 16:22:43] Epoch 35   training_loss: 0.12  val_loss: 0.18  precision: 0.72  recall: 0.61  f1: 0.64
[2023-06-06 16:24:12] Epoch 36   training_loss: 0.12  val_loss: 0.18  precision: 0.74  recall: 0.62  f1: 0.66
[2023-06-06 16:25:44] Epoch 37   training_loss: 0.11  val_loss: 0.18  precision: 0.75  recall: 0.64  f1: 0.68
[2023-06-06 16:27:13] Epoch 38   training_loss: 0.11  val_loss: 0.17  precision: 0.74  recall: 0.63  f1: 0.67
[2023-06-06 16:28:43] Epoch 39   training_loss: 0.11  val_loss: 0.18  precision: 0.72  recall: 0.61  f1: 0.65
[2023-06-06 16:30:14] Epoch 40   training_loss: 0.11  val_loss: 0.18  precision: 0.75  recall: 0.63  f1: 0.67
[2023-06-06 16:31:42] Epoch 41   training_loss: 0.11  val_loss: 0.18  precision: 0.72  recall: 0.61  f1: 0.65
[2023-06-06 16:33:13] Epoch 42   training_loss: 0.11  val_loss: 0.18  precision: 0.74  recall: 0.65  f1: 0.68
[2023-06-06 16:34:43] Epoch 43   training_loss: 0.10  val_loss: 0.18  precision: 0.75  recall: 0.65  f1: 0.69
[2023-06-06 16:36:14] Epoch 44   training_loss: 0.11  val_loss: 0.18  precision: 0.75  recall: 0.64  f1: 0.68
[2023-06-06 16:37:45] Epoch 45   training_loss: 0.11  val_loss: 0.18  precision: 0.75  recall: 0.64  f1: 0.68
