[2023-05-18 11:02:01] ---------------------------------------------------------------------------------------------------
[2023-05-18 11:02:01] | epoch   1 | time: 26.91s | training loss  1.86 |
[2023-05-18 11:02:05] | epoch   1 | time:  3.57s | cv loss  1.31 | cv accuracy:  0.63 |
[2023-05-18 11:02:05] ---------------------------------------------------------------------------------------------------
[2023-05-18 11:02:22] ---------------------------------------------------------------------------------------------------
[2023-05-18 11:02:22] | epoch   2 | time: 17.17s | training loss  0.92 |
[2023-05-18 11:02:25] | epoch   2 | time:  3.14s | cv loss  0.73 | cv accuracy:  0.73 |
[2023-05-18 11:02:25] ---------------------------------------------------------------------------------------------------
[2023-05-18 11:02:42] ---------------------------------------------------------------------------------------------------
[2023-05-18 11:02:42] | epoch   3 | time: 17.38s | training loss  0.46 |
[2023-05-18 11:02:46] | epoch   3 | time:  3.34s | cv loss  0.53 | cv accuracy:  0.78 |
[2023-05-18 11:02:46] ---------------------------------------------------------------------------------------------------
[2023-05-18 11:03:03] ---------------------------------------------------------------------------------------------------
[2023-05-18 11:03:03] | epoch   4 | time: 17.83s | training loss  0.25 |
[2023-05-18 11:03:07] | epoch   4 | time:  3.17s | cv loss  0.50 | cv accuracy:  0.77 |
[2023-05-18 11:03:07] ---------------------------------------------------------------------------------------------------
[2023-05-18 11:03:24] ---------------------------------------------------------------------------------------------------
[2023-05-18 11:03:24] | epoch   5 | time: 17.60s | training loss  0.15 |
[2023-05-18 11:03:27] | epoch   5 | time:  3.12s | cv loss  0.46 | cv accuracy:  0.78 |
[2023-05-18 11:03:27] ---------------------------------------------------------------------------------------------------
[2023-05-18 11:03:44] ---------------------------------------------------------------------------------------------------
[2023-05-18 11:03:44] | epoch   6 | time: 16.96s | training loss  0.09 |
[2023-05-18 11:03:48] | epoch   6 | time:  3.33s | cv loss  0.48 | cv accuracy:  0.78 |
[2023-05-18 11:03:48] ---------------------------------------------------------------------------------------------------
[2023-05-18 11:04:04] ---------------------------------------------------------------------------------------------------
[2023-05-18 11:04:04] | epoch   7 | time: 16.25s | training loss  0.06 |
[2023-05-18 11:04:07] | epoch   7 | time:  3.00s | cv loss  0.47 | cv accuracy:  0.80 |
[2023-05-18 11:04:07] ---------------------------------------------------------------------------------------------------
[2023-05-18 11:04:24] ---------------------------------------------------------------------------------------------------
[2023-05-18 11:04:24] | epoch   8 | time: 16.61s | training loss  0.04 |
[2023-05-18 11:04:27] | epoch   8 | time:  3.33s | cv loss  0.49 | cv accuracy:  0.80 |
[2023-05-18 11:04:27] ---------------------------------------------------------------------------------------------------
[2023-05-18 11:04:44] ---------------------------------------------------------------------------------------------------
[2023-05-18 11:04:44] | epoch   9 | time: 16.53s | training loss  0.03 |
[2023-05-18 11:04:46] | epoch   9 | time:  2.82s | cv loss  0.51 | cv accuracy:  0.80 |
[2023-05-18 11:04:46] ---------------------------------------------------------------------------------------------------
[2023-05-18 11:05:03] ---------------------------------------------------------------------------------------------------
[2023-05-18 11:05:03] | epoch  10 | time: 16.21s | training loss  0.02 |
[2023-05-18 11:05:06] | epoch  10 | time:  3.18s | cv loss  0.50 | cv accuracy:  0.80 |
[2023-05-18 11:05:06] ---------------------------------------------------------------------------------------------------
[2023-05-18 11:05:22] ---------------------------------------------------------------------------------------------------
[2023-05-18 11:05:22] | epoch  11 | time: 16.53s | training loss  0.02 |
[2023-05-18 11:05:25] | epoch  11 | time:  3.12s | cv loss  0.50 | cv accuracy:  0.79 |
[2023-05-18 11:05:25] ---------------------------------------------------------------------------------------------------
[2023-05-18 11:05:43] ---------------------------------------------------------------------------------------------------
[2023-05-18 11:05:43] | epoch  12 | time: 17.34s | training loss  0.02 |
[2023-05-18 11:05:46] | epoch  12 | time:  3.38s | cv loss  0.51 | cv accuracy:  0.80 |
[2023-05-18 11:05:46] ---------------------------------------------------------------------------------------------------
