[2023-05-15 15:19:19] Storing files in experiments/Crnn/2023-05-15_15-19-05_cf0e318cf2f011edbbd35cff35c18da5
[2023-05-15 15:19:19] batch_size: 64
[2023-05-15 15:19:19] data:
[2023-05-15 15:19:19]   augmentation_list:
[2023-05-15 15:19:19]   - time_shift
[2023-05-15 15:19:19]   - add_uniform_noise
[2023-05-15 15:19:19]   - add_gaussian_noise
[2023-05-15 15:19:19]   class_indice_file: data/metadata/class_label_indices.txt
[2023-05-15 15:19:19]   feature: data/dev/feature.csv
[2023-05-15 15:19:19]   label: data/dev/label.csv
[2023-05-15 15:19:19]   stratified: true
[2023-05-15 15:19:19] dataloader_args:
[2023-05-15 15:19:19]   batch_size: 64
[2023-05-15 15:19:19]   num_workers: 1
[2023-05-15 15:19:19] early_stop: 7
[2023-05-15 15:19:19] epochs: 100
[2023-05-15 15:19:19] loss: BceLoss
[2023-05-15 15:19:19] model:
[2023-05-15 15:19:19]   args:
[2023-05-15 15:19:19]     hidden_size: 128
[2023-05-15 15:19:19]   type: Crnn
[2023-05-15 15:19:19] num_workers: 2
[2023-05-15 15:19:19] optimizer:
[2023-05-15 15:19:19]   args:
[2023-05-15 15:19:19]     lr: 0.001
[2023-05-15 15:19:19]   type: AdamW
[2023-05-15 15:19:19] outputpath: experiments/
[2023-05-15 15:19:19] scheduler_args:
[2023-05-15 15:19:19]   factor: 0.1
[2023-05-15 15:19:19]   patience: 3
[2023-05-15 15:19:19] 
[2023-05-15 15:19:19] Running on device cuda
[2023-05-15 15:19:29] AdamW (
[2023-05-15 15:19:29] Parameter Group 0
[2023-05-15 15:19:29]     amsgrad: False
[2023-05-15 15:19:29]     betas: (0.9, 0.999)
[2023-05-15 15:19:29]     capturable: False
[2023-05-15 15:19:29]     eps: 1e-08
[2023-05-15 15:19:29]     foreach: None
[2023-05-15 15:19:29]     lr: 0.001
[2023-05-15 15:19:29]     maximize: False
[2023-05-15 15:19:29]     weight_decay: 0.01
[2023-05-15 15:19:29] )
[2023-05-15 15:19:29] Crnn(
[2023-05-15 15:19:29]   (bn): BatchNorm2d(1, eps=1e-05, momentum=0.1, affine=True, track_running_stats=True)
[2023-05-15 15:19:29]   (backbone): Sequential(
[2023-05-15 15:19:29]     (block1): Sequential(
[2023-05-15 15:19:29]       (0): Conv2d(1, 16, kernel_size=(2, 2), stride=(1, 1))
[2023-05-15 15:19:29]       (1): BatchNorm2d(16, eps=1e-05, momentum=0.1, affine=True, track_running_stats=True)
[2023-05-15 15:19:29]       (2): ReLU()
[2023-05-15 15:19:29]       (3): MaxPool2d(kernel_size=(2, 2), stride=(2, 2), padding=0, dilation=1, ceil_mode=False)
[2023-05-15 15:19:29]     )
[2023-05-15 15:19:29]     (block2): Sequential(
[2023-05-15 15:19:29]       (0): Conv2d(16, 32, kernel_size=(2, 2), stride=(1, 1))
[2023-05-15 15:19:29]       (1): BatchNorm2d(32, eps=1e-05, momentum=0.1, affine=True, track_running_stats=True)
[2023-05-15 15:19:29]       (2): ReLU()
[2023-05-15 15:19:29]       (3): MaxPool2d(kernel_size=(2, 2), stride=(2, 2), padding=0, dilation=1, ceil_mode=False)
[2023-05-15 15:19:29]     )
[2023-05-15 15:19:29]     (block3): Sequential(
[2023-05-15 15:19:29]       (0): Conv2d(32, 64, kernel_size=(1, 2), stride=(1, 1))
[2023-05-15 15:19:29]       (1): BatchNorm2d(64, eps=1e-05, momentum=0.1, affine=True, track_running_stats=True)
[2023-05-15 15:19:29]       (2): ReLU()
[2023-05-15 15:19:29]       (3): MaxPool2d(kernel_size=(1, 2), stride=(1, 2), padding=0, dilation=1, ceil_mode=False)
[2023-05-15 15:19:29]     )
[2023-05-15 15:19:29]     (block4): Sequential(
[2023-05-15 15:19:29]       (0): Conv2d(64, 128, kernel_size=(1, 2), stride=(1, 1))
[2023-05-15 15:19:29]       (1): BatchNorm2d(128, eps=1e-05, momentum=0.1, affine=True, track_running_stats=True)
[2023-05-15 15:19:29]       (2): ReLU()
[2023-05-15 15:19:29]       (3): MaxPool2d(kernel_size=(1, 2), stride=(1, 2), padding=0, dilation=1, ceil_mode=False)
[2023-05-15 15:19:29]     )
[2023-05-15 15:19:29]     (block5): Sequential(
[2023-05-15 15:19:29]       (0): Conv2d(128, 128, kernel_size=(1, 2), stride=(1, 1))
[2023-05-15 15:19:29]       (1): BatchNorm2d(128, eps=1e-05, momentum=0.1, affine=True, track_running_stats=True)
[2023-05-15 15:19:29]       (2): ReLU()
[2023-05-15 15:19:29]       (3): MaxPool2d(kernel_size=(1, 2), stride=(1, 2), padding=0, dilation=1, ceil_mode=False)
[2023-05-15 15:19:29]     )
[2023-05-15 15:19:29]   )
[2023-05-15 15:19:29]   (BiGRU): GRU(128, 128, batch_first=True, bidirectional=True)
[2023-05-15 15:19:29]   (avg): AvgPool2d(kernel_size=(1, 2), stride=(1, 2), padding=0)
[2023-05-15 15:19:29]   (fc): Linear(in_features=256, out_features=10, bias=True)
[2023-05-15 15:19:29] )
[2023-05-15 15:19:34] Epoch 1   training_loss: 0.38  val_loss: 0.33  precision: 0.23  recall: 0.03  f1: 0.05
[2023-05-15 15:19:37] Epoch 2   training_loss: 0.31  val_loss: 0.30  precision: 0.33  recall: 0.13  f1: 0.15
[2023-05-15 15:19:40] Epoch 3   training_loss: 0.27  val_loss: 0.35  precision: 0.24  recall: 0.16  f1: 0.15
[2023-05-15 15:19:44] Epoch 4   training_loss: 0.24  val_loss: 0.32  precision: 0.59  recall: 0.33  f1: 0.32
[2023-05-15 15:19:47] Epoch 5   training_loss: 0.22  val_loss: 0.35  precision: 0.60  recall: 0.33  f1: 0.35
[2023-05-15 15:19:50] Epoch 6   training_loss: 0.19  val_loss: 0.33  precision: 0.47  recall: 0.24  f1: 0.26
[2023-05-15 15:19:54] Epoch 7   training_loss: 0.17  val_loss: 0.20  precision: 0.77  recall: 0.44  f1: 0.54
[2023-05-15 15:19:57] Epoch 8   training_loss: 0.16  val_loss: 0.19  precision: 0.84  recall: 0.51  f1: 0.61
[2023-05-15 15:20:00] Epoch 9   training_loss: 0.16  val_loss: 0.18  precision: 0.82  recall: 0.51  f1: 0.61
[2023-05-15 15:20:04] Epoch 10   training_loss: 0.15  val_loss: 0.19  precision: 0.82  recall: 0.49  f1: 0.58
[2023-05-15 15:20:07] Epoch 11   training_loss: 0.15  val_loss: 0.18  precision: 0.84  recall: 0.55  f1: 0.64
[2023-05-15 15:20:10] Epoch 12   training_loss: 0.15  val_loss: 0.18  precision: 0.81  recall: 0.54  f1: 0.63
[2023-05-15 15:20:13] Epoch 13   training_loss: 0.14  val_loss: 0.18  precision: 0.80  recall: 0.54  f1: 0.63
[2023-05-15 15:20:16] Epoch 14   training_loss: 0.14  val_loss: 0.17  precision: 0.81  recall: 0.55  f1: 0.64
[2023-05-15 15:20:20] Epoch 15   training_loss: 0.14  val_loss: 0.17  precision: 0.79  recall: 0.56  f1: 0.64
[2023-05-15 15:20:23] Epoch 16   training_loss: 0.14  val_loss: 0.18  precision: 0.80  recall: 0.55  f1: 0.64
[2023-05-15 15:20:26] Epoch 17   training_loss: 0.13  val_loss: 0.17  precision: 0.77  recall: 0.57  f1: 0.64
[2023-05-15 15:20:30] Epoch 18   training_loss: 0.13  val_loss: 0.17  precision: 0.75  recall: 0.55  f1: 0.62
[2023-05-15 15:20:33] Epoch 19   training_loss: 0.13  val_loss: 0.19  precision: 0.75  recall: 0.57  f1: 0.63
[2023-05-15 15:20:36] Epoch 20   training_loss: 0.12  val_loss: 0.19  precision: 0.77  recall: 0.57  f1: 0.63
[2023-05-15 15:20:40] Epoch 21   training_loss: 0.12  val_loss: 0.18  precision: 0.77  recall: 0.59  f1: 0.65
[2023-05-15 15:20:43] Epoch 22   training_loss: 0.12  val_loss: 0.17  precision: 0.78  recall: 0.61  f1: 0.67
[2023-05-15 15:20:46] Epoch 23   training_loss: 0.12  val_loss: 0.17  precision: 0.76  recall: 0.59  f1: 0.65
[2023-05-15 15:20:49] Epoch 24   training_loss: 0.12  val_loss: 0.17  precision: 0.78  recall: 0.59  f1: 0.66
[2023-05-15 15:20:53] Epoch 25   training_loss: 0.11  val_loss: 0.17  precision: 0.80  recall: 0.62  f1: 0.69
[2023-05-15 15:20:56] Epoch 26   training_loss: 0.11  val_loss: 0.17  precision: 0.79  recall: 0.64  f1: 0.70
[2023-05-15 15:20:59] Epoch 27   training_loss: 0.11  val_loss: 0.16  precision: 0.80  recall: 0.63  f1: 0.70
[2023-05-15 15:21:02] Epoch 28   training_loss: 0.11  val_loss: 0.17  precision: 0.76  recall: 0.62  f1: 0.67
[2023-05-15 15:21:05] Epoch 29   training_loss: 0.10  val_loss: 0.17  precision: 0.79  recall: 0.62  f1: 0.69
[2023-05-15 15:21:09] Epoch 30   training_loss: 0.10  val_loss: 0.17  precision: 0.77  recall: 0.61  f1: 0.67
[2023-05-15 15:21:12] Epoch 31   training_loss: 0.10  val_loss: 0.17  precision: 0.82  recall: 0.63  f1: 0.70
[2023-05-15 15:21:15] Epoch 32   training_loss: 0.10  val_loss: 0.16  precision: 0.79  recall: 0.65  f1: 0.70
[2023-05-15 15:21:18] Epoch 33   training_loss: 0.09  val_loss: 0.16  precision: 0.77  recall: 0.65  f1: 0.70
[2023-05-15 15:21:21] Epoch 34   training_loss: 0.09  val_loss: 0.16  precision: 0.78  recall: 0.65  f1: 0.71
[2023-05-15 15:21:25] Epoch 35   training_loss: 0.09  val_loss: 0.16  precision: 0.78  recall: 0.65  f1: 0.70
[2023-05-15 15:21:28] Epoch 36   training_loss: 0.09  val_loss: 0.16  precision: 0.79  recall: 0.65  f1: 0.70
[2023-05-15 15:21:31] Epoch 37   training_loss: 0.09  val_loss: 0.16  precision: 0.79  recall: 0.65  f1: 0.71
[2023-05-15 15:21:34] Epoch 38   training_loss: 0.09  val_loss: 0.16  precision: 0.79  recall: 0.65  f1: 0.70
[2023-05-15 15:21:37] Epoch 39   training_loss: 0.09  val_loss: 0.16  precision: 0.79  recall: 0.65  f1: 0.71
[2023-05-15 15:21:40] Epoch 40   training_loss: 0.09  val_loss: 0.16  precision: 0.79  recall: 0.65  f1: 0.71
[2023-05-15 15:21:43] Epoch 41   training_loss: 0.09  val_loss: 0.16  precision: 0.79  recall: 0.65  f1: 0.70
