[2023-05-15 16:02:25] Storing files in experiments/Crnn/2023-05-15_16-02-05_d3fb273af2f611edad465cff35c18da5
[2023-05-15 16:02:25] batch_size: 64
[2023-05-15 16:02:25] data:
[2023-05-15 16:02:25]   augmentation_list:
[2023-05-15 16:02:25]   - mix_audio
[2023-05-15 16:02:25]   class_indice_file: data/metadata/class_label_indices.txt
[2023-05-15 16:02:25]   feature: data/dev/feature.csv
[2023-05-15 16:02:25]   label: data/dev/label.csv
[2023-05-15 16:02:25]   stratified: true
[2023-05-15 16:02:25] dataloader_args:
[2023-05-15 16:02:25]   batch_size: 64
[2023-05-15 16:02:25]   num_workers: 1
[2023-05-15 16:02:25] early_stop: 7
[2023-05-15 16:02:25] epochs: 100
[2023-05-15 16:02:25] loss: BceLoss
[2023-05-15 16:02:25] model:
[2023-05-15 16:02:25]   args:
[2023-05-15 16:02:25]     hidden_size: 128
[2023-05-15 16:02:25]   type: Crnn
[2023-05-15 16:02:25] num_workers: 2
[2023-05-15 16:02:25] optimizer:
[2023-05-15 16:02:25]   args:
[2023-05-15 16:02:25]     lr: 0.001
[2023-05-15 16:02:25]   type: AdamW
[2023-05-15 16:02:25] outputpath: experiments/
[2023-05-15 16:02:25] scheduler_args:
[2023-05-15 16:02:25]   factor: 0.1
[2023-05-15 16:02:25]   patience: 3
[2023-05-15 16:02:25] 
[2023-05-15 16:02:25] Running on device cuda
[2023-05-15 16:02:31] AdamW (
[2023-05-15 16:02:31] Parameter Group 0
[2023-05-15 16:02:31]     amsgrad: False
[2023-05-15 16:02:31]     betas: (0.9, 0.999)
[2023-05-15 16:02:31]     capturable: False
[2023-05-15 16:02:31]     eps: 1e-08
[2023-05-15 16:02:31]     foreach: None
[2023-05-15 16:02:31]     lr: 0.001
[2023-05-15 16:02:31]     maximize: False
[2023-05-15 16:02:31]     weight_decay: 0.01
[2023-05-15 16:02:31] )
[2023-05-15 16:02:31] Crnn(
[2023-05-15 16:02:31]   (bn): BatchNorm2d(1, eps=1e-05, momentum=0.1, affine=True, track_running_stats=True)
[2023-05-15 16:02:31]   (backbone): Sequential(
[2023-05-15 16:02:31]     (block1): Sequential(
[2023-05-15 16:02:31]       (0): Conv2d(1, 16, kernel_size=(2, 2), stride=(1, 1))
[2023-05-15 16:02:31]       (1): BatchNorm2d(16, eps=1e-05, momentum=0.1, affine=True, track_running_stats=True)
[2023-05-15 16:02:31]       (2): ReLU()
[2023-05-15 16:02:31]       (3): MaxPool2d(kernel_size=(2, 2), stride=(2, 2), padding=0, dilation=1, ceil_mode=False)
[2023-05-15 16:02:31]     )
[2023-05-15 16:02:31]     (block2): Sequential(
[2023-05-15 16:02:31]       (0): Conv2d(16, 32, kernel_size=(2, 2), stride=(1, 1))
[2023-05-15 16:02:31]       (1): BatchNorm2d(32, eps=1e-05, momentum=0.1, affine=True, track_running_stats=True)
[2023-05-15 16:02:31]       (2): ReLU()
[2023-05-15 16:02:31]       (3): MaxPool2d(kernel_size=(2, 2), stride=(2, 2), padding=0, dilation=1, ceil_mode=False)
[2023-05-15 16:02:31]     )
[2023-05-15 16:02:31]     (block3): Sequential(
[2023-05-15 16:02:31]       (0): Conv2d(32, 64, kernel_size=(1, 2), stride=(1, 1))
[2023-05-15 16:02:31]       (1): BatchNorm2d(64, eps=1e-05, momentum=0.1, affine=True, track_running_stats=True)
[2023-05-15 16:02:31]       (2): ReLU()
[2023-05-15 16:02:31]       (3): MaxPool2d(kernel_size=(1, 2), stride=(1, 2), padding=0, dilation=1, ceil_mode=False)
[2023-05-15 16:02:31]     )
[2023-05-15 16:02:31]     (block4): Sequential(
[2023-05-15 16:02:31]       (0): Conv2d(64, 128, kernel_size=(1, 2), stride=(1, 1))
[2023-05-15 16:02:31]       (1): BatchNorm2d(128, eps=1e-05, momentum=0.1, affine=True, track_running_stats=True)
[2023-05-15 16:02:31]       (2): ReLU()
[2023-05-15 16:02:31]       (3): MaxPool2d(kernel_size=(1, 2), stride=(1, 2), padding=0, dilation=1, ceil_mode=False)
[2023-05-15 16:02:31]     )
[2023-05-15 16:02:31]     (block5): Sequential(
[2023-05-15 16:02:31]       (0): Conv2d(128, 128, kernel_size=(1, 2), stride=(1, 1))
[2023-05-15 16:02:31]       (1): BatchNorm2d(128, eps=1e-05, momentum=0.1, affine=True, track_running_stats=True)
[2023-05-15 16:02:31]       (2): ReLU()
[2023-05-15 16:02:31]       (3): MaxPool2d(kernel_size=(1, 2), stride=(1, 2), padding=0, dilation=1, ceil_mode=False)
[2023-05-15 16:02:31]     )
[2023-05-15 16:02:31]   )
[2023-05-15 16:02:31]   (BiGRU): GRU(128, 128, batch_first=True, bidirectional=True)
[2023-05-15 16:02:31]   (avg): AvgPool2d(kernel_size=(1, 2), stride=(1, 2), padding=0)
[2023-05-15 16:02:31]   (fc): Linear(in_features=256, out_features=10, bias=True)
[2023-05-15 16:02:31] )
[2023-05-15 16:02:36] Epoch 1   training_loss: 0.38  val_loss: 0.32  precision: 0.23  recall: 0.06  f1: 0.09
[2023-05-15 16:02:39] Epoch 2   training_loss: 0.30  val_loss: 0.28  precision: 0.34  recall: 0.19  f1: 0.24
[2023-05-15 16:02:42] Epoch 3   training_loss: 0.26  val_loss: 0.24  precision: 0.73  recall: 0.34  f1: 0.42
[2023-05-15 16:02:45] Epoch 4   training_loss: 0.23  val_loss: 0.27  precision: 0.66  recall: 0.40  f1: 0.45
[2023-05-15 16:02:49] Epoch 5   training_loss: 0.22  val_loss: 0.27  precision: 0.59  recall: 0.47  f1: 0.50
[2023-05-15 16:02:52] Epoch 6   training_loss: 0.20  val_loss: 0.22  precision: 0.66  recall: 0.44  f1: 0.50
[2023-05-15 16:02:55] Epoch 7   training_loss: 0.19  val_loss: 0.23  precision: 0.67  recall: 0.53  f1: 0.58
[2023-05-15 16:02:58] Epoch 8   training_loss: 0.17  val_loss: 0.25  precision: 0.56  recall: 0.54  f1: 0.51
[2023-05-15 16:03:01] Epoch 9   training_loss: 0.16  val_loss: 0.24  precision: 0.71  recall: 0.60  f1: 0.59
[2023-05-15 16:03:05] Epoch 10   training_loss: 0.15  val_loss: 0.27  precision: 0.65  recall: 0.61  f1: 0.59
[2023-05-15 16:03:08] Epoch 11   training_loss: 0.14  val_loss: 0.16  precision: 0.79  recall: 0.70  f1: 0.73
[2023-05-15 16:03:11] Epoch 12   training_loss: 0.13  val_loss: 0.17  precision: 0.79  recall: 0.69  f1: 0.72
[2023-05-15 16:03:14] Epoch 13   training_loss: 0.13  val_loss: 0.17  precision: 0.78  recall: 0.68  f1: 0.71
[2023-05-15 16:03:18] Epoch 14   training_loss: 0.13  val_loss: 0.16  precision: 0.79  recall: 0.69  f1: 0.73
[2023-05-15 16:03:21] Epoch 15   training_loss: 0.12  val_loss: 0.16  precision: 0.80  recall: 0.68  f1: 0.73
[2023-05-15 16:03:24] Epoch 16   training_loss: 0.12  val_loss: 0.17  precision: 0.80  recall: 0.69  f1: 0.73
[2023-05-15 16:03:28] Epoch 17   training_loss: 0.12  val_loss: 0.17  precision: 0.78  recall: 0.69  f1: 0.72
[2023-05-15 16:03:31] Epoch 18   training_loss: 0.12  val_loss: 0.17  precision: 0.79  recall: 0.68  f1: 0.72
[2023-05-15 16:03:34] Epoch 19   training_loss: 0.12  val_loss: 0.17  precision: 0.79  recall: 0.70  f1: 0.74
[2023-05-15 16:03:37] Epoch 20   training_loss: 0.12  val_loss: 0.17  precision: 0.79  recall: 0.71  f1: 0.74
[2023-05-15 16:03:40] Epoch 21   training_loss: 0.12  val_loss: 0.17  precision: 0.79  recall: 0.71  f1: 0.74
