[2023-05-15 10:53:43] Storing files in experiments/Crnn/2023-05-15_10-53-05_b3f95310f2cb11eda6c35cff35c18da5
[2023-05-15 10:53:43] batch_size: 64
[2023-05-15 10:53:43] data:
[2023-05-15 10:53:43]   augmentation_list:
[2023-05-15 10:53:43]   - time_mask
[2023-05-15 10:53:43]   class_indice_file: data/metadata/class_label_indices.txt
[2023-05-15 10:53:43]   feature: data/dev/feature.csv
[2023-05-15 10:53:43]   label: data/dev/label.csv
[2023-05-15 10:53:43]   stratified: true
[2023-05-15 10:53:43] dataloader_args:
[2023-05-15 10:53:43]   batch_size: 64
[2023-05-15 10:53:43]   num_workers: 1
[2023-05-15 10:53:43] early_stop: 7
[2023-05-15 10:53:43] epochs: 100
[2023-05-15 10:53:43] loss: BceLoss
[2023-05-15 10:53:43] model:
[2023-05-15 10:53:43]   args:
[2023-05-15 10:53:43]     hidden_size: 128
[2023-05-15 10:53:43]   type: Crnn
[2023-05-15 10:53:43] num_workers: 2
[2023-05-15 10:53:43] optimizer:
[2023-05-15 10:53:43]   args:
[2023-05-15 10:53:43]     lr: 0.001
[2023-05-15 10:53:43]   type: AdamW
[2023-05-15 10:53:43] outputpath: experiments/
[2023-05-15 10:53:43] scheduler_args:
[2023-05-15 10:53:43]   factor: 0.1
[2023-05-15 10:53:43]   patience: 3
[2023-05-15 10:53:43] 
[2023-05-15 10:53:43] Running on device cuda
[2023-05-15 10:53:48] AdamW (
[2023-05-15 10:53:48] Parameter Group 0
[2023-05-15 10:53:48]     amsgrad: False
[2023-05-15 10:53:48]     betas: (0.9, 0.999)
[2023-05-15 10:53:48]     capturable: False
[2023-05-15 10:53:48]     eps: 1e-08
[2023-05-15 10:53:48]     foreach: None
[2023-05-15 10:53:48]     lr: 0.001
[2023-05-15 10:53:48]     maximize: False
[2023-05-15 10:53:48]     weight_decay: 0.01
[2023-05-15 10:53:48] )
[2023-05-15 10:53:48] Crnn(
[2023-05-15 10:53:48]   (bn): BatchNorm2d(1, eps=1e-05, momentum=0.1, affine=True, track_running_stats=True)
[2023-05-15 10:53:48]   (backbone): Sequential(
[2023-05-15 10:53:48]     (block1): Sequential(
[2023-05-15 10:53:48]       (0): Conv2d(1, 16, kernel_size=(2, 2), stride=(1, 1))
[2023-05-15 10:53:48]       (1): BatchNorm2d(16, eps=1e-05, momentum=0.1, affine=True, track_running_stats=True)
[2023-05-15 10:53:48]       (2): ReLU()
[2023-05-15 10:53:48]       (3): MaxPool2d(kernel_size=(2, 2), stride=(2, 2), padding=0, dilation=1, ceil_mode=False)
[2023-05-15 10:53:48]     )
[2023-05-15 10:53:48]     (block2): Sequential(
[2023-05-15 10:53:48]       (0): Conv2d(16, 32, kernel_size=(2, 2), stride=(1, 1))
[2023-05-15 10:53:48]       (1): BatchNorm2d(32, eps=1e-05, momentum=0.1, affine=True, track_running_stats=True)
[2023-05-15 10:53:48]       (2): ReLU()
[2023-05-15 10:53:48]       (3): MaxPool2d(kernel_size=(2, 2), stride=(2, 2), padding=0, dilation=1, ceil_mode=False)
[2023-05-15 10:53:48]     )
[2023-05-15 10:53:48]     (block3): Sequential(
[2023-05-15 10:53:48]       (0): Conv2d(32, 64, kernel_size=(1, 2), stride=(1, 1))
[2023-05-15 10:53:48]       (1): BatchNorm2d(64, eps=1e-05, momentum=0.1, affine=True, track_running_stats=True)
[2023-05-15 10:53:48]       (2): ReLU()
[2023-05-15 10:53:48]       (3): MaxPool2d(kernel_size=(1, 2), stride=(1, 2), padding=0, dilation=1, ceil_mode=False)
[2023-05-15 10:53:48]     )
[2023-05-15 10:53:48]     (block4): Sequential(
[2023-05-15 10:53:48]       (0): Conv2d(64, 128, kernel_size=(1, 2), stride=(1, 1))
[2023-05-15 10:53:48]       (1): BatchNorm2d(128, eps=1e-05, momentum=0.1, affine=True, track_running_stats=True)
[2023-05-15 10:53:48]       (2): ReLU()
[2023-05-15 10:53:48]       (3): MaxPool2d(kernel_size=(1, 2), stride=(1, 2), padding=0, dilation=1, ceil_mode=False)
[2023-05-15 10:53:48]     )
[2023-05-15 10:53:48]     (block5): Sequential(
[2023-05-15 10:53:48]       (0): Conv2d(128, 128, kernel_size=(1, 2), stride=(1, 1))
[2023-05-15 10:53:48]       (1): BatchNorm2d(128, eps=1e-05, momentum=0.1, affine=True, track_running_stats=True)
[2023-05-15 10:53:48]       (2): ReLU()
[2023-05-15 10:53:48]       (3): MaxPool2d(kernel_size=(1, 2), stride=(1, 2), padding=0, dilation=1, ceil_mode=False)
[2023-05-15 10:53:48]     )
[2023-05-15 10:53:48]   )
[2023-05-15 10:53:48]   (BiGRU): GRU(128, 128, batch_first=True, bidirectional=True)
[2023-05-15 10:53:48]   (avg): AvgPool2d(kernel_size=(1, 2), stride=(1, 2), padding=0)
[2023-05-15 10:53:48]   (fc): Linear(in_features=256, out_features=10, bias=True)
[2023-05-15 10:53:48] )
[2023-05-15 10:53:53] Epoch 1   training_loss: 0.37  val_loss: 0.33  precision: 0.29  recall: 0.06  f1: 0.08
[2023-05-15 10:53:56] Epoch 2   training_loss: 0.28  val_loss: 0.26  precision: 0.51  recall: 0.23  f1: 0.29
[2023-05-15 10:53:59] Epoch 3   training_loss: 0.23  val_loss: 0.27  precision: 0.70  recall: 0.28  f1: 0.33
[2023-05-15 10:54:02] Epoch 4   training_loss: 0.20  val_loss: 0.25  precision: 0.74  recall: 0.44  f1: 0.49
[2023-05-15 10:54:06] Epoch 5   training_loss: 0.17  val_loss: 0.19  precision: 0.75  recall: 0.51  f1: 0.58
[2023-05-15 10:54:09] Epoch 6   training_loss: 0.15  val_loss: 0.19  precision: 0.70  recall: 0.58  f1: 0.62
[2023-05-15 10:54:12] Epoch 7   training_loss: 0.14  val_loss: 0.25  precision: 0.67  recall: 0.55  f1: 0.58
[2023-05-15 10:54:15] Epoch 8   training_loss: 0.12  val_loss: 0.22  precision: 0.74  recall: 0.58  f1: 0.60
[2023-05-15 10:54:18] Epoch 9   training_loss: 0.11  val_loss: 0.21  precision: 0.78  recall: 0.66  f1: 0.68
[2023-05-15 10:54:21] Epoch 10   training_loss: 0.10  val_loss: 0.19  precision: 0.76  recall: 0.70  f1: 0.70
[2023-05-15 10:54:24] Epoch 11   training_loss: 0.07  val_loss: 0.17  precision: 0.81  recall: 0.68  f1: 0.73
[2023-05-15 10:54:27] Epoch 12   training_loss: 0.07  val_loss: 0.17  precision: 0.80  recall: 0.69  f1: 0.73
[2023-05-15 10:54:30] Epoch 13   training_loss: 0.06  val_loss: 0.17  precision: 0.77  recall: 0.70  f1: 0.72
[2023-05-15 10:54:33] Epoch 14   training_loss: 0.06  val_loss: 0.16  precision: 0.80  recall: 0.71  f1: 0.75
[2023-05-15 10:54:37] Epoch 15   training_loss: 0.06  val_loss: 0.16  precision: 0.82  recall: 0.71  f1: 0.76
[2023-05-15 10:54:40] Epoch 16   training_loss: 0.06  val_loss: 0.17  precision: 0.76  recall: 0.69  f1: 0.71
[2023-05-15 10:54:43] Epoch 17   training_loss: 0.06  val_loss: 0.17  precision: 0.77  recall: 0.70  f1: 0.73
[2023-05-15 10:54:46] Epoch 18   training_loss: 0.05  val_loss: 0.17  precision: 0.78  recall: 0.71  f1: 0.74
[2023-05-15 10:54:49] Epoch 19   training_loss: 0.05  val_loss: 0.17  precision: 0.79  recall: 0.70  f1: 0.74
[2023-05-15 10:54:52] Epoch 20   training_loss: 0.05  val_loss: 0.17  precision: 0.79  recall: 0.71  f1: 0.74
[2023-05-15 10:54:55] Epoch 21   training_loss: 0.05  val_loss: 0.17  precision: 0.78  recall: 0.71  f1: 0.74
