[2023-05-16 11:23:07] Storing files in experiments/Crnn/2023-05-16_11-23-05_f9e919c8f39811ed86485cff35c18da5
[2023-05-16 11:23:07] batch_size: 64
[2023-05-16 11:23:07] data:
[2023-05-16 11:23:07]   audio_mix_ratio: 0.8
[2023-05-16 11:23:07]   augment_ratio: 1.0
[2023-05-16 11:23:07]   augment_type: random
[2023-05-16 11:23:07]   augmentation_list:
[2023-05-16 11:23:07]   - mix_audio
[2023-05-16 11:23:07]   - time_shift
[2023-05-16 11:23:07]   class_indice_file: data/metadata/class_label_indices.txt
[2023-05-16 11:23:07]   feature: data/dev/feature.csv
[2023-05-16 11:23:07]   label: data/dev/label.csv
[2023-05-16 11:23:07]   stratified: true
[2023-05-16 11:23:07] dataloader_args:
[2023-05-16 11:23:07]   batch_size: 64
[2023-05-16 11:23:07]   num_workers: 1
[2023-05-16 11:23:07] early_stop: 7
[2023-05-16 11:23:07] epochs: 100
[2023-05-16 11:23:07] loss: BceLoss
[2023-05-16 11:23:07] model:
[2023-05-16 11:23:07]   args:
[2023-05-16 11:23:07]     hidden_size: 128
[2023-05-16 11:23:07]   type: Crnn
[2023-05-16 11:23:07] num_workers: 2
[2023-05-16 11:23:07] optimizer:
[2023-05-16 11:23:07]   args:
[2023-05-16 11:23:07]     lr: 0.001
[2023-05-16 11:23:07]   type: AdamW
[2023-05-16 11:23:07] outputpath: experiments/
[2023-05-16 11:23:07] scheduler_args:
[2023-05-16 11:23:07]   factor: 0.1
[2023-05-16 11:23:07]   patience: 3
[2023-05-16 11:23:07] 
[2023-05-16 11:23:07] Running on device cuda
[2023-05-16 11:23:12] AdamW (
[2023-05-16 11:23:12] Parameter Group 0
[2023-05-16 11:23:12]     amsgrad: False
[2023-05-16 11:23:12]     betas: (0.9, 0.999)
[2023-05-16 11:23:12]     capturable: False
[2023-05-16 11:23:12]     eps: 1e-08
[2023-05-16 11:23:12]     foreach: None
[2023-05-16 11:23:12]     lr: 0.001
[2023-05-16 11:23:12]     maximize: False
[2023-05-16 11:23:12]     weight_decay: 0.01
[2023-05-16 11:23:12] )
[2023-05-16 11:23:12] Crnn(
[2023-05-16 11:23:12]   (bn): BatchNorm2d(1, eps=1e-05, momentum=0.1, affine=True, track_running_stats=True)
[2023-05-16 11:23:12]   (backbone): Sequential(
[2023-05-16 11:23:12]     (block1): Sequential(
[2023-05-16 11:23:12]       (0): Conv2d(1, 16, kernel_size=(2, 2), stride=(1, 1))
[2023-05-16 11:23:12]       (1): BatchNorm2d(16, eps=1e-05, momentum=0.1, affine=True, track_running_stats=True)
[2023-05-16 11:23:12]       (2): ReLU()
[2023-05-16 11:23:12]       (3): MaxPool2d(kernel_size=(2, 2), stride=(2, 2), padding=0, dilation=1, ceil_mode=False)
[2023-05-16 11:23:12]     )
[2023-05-16 11:23:12]     (block2): Sequential(
[2023-05-16 11:23:12]       (0): Conv2d(16, 32, kernel_size=(2, 2), stride=(1, 1))
[2023-05-16 11:23:12]       (1): BatchNorm2d(32, eps=1e-05, momentum=0.1, affine=True, track_running_stats=True)
[2023-05-16 11:23:12]       (2): ReLU()
[2023-05-16 11:23:12]       (3): MaxPool2d(kernel_size=(2, 2), stride=(2, 2), padding=0, dilation=1, ceil_mode=False)
[2023-05-16 11:23:12]     )
[2023-05-16 11:23:12]     (block3): Sequential(
[2023-05-16 11:23:12]       (0): Conv2d(32, 64, kernel_size=(1, 2), stride=(1, 1))
[2023-05-16 11:23:12]       (1): BatchNorm2d(64, eps=1e-05, momentum=0.1, affine=True, track_running_stats=True)
[2023-05-16 11:23:12]       (2): ReLU()
[2023-05-16 11:23:12]       (3): MaxPool2d(kernel_size=(1, 2), stride=(1, 2), padding=0, dilation=1, ceil_mode=False)
[2023-05-16 11:23:12]     )
[2023-05-16 11:23:12]     (block4): Sequential(
[2023-05-16 11:23:12]       (0): Conv2d(64, 128, kernel_size=(1, 2), stride=(1, 1))
[2023-05-16 11:23:12]       (1): BatchNorm2d(128, eps=1e-05, momentum=0.1, affine=True, track_running_stats=True)
[2023-05-16 11:23:12]       (2): ReLU()
[2023-05-16 11:23:12]       (3): MaxPool2d(kernel_size=(1, 2), stride=(1, 2), padding=0, dilation=1, ceil_mode=False)
[2023-05-16 11:23:12]     )
[2023-05-16 11:23:12]     (block5): Sequential(
[2023-05-16 11:23:12]       (0): Conv2d(128, 128, kernel_size=(1, 2), stride=(1, 1))
[2023-05-16 11:23:12]       (1): BatchNorm2d(128, eps=1e-05, momentum=0.1, affine=True, track_running_stats=True)
[2023-05-16 11:23:12]       (2): ReLU()
[2023-05-16 11:23:12]       (3): MaxPool2d(kernel_size=(1, 2), stride=(1, 2), padding=0, dilation=1, ceil_mode=False)
[2023-05-16 11:23:12]     )
[2023-05-16 11:23:12]   )
[2023-05-16 11:23:12]   (BiGRU): GRU(128, 128, batch_first=True, bidirectional=True)
[2023-05-16 11:23:12]   (avg): AvgPool2d(kernel_size=(1, 2), stride=(1, 2), padding=0)
[2023-05-16 11:23:12]   (fc): Linear(in_features=256, out_features=10, bias=True)
[2023-05-16 11:23:12] )
[2023-05-16 11:23:16] Epoch 1   training_loss: 0.39  val_loss: 0.33  precision: 0.15  recall: 0.03  f1: 0.04
[2023-05-16 11:23:19] Epoch 2   training_loss: 0.32  val_loss: 0.29  precision: 0.40  recall: 0.13  f1: 0.18
[2023-05-16 11:23:22] Epoch 3   training_loss: 0.28  val_loss: 0.38  precision: 0.22  recall: 0.16  f1: 0.15
[2023-05-16 11:23:25] Epoch 4   training_loss: 0.25  val_loss: 0.25  precision: 0.80  recall: 0.34  f1: 0.41
[2023-05-16 11:23:28] Epoch 5   training_loss: 0.23  val_loss: 0.23  precision: 0.74  recall: 0.37  f1: 0.44
[2023-05-16 11:23:30] Epoch 6   training_loss: 0.21  val_loss: 0.26  precision: 0.61  recall: 0.34  f1: 0.40
[2023-05-16 11:23:33] Epoch 7   training_loss: 0.19  val_loss: 0.18  precision: 0.85  recall: 0.56  f1: 0.65
[2023-05-16 11:23:37] Epoch 8   training_loss: 0.18  val_loss: 0.24  precision: 0.75  recall: 0.44  f1: 0.51
[2023-05-16 11:23:39] Epoch 9   training_loss: 0.17  val_loss: 0.22  precision: 0.71  recall: 0.57  f1: 0.58
[2023-05-16 11:23:43] Epoch 10   training_loss: 0.16  val_loss: 0.20  precision: 0.79  recall: 0.62  f1: 0.67
[2023-05-16 11:23:46] Epoch 11   training_loss: 0.14  val_loss: 0.30  precision: 0.53  recall: 0.41  f1: 0.42
[2023-05-16 11:23:49] Epoch 12   training_loss: 0.13  val_loss: 0.16  precision: 0.80  recall: 0.70  f1: 0.74
[2023-05-16 11:23:52] Epoch 13   training_loss: 0.12  val_loss: 0.16  precision: 0.83  recall: 0.71  f1: 0.76
[2023-05-16 11:23:55] Epoch 14   training_loss: 0.12  val_loss: 0.15  precision: 0.81  recall: 0.71  f1: 0.75
[2023-05-16 11:23:59] Epoch 15   training_loss: 0.11  val_loss: 0.16  precision: 0.81  recall: 0.70  f1: 0.75
[2023-05-16 11:24:02] Epoch 16   training_loss: 0.11  val_loss: 0.15  precision: 0.83  recall: 0.73  f1: 0.77
[2023-05-16 11:24:05] Epoch 17   training_loss: 0.11  val_loss: 0.16  precision: 0.80  recall: 0.70  f1: 0.74
[2023-05-16 11:24:08] Epoch 18   training_loss: 0.11  val_loss: 0.16  precision: 0.83  recall: 0.71  f1: 0.76
[2023-05-16 11:24:12] Epoch 19   training_loss: 0.11  val_loss: 0.16  precision: 0.80  recall: 0.70  f1: 0.73
[2023-05-16 11:24:14] Epoch 20   training_loss: 0.10  val_loss: 0.16  precision: 0.80  recall: 0.70  f1: 0.74
[2023-05-16 11:24:17] Epoch 21   training_loss: 0.10  val_loss: 0.16  precision: 0.79  recall: 0.69  f1: 0.74
[2023-05-16 11:24:21] Epoch 22   training_loss: 0.10  val_loss: 0.16  precision: 0.81  recall: 0.71  f1: 0.75
[2023-05-16 11:24:24] Epoch 23   training_loss: 0.10  val_loss: 0.16  precision: 0.80  recall: 0.72  f1: 0.75
