[2023-05-15 13:49:39] Storing files in experiments/Crnn/2023-05-15_13-49-05_47db4d46f2e411ed9e0b5cff35c18da5
[2023-05-15 13:49:39] batch_size: 64
[2023-05-15 13:49:39] data:
[2023-05-15 13:49:39]   augmentation_list: []
[2023-05-15 13:49:39]   class_indice_file: data/metadata/class_label_indices.txt
[2023-05-15 13:49:39]   feature: data/dev/feature.csv
[2023-05-15 13:49:39]   label: data/dev/label.csv
[2023-05-15 13:49:39]   stratified: true
[2023-05-15 13:49:39] dataloader_args:
[2023-05-15 13:49:39]   batch_size: 64
[2023-05-15 13:49:39]   num_workers: 1
[2023-05-15 13:49:39] early_stop: 7
[2023-05-15 13:49:39] epochs: 100
[2023-05-15 13:49:39] loss: BceLoss
[2023-05-15 13:49:39] model:
[2023-05-15 13:49:39]   args:
[2023-05-15 13:49:39]     hidden_size: 128
[2023-05-15 13:49:39]   type: Crnn
[2023-05-15 13:49:39] num_workers: 2
[2023-05-15 13:49:39] optimizer:
[2023-05-15 13:49:39]   args:
[2023-05-15 13:49:39]     lr: 0.001
[2023-05-15 13:49:39]   type: AdamW
[2023-05-15 13:49:39] outputpath: experiments/
[2023-05-15 13:49:39] scheduler_args:
[2023-05-15 13:49:39]   factor: 0.1
[2023-05-15 13:49:39]   patience: 3
[2023-05-15 13:49:39] 
[2023-05-15 13:49:39] Running on device cuda
[2023-05-15 13:49:43] AdamW (
[2023-05-15 13:49:43] Parameter Group 0
[2023-05-15 13:49:43]     amsgrad: False
[2023-05-15 13:49:43]     betas: (0.9, 0.999)
[2023-05-15 13:49:43]     capturable: False
[2023-05-15 13:49:43]     eps: 1e-08
[2023-05-15 13:49:43]     foreach: None
[2023-05-15 13:49:43]     lr: 0.001
[2023-05-15 13:49:43]     maximize: False
[2023-05-15 13:49:43]     weight_decay: 0.01
[2023-05-15 13:49:43] )
[2023-05-15 13:49:43] Crnn(
[2023-05-15 13:49:43]   (bn): BatchNorm2d(1, eps=1e-05, momentum=0.1, affine=True, track_running_stats=True)
[2023-05-15 13:49:43]   (backbone): Sequential(
[2023-05-15 13:49:43]     (block1): Sequential(
[2023-05-15 13:49:43]       (0): Conv2d(1, 16, kernel_size=(2, 2), stride=(1, 1))
[2023-05-15 13:49:43]       (1): BatchNorm2d(16, eps=1e-05, momentum=0.1, affine=True, track_running_stats=True)
[2023-05-15 13:49:43]       (2): ReLU()
[2023-05-15 13:49:43]       (3): MaxPool2d(kernel_size=(2, 2), stride=(2, 2), padding=0, dilation=1, ceil_mode=False)
[2023-05-15 13:49:43]     )
[2023-05-15 13:49:43]     (block2): Sequential(
[2023-05-15 13:49:43]       (0): Conv2d(16, 32, kernel_size=(2, 2), stride=(1, 1))
[2023-05-15 13:49:43]       (1): BatchNorm2d(32, eps=1e-05, momentum=0.1, affine=True, track_running_stats=True)
[2023-05-15 13:49:43]       (2): ReLU()
[2023-05-15 13:49:43]       (3): MaxPool2d(kernel_size=(2, 2), stride=(2, 2), padding=0, dilation=1, ceil_mode=False)
[2023-05-15 13:49:43]     )
[2023-05-15 13:49:43]     (block3): Sequential(
[2023-05-15 13:49:43]       (0): Conv2d(32, 64, kernel_size=(1, 2), stride=(1, 1))
[2023-05-15 13:49:43]       (1): BatchNorm2d(64, eps=1e-05, momentum=0.1, affine=True, track_running_stats=True)
[2023-05-15 13:49:43]       (2): ReLU()
[2023-05-15 13:49:43]       (3): MaxPool2d(kernel_size=(1, 2), stride=(1, 2), padding=0, dilation=1, ceil_mode=False)
[2023-05-15 13:49:43]     )
[2023-05-15 13:49:43]     (block4): Sequential(
[2023-05-15 13:49:43]       (0): Conv2d(64, 128, kernel_size=(1, 2), stride=(1, 1))
[2023-05-15 13:49:43]       (1): BatchNorm2d(128, eps=1e-05, momentum=0.1, affine=True, track_running_stats=True)
[2023-05-15 13:49:43]       (2): ReLU()
[2023-05-15 13:49:43]       (3): MaxPool2d(kernel_size=(1, 2), stride=(1, 2), padding=0, dilation=1, ceil_mode=False)
[2023-05-15 13:49:43]     )
[2023-05-15 13:49:43]     (block5): Sequential(
[2023-05-15 13:49:43]       (0): Conv2d(128, 128, kernel_size=(1, 2), stride=(1, 1))
[2023-05-15 13:49:43]       (1): BatchNorm2d(128, eps=1e-05, momentum=0.1, affine=True, track_running_stats=True)
[2023-05-15 13:49:43]       (2): ReLU()
[2023-05-15 13:49:43]       (3): MaxPool2d(kernel_size=(1, 2), stride=(1, 2), padding=0, dilation=1, ceil_mode=False)
[2023-05-15 13:49:43]     )
[2023-05-15 13:49:43]   )
[2023-05-15 13:49:43]   (BiGRU): GRU(128, 128, batch_first=True, bidirectional=True)
[2023-05-15 13:49:43]   (avg): AvgPool2d(kernel_size=(1, 2), stride=(1, 2), padding=0)
[2023-05-15 13:49:43]   (fc): Linear(in_features=256, out_features=10, bias=True)
[2023-05-15 13:49:43] )
[2023-05-15 13:49:48] Epoch 1   training_loss: 0.41  val_loss: 0.36  precision: 0.00  recall: 0.00  f1: 0.00
[2023-05-15 13:49:50] Epoch 2   training_loss: 0.32  val_loss: 0.32  precision: 0.25  recall: 0.06  f1: 0.09
[2023-05-15 13:49:52] Epoch 3   training_loss: 0.29  val_loss: 0.29  precision: 0.26  recall: 0.12  f1: 0.16
[2023-05-15 13:49:54] Epoch 4   training_loss: 0.26  val_loss: 0.32  precision: 0.32  recall: 0.21  f1: 0.23
[2023-05-15 13:49:56] Epoch 5   training_loss: 0.24  val_loss: 0.25  precision: 0.47  recall: 0.24  f1: 0.29
[2023-05-15 13:49:57] Epoch 6   training_loss: 0.22  val_loss: 0.38  precision: 0.42  recall: 0.30  f1: 0.32
[2023-05-15 13:49:59] Epoch 7   training_loss: 0.21  val_loss: 0.26  precision: 0.54  recall: 0.35  f1: 0.37
[2023-05-15 13:50:01] Epoch 8   training_loss: 0.19  val_loss: 0.28  precision: 0.47  recall: 0.36  f1: 0.32
[2023-05-15 13:50:03] Epoch 9   training_loss: 0.19  val_loss: 0.22  precision: 0.62  recall: 0.48  f1: 0.52
[2023-05-15 13:50:05] Epoch 10   training_loss: 0.17  val_loss: 0.20  precision: 0.64  recall: 0.50  f1: 0.55
[2023-05-15 13:50:07] Epoch 11   training_loss: 0.16  val_loss: 0.28  precision: 0.58  recall: 0.41  f1: 0.43
[2023-05-15 13:50:10] Epoch 12   training_loss: 0.14  val_loss: 0.22  precision: 0.78  recall: 0.50  f1: 0.57
[2023-05-15 13:50:12] Epoch 13   training_loss: 0.14  val_loss: 0.19  precision: 0.82  recall: 0.58  f1: 0.67
[2023-05-15 13:50:14] Epoch 14   training_loss: 0.14  val_loss: 0.19  precision: 0.76  recall: 0.57  f1: 0.62
[2023-05-15 13:50:16] Epoch 15   training_loss: 0.12  val_loss: 0.18  precision: 0.81  recall: 0.66  f1: 0.70
[2023-05-15 13:50:18] Epoch 16   training_loss: 0.12  val_loss: 0.19  precision: 0.83  recall: 0.61  f1: 0.67
[2023-05-15 13:50:20] Epoch 17   training_loss: 0.12  val_loss: 0.31  precision: 0.61  recall: 0.54  f1: 0.49
[2023-05-15 13:50:22] Epoch 18   training_loss: 0.15  val_loss: 0.21  precision: 0.75  recall: 0.55  f1: 0.61
[2023-05-15 13:50:25] Epoch 19   training_loss: 0.12  val_loss: 0.19  precision: 0.81  recall: 0.56  f1: 0.64
[2023-05-15 13:50:27] Epoch 20   training_loss: 0.09  val_loss: 0.18  precision: 0.81  recall: 0.68  f1: 0.73
[2023-05-15 13:50:29] Epoch 21   training_loss: 0.09  val_loss: 0.17  precision: 0.80  recall: 0.69  f1: 0.73
[2023-05-15 13:50:31] Epoch 22   training_loss: 0.09  val_loss: 0.17  precision: 0.81  recall: 0.68  f1: 0.73
[2023-05-15 13:50:33] Epoch 23   training_loss: 0.08  val_loss: 0.17  precision: 0.80  recall: 0.69  f1: 0.73
[2023-05-15 13:50:36] Epoch 24   training_loss: 0.08  val_loss: 0.17  precision: 0.80  recall: 0.67  f1: 0.71
[2023-05-15 13:50:38] Epoch 25   training_loss: 0.08  val_loss: 0.18  precision: 0.79  recall: 0.69  f1: 0.72
[2023-05-15 13:50:40] Epoch 26   training_loss: 0.08  val_loss: 0.17  precision: 0.80  recall: 0.71  f1: 0.74
[2023-05-15 13:50:42] Epoch 27   training_loss: 0.08  val_loss: 0.17  precision: 0.83  recall: 0.70  f1: 0.75
[2023-05-15 13:50:44] Epoch 28   training_loss: 0.08  val_loss: 0.17  precision: 0.81  recall: 0.69  f1: 0.74
[2023-05-15 13:50:46] Epoch 29   training_loss: 0.08  val_loss: 0.17  precision: 0.82  recall: 0.70  f1: 0.75
[2023-05-15 13:50:48] Epoch 30   training_loss: 0.08  val_loss: 0.17  precision: 0.80  recall: 0.70  f1: 0.74
[2023-05-15 13:50:50] Epoch 31   training_loss: 0.08  val_loss: 0.17  precision: 0.81  recall: 0.70  f1: 0.74
[2023-05-15 13:50:52] Epoch 32   training_loss: 0.08  val_loss: 0.17  precision: 0.81  recall: 0.70  f1: 0.74
[2023-05-15 13:50:55] Epoch 33   training_loss: 0.08  val_loss: 0.17  precision: 0.81  recall: 0.70  f1: 0.74
[2023-05-15 13:50:57] Epoch 34   training_loss: 0.08  val_loss: 0.17  precision: 0.81  recall: 0.70  f1: 0.75
[2023-05-15 13:50:59] Epoch 35   training_loss: 0.08  val_loss: 0.17  precision: 0.81  recall: 0.69  f1: 0.74
[2023-05-15 13:51:01] Epoch 36   training_loss: 0.08  val_loss: 0.17  precision: 0.83  recall: 0.70  f1: 0.75
[2023-05-15 13:51:04] Epoch 37   training_loss: 0.08  val_loss: 0.17  precision: 0.81  recall: 0.69  f1: 0.74
[2023-05-15 13:51:06] Epoch 38   training_loss: 0.08  val_loss: 0.17  precision: 0.81  recall: 0.68  f1: 0.74
[2023-05-15 13:51:08] Epoch 39   training_loss: 0.08  val_loss: 0.17  precision: 0.80  recall: 0.70  f1: 0.74
[2023-05-15 13:51:10] Epoch 40   training_loss: 0.08  val_loss: 0.17  precision: 0.82  recall: 0.70  f1: 0.75
