[2023-05-14 11:44:59] ---------------------------------------------------------------------------------------------------
[2023-05-14 11:44:59] | epoch   1 | time: 15.31s | training loss  1.55 |
[2023-05-14 11:45:02] | epoch   1 | time:  2.89s | cv loss  1.12 | cv accuracy:  0.63 |
[2023-05-14 11:45:02] ---------------------------------------------------------------------------------------------------
[2023-05-14 11:45:16] ---------------------------------------------------------------------------------------------------
[2023-05-14 11:45:16] | epoch   2 | time: 14.69s | training loss  0.73 |
[2023-05-14 11:45:19] | epoch   2 | time:  2.82s | cv loss  0.83 | cv accuracy:  0.64 |
[2023-05-14 11:45:19] ---------------------------------------------------------------------------------------------------
[2023-05-14 11:45:34] ---------------------------------------------------------------------------------------------------
[2023-05-14 11:45:34] | epoch   3 | time: 14.84s | training loss  0.38 |
[2023-05-14 11:45:37] | epoch   3 | time:  2.98s | cv loss  0.78 | cv accuracy:  0.66 |
[2023-05-14 11:45:37] ---------------------------------------------------------------------------------------------------
[2023-05-14 11:45:51] ---------------------------------------------------------------------------------------------------
[2023-05-14 11:45:51] | epoch   4 | time: 14.30s | training loss  0.20 |
[2023-05-14 11:45:54] | epoch   4 | time:  2.69s | cv loss  0.76 | cv accuracy:  0.67 |
[2023-05-14 11:45:54] ---------------------------------------------------------------------------------------------------
[2023-05-14 11:46:09] ---------------------------------------------------------------------------------------------------
[2023-05-14 11:46:09] | epoch   5 | time: 14.82s | training loss  0.11 |
[2023-05-14 11:46:12] | epoch   5 | time:  2.82s | cv loss  0.76 | cv accuracy:  0.67 |
[2023-05-14 11:46:12] ---------------------------------------------------------------------------------------------------
[2023-05-14 11:46:26] ---------------------------------------------------------------------------------------------------
[2023-05-14 11:46:26] | epoch   6 | time: 14.61s | training loss  0.06 |
[2023-05-14 11:46:29] | epoch   6 | time:  2.69s | cv loss  0.79 | cv accuracy:  0.68 |
[2023-05-14 11:46:29] ---------------------------------------------------------------------------------------------------
[2023-05-14 11:46:43] ---------------------------------------------------------------------------------------------------
[2023-05-14 11:46:43] | epoch   7 | time: 14.29s | training loss  0.04 |
[2023-05-14 11:46:47] | epoch   7 | time:  4.17s | cv loss  0.81 | cv accuracy:  0.69 |
[2023-05-14 11:46:47] ---------------------------------------------------------------------------------------------------
[2023-05-14 11:47:02] ---------------------------------------------------------------------------------------------------
[2023-05-14 11:47:02] | epoch   8 | time: 14.50s | training loss  0.03 |
[2023-05-14 11:47:05] | epoch   8 | time:  2.79s | cv loss  0.83 | cv accuracy:  0.67 |
[2023-05-14 11:47:05] ---------------------------------------------------------------------------------------------------
[2023-05-14 11:47:19] ---------------------------------------------------------------------------------------------------
[2023-05-14 11:47:19] | epoch   9 | time: 14.10s | training loss  0.02 |
[2023-05-14 11:47:22] | epoch   9 | time:  2.81s | cv loss  0.83 | cv accuracy:  0.68 |
[2023-05-14 11:47:22] ---------------------------------------------------------------------------------------------------
[2023-05-14 11:47:37] ---------------------------------------------------------------------------------------------------
[2023-05-14 11:47:37] | epoch  10 | time: 14.83s | training loss  0.02 |
[2023-05-14 11:47:39] | epoch  10 | time:  2.91s | cv loss  0.83 | cv accuracy:  0.69 |
[2023-05-14 11:47:39] ---------------------------------------------------------------------------------------------------
[2023-05-14 11:47:54] ---------------------------------------------------------------------------------------------------
[2023-05-14 11:47:54] | epoch  11 | time: 14.50s | training loss  0.02 |
[2023-05-14 11:47:57] | epoch  11 | time:  2.99s | cv loss  0.84 | cv accuracy:  0.68 |
[2023-05-14 11:47:57] ---------------------------------------------------------------------------------------------------
