[2023-05-15 12:05:03] Storing files in experiments/Crnn/2023-05-15_12-05-05_ab21a0bcf2d511ed8b425cff35c18da5
[2023-05-15 12:05:03] batch_size: 64
[2023-05-15 12:05:03] data:
[2023-05-15 12:05:03]   augmentation_list:
[2023-05-15 12:05:03]   - mix_audio
[2023-05-15 12:05:03]   class_indice_file: data/metadata/class_label_indices.txt
[2023-05-15 12:05:03]   feature: data/dev/feature.csv
[2023-05-15 12:05:03]   label: data/dev/label.csv
[2023-05-15 12:05:03]   stratified: true
[2023-05-15 12:05:03] dataloader_args:
[2023-05-15 12:05:03]   batch_size: 64
[2023-05-15 12:05:03]   num_workers: 1
[2023-05-15 12:05:03] early_stop: 7
[2023-05-15 12:05:03] epochs: 100
[2023-05-15 12:05:03] loss: BceLoss
[2023-05-15 12:05:03] model:
[2023-05-15 12:05:03]   args:
[2023-05-15 12:05:03]     hidden_size: 128
[2023-05-15 12:05:03]   type: Crnn
[2023-05-15 12:05:03] num_workers: 2
[2023-05-15 12:05:03] optimizer:
[2023-05-15 12:05:03]   args:
[2023-05-15 12:05:03]     lr: 0.001
[2023-05-15 12:05:03]   type: AdamW
[2023-05-15 12:05:03] outputpath: experiments/
[2023-05-15 12:05:03] scheduler_args:
[2023-05-15 12:05:03]   factor: 0.1
[2023-05-15 12:05:03]   patience: 3
[2023-05-15 12:05:03] 
[2023-05-15 12:05:03] Running on device cuda
[2023-05-15 12:05:09] AdamW (
[2023-05-15 12:05:09] Parameter Group 0
[2023-05-15 12:05:09]     amsgrad: False
[2023-05-15 12:05:09]     betas: (0.9, 0.999)
[2023-05-15 12:05:09]     capturable: False
[2023-05-15 12:05:09]     eps: 1e-08
[2023-05-15 12:05:09]     foreach: None
[2023-05-15 12:05:09]     lr: 0.001
[2023-05-15 12:05:09]     maximize: False
[2023-05-15 12:05:09]     weight_decay: 0.01
[2023-05-15 12:05:09] )
[2023-05-15 12:05:09] Crnn(
[2023-05-15 12:05:09]   (bn): BatchNorm2d(1, eps=1e-05, momentum=0.1, affine=True, track_running_stats=True)
[2023-05-15 12:05:09]   (backbone): Sequential(
[2023-05-15 12:05:09]     (block1): Sequential(
[2023-05-15 12:05:09]       (0): Conv2d(1, 16, kernel_size=(2, 2), stride=(1, 1))
[2023-05-15 12:05:09]       (1): BatchNorm2d(16, eps=1e-05, momentum=0.1, affine=True, track_running_stats=True)
[2023-05-15 12:05:09]       (2): ReLU()
[2023-05-15 12:05:09]       (3): MaxPool2d(kernel_size=(2, 2), stride=(2, 2), padding=0, dilation=1, ceil_mode=False)
[2023-05-15 12:05:09]     )
[2023-05-15 12:05:09]     (block2): Sequential(
[2023-05-15 12:05:09]       (0): Conv2d(16, 32, kernel_size=(2, 2), stride=(1, 1))
[2023-05-15 12:05:09]       (1): BatchNorm2d(32, eps=1e-05, momentum=0.1, affine=True, track_running_stats=True)
[2023-05-15 12:05:09]       (2): ReLU()
[2023-05-15 12:05:09]       (3): MaxPool2d(kernel_size=(2, 2), stride=(2, 2), padding=0, dilation=1, ceil_mode=False)
[2023-05-15 12:05:09]     )
[2023-05-15 12:05:09]     (block3): Sequential(
[2023-05-15 12:05:09]       (0): Conv2d(32, 64, kernel_size=(1, 2), stride=(1, 1))
[2023-05-15 12:05:09]       (1): BatchNorm2d(64, eps=1e-05, momentum=0.1, affine=True, track_running_stats=True)
[2023-05-15 12:05:09]       (2): ReLU()
[2023-05-15 12:05:09]       (3): MaxPool2d(kernel_size=(1, 2), stride=(1, 2), padding=0, dilation=1, ceil_mode=False)
[2023-05-15 12:05:09]     )
[2023-05-15 12:05:09]     (block4): Sequential(
[2023-05-15 12:05:09]       (0): Conv2d(64, 128, kernel_size=(1, 2), stride=(1, 1))
[2023-05-15 12:05:09]       (1): BatchNorm2d(128, eps=1e-05, momentum=0.1, affine=True, track_running_stats=True)
[2023-05-15 12:05:09]       (2): ReLU()
[2023-05-15 12:05:09]       (3): MaxPool2d(kernel_size=(1, 2), stride=(1, 2), padding=0, dilation=1, ceil_mode=False)
[2023-05-15 12:05:09]     )
[2023-05-15 12:05:09]     (block5): Sequential(
[2023-05-15 12:05:09]       (0): Conv2d(128, 128, kernel_size=(1, 2), stride=(1, 1))
[2023-05-15 12:05:09]       (1): BatchNorm2d(128, eps=1e-05, momentum=0.1, affine=True, track_running_stats=True)
[2023-05-15 12:05:09]       (2): ReLU()
[2023-05-15 12:05:09]       (3): MaxPool2d(kernel_size=(1, 2), stride=(1, 2), padding=0, dilation=1, ceil_mode=False)
[2023-05-15 12:05:09]     )
[2023-05-15 12:05:09]   )
[2023-05-15 12:05:09]   (BiGRU): GRU(128, 128, batch_first=True, bidirectional=True)
[2023-05-15 12:05:09]   (avg): AvgPool2d(kernel_size=(1, 2), stride=(1, 2), padding=0)
[2023-05-15 12:05:09]   (fc): Linear(in_features=256, out_features=10, bias=True)
[2023-05-15 12:05:09] )
[2023-05-15 12:05:18] Epoch 1   training_loss: 0.44  val_loss: 0.33  precision: 0.32  recall: 0.14  f1: 0.18
[2023-05-15 12:05:21] Epoch 2   training_loss: 0.37  val_loss: 0.31  precision: 0.42  recall: 0.22  f1: 0.25
[2023-05-15 12:05:25] Epoch 3   training_loss: 0.32  val_loss: 0.33  precision: 0.47  recall: 0.38  f1: 0.39
[2023-05-15 12:05:27] Epoch 4   training_loss: 0.29  val_loss: 0.22  precision: 0.69  recall: 0.45  f1: 0.52
[2023-05-15 12:05:30] Epoch 5   training_loss: 0.27  val_loss: 0.26  precision: 0.67  recall: 0.44  f1: 0.47
[2023-05-15 12:05:34] Epoch 6   training_loss: 0.25  val_loss: 0.24  precision: 0.55  recall: 0.44  f1: 0.47
[2023-05-15 12:05:37] Epoch 7   training_loss: 0.24  val_loss: 0.26  precision: 0.63  recall: 0.53  f1: 0.52
[2023-05-15 12:05:40] Epoch 8   training_loss: 0.22  val_loss: 0.25  precision: 0.64  recall: 0.63  f1: 0.56
[2023-05-15 12:05:43] Epoch 9   training_loss: 0.20  val_loss: 0.17  precision: 0.81  recall: 0.59  f1: 0.65
[2023-05-15 12:05:46] Epoch 10   training_loss: 0.19  val_loss: 0.17  precision: 0.79  recall: 0.58  f1: 0.64
[2023-05-15 12:05:50] Epoch 11   training_loss: 0.19  val_loss: 0.17  precision: 0.79  recall: 0.60  f1: 0.65
[2023-05-15 12:05:53] Epoch 12   training_loss: 0.19  val_loss: 0.17  precision: 0.81  recall: 0.61  f1: 0.66
[2023-05-15 12:05:56] Epoch 13   training_loss: 0.18  val_loss: 0.18  precision: 0.76  recall: 0.57  f1: 0.63
[2023-05-15 12:06:00] Epoch 14   training_loss: 0.18  val_loss: 0.17  precision: 0.75  recall: 0.60  f1: 0.65
[2023-05-15 12:06:03] Epoch 15   training_loss: 0.18  val_loss: 0.17  precision: 0.73  recall: 0.63  f1: 0.66
[2023-05-15 12:06:06] Epoch 16   training_loss: 0.17  val_loss: 0.17  precision: 0.77  recall: 0.65  f1: 0.69
[2023-05-15 12:06:09] Epoch 17   training_loss: 0.17  val_loss: 0.17  precision: 0.78  recall: 0.66  f1: 0.71
[2023-05-15 12:06:12] Epoch 18   training_loss: 0.17  val_loss: 0.18  precision: 0.74  recall: 0.65  f1: 0.68
[2023-05-15 12:06:15] Epoch 19   training_loss: 0.16  val_loss: 0.17  precision: 0.76  recall: 0.65  f1: 0.69
[2023-05-15 12:06:18] Epoch 20   training_loss: 0.16  val_loss: 0.17  precision: 0.77  recall: 0.67  f1: 0.71
[2023-05-15 12:06:21] Epoch 21   training_loss: 0.16  val_loss: 0.17  precision: 0.77  recall: 0.66  f1: 0.70
[2023-05-15 12:06:25] Epoch 22   training_loss: 0.16  val_loss: 0.17  precision: 0.78  recall: 0.68  f1: 0.72
[2023-05-15 12:06:28] Epoch 23   training_loss: 0.16  val_loss: 0.17  precision: 0.76  recall: 0.67  f1: 0.71
[2023-05-15 12:06:31] Epoch 24   training_loss: 0.16  val_loss: 0.17  precision: 0.77  recall: 0.66  f1: 0.70
[2023-05-15 12:06:35] Epoch 25   training_loss: 0.16  val_loss: 0.17  precision: 0.77  recall: 0.66  f1: 0.70
[2023-05-15 12:06:38] Epoch 26   training_loss: 0.16  val_loss: 0.17  precision: 0.78  recall: 0.69  f1: 0.73
[2023-05-15 12:06:41] Epoch 27   training_loss: 0.16  val_loss: 0.17  precision: 0.79  recall: 0.66  f1: 0.71
[2023-05-15 12:06:45] Epoch 28   training_loss: 0.16  val_loss: 0.17  precision: 0.78  recall: 0.68  f1: 0.72
[2023-05-15 12:06:48] Epoch 29   training_loss: 0.16  val_loss: 0.17  precision: 0.77  recall: 0.68  f1: 0.72
[2023-05-15 12:06:52] Epoch 30   training_loss: 0.16  val_loss: 0.17  precision: 0.77  recall: 0.66  f1: 0.70
[2023-05-15 12:06:55] Epoch 31   training_loss: 0.16  val_loss: 0.17  precision: 0.78  recall: 0.65  f1: 0.70
