[2023-05-16 11:28:09] Storing files in experiments/Crnn/2023-05-16_11-28-05_ae3fccb4f39911edadd05cff35c18da5
[2023-05-16 11:28:09] batch_size: 64
[2023-05-16 11:28:09] data:
[2023-05-16 11:28:09]   audio_mix_ratio: 0.8
[2023-05-16 11:28:09]   augment_ratio: 1.0
[2023-05-16 11:28:09]   augment_type: random
[2023-05-16 11:28:09]   augmentation_list:
[2023-05-16 11:28:09]   - mix_audio
[2023-05-16 11:28:09]   - add_uniform_noise
[2023-05-16 11:28:09]   - add_gaussian_noise
[2023-05-16 11:28:09]   - time_shift
[2023-05-16 11:28:09]   class_indice_file: data/metadata/class_label_indices.txt
[2023-05-16 11:28:09]   feature: data/dev/feature.csv
[2023-05-16 11:28:09]   label: data/dev/label.csv
[2023-05-16 11:28:09]   stratified: true
[2023-05-16 11:28:09] dataloader_args:
[2023-05-16 11:28:09]   batch_size: 64
[2023-05-16 11:28:09]   num_workers: 1
[2023-05-16 11:28:09] early_stop: 7
[2023-05-16 11:28:09] epochs: 100
[2023-05-16 11:28:09] loss: BceLoss
[2023-05-16 11:28:09] model:
[2023-05-16 11:28:09]   args:
[2023-05-16 11:28:09]     hidden_size: 128
[2023-05-16 11:28:09]   type: Crnn
[2023-05-16 11:28:09] num_workers: 2
[2023-05-16 11:28:09] optimizer:
[2023-05-16 11:28:09]   args:
[2023-05-16 11:28:09]     lr: 0.001
[2023-05-16 11:28:09]   type: AdamW
[2023-05-16 11:28:09] outputpath: experiments/
[2023-05-16 11:28:09] scheduler_args:
[2023-05-16 11:28:09]   factor: 0.1
[2023-05-16 11:28:09]   patience: 3
[2023-05-16 11:28:09] 
[2023-05-16 11:28:09] Running on device cuda
[2023-05-16 11:28:16] AdamW (
[2023-05-16 11:28:16] Parameter Group 0
[2023-05-16 11:28:16]     amsgrad: False
[2023-05-16 11:28:16]     betas: (0.9, 0.999)
[2023-05-16 11:28:16]     capturable: False
[2023-05-16 11:28:16]     eps: 1e-08
[2023-05-16 11:28:16]     foreach: None
[2023-05-16 11:28:16]     lr: 0.001
[2023-05-16 11:28:16]     maximize: False
[2023-05-16 11:28:16]     weight_decay: 0.01
[2023-05-16 11:28:16] )
[2023-05-16 11:28:16] Crnn(
[2023-05-16 11:28:16]   (bn): BatchNorm2d(1, eps=1e-05, momentum=0.1, affine=True, track_running_stats=True)
[2023-05-16 11:28:16]   (backbone): Sequential(
[2023-05-16 11:28:16]     (block1): Sequential(
[2023-05-16 11:28:16]       (0): Conv2d(1, 16, kernel_size=(2, 2), stride=(1, 1))
[2023-05-16 11:28:16]       (1): BatchNorm2d(16, eps=1e-05, momentum=0.1, affine=True, track_running_stats=True)
[2023-05-16 11:28:16]       (2): ReLU()
[2023-05-16 11:28:16]       (3): MaxPool2d(kernel_size=(2, 2), stride=(2, 2), padding=0, dilation=1, ceil_mode=False)
[2023-05-16 11:28:16]     )
[2023-05-16 11:28:16]     (block2): Sequential(
[2023-05-16 11:28:16]       (0): Conv2d(16, 32, kernel_size=(2, 2), stride=(1, 1))
[2023-05-16 11:28:16]       (1): BatchNorm2d(32, eps=1e-05, momentum=0.1, affine=True, track_running_stats=True)
[2023-05-16 11:28:16]       (2): ReLU()
[2023-05-16 11:28:16]       (3): MaxPool2d(kernel_size=(2, 2), stride=(2, 2), padding=0, dilation=1, ceil_mode=False)
[2023-05-16 11:28:16]     )
[2023-05-16 11:28:16]     (block3): Sequential(
[2023-05-16 11:28:16]       (0): Conv2d(32, 64, kernel_size=(1, 2), stride=(1, 1))
[2023-05-16 11:28:16]       (1): BatchNorm2d(64, eps=1e-05, momentum=0.1, affine=True, track_running_stats=True)
[2023-05-16 11:28:16]       (2): ReLU()
[2023-05-16 11:28:16]       (3): MaxPool2d(kernel_size=(1, 2), stride=(1, 2), padding=0, dilation=1, ceil_mode=False)
[2023-05-16 11:28:16]     )
[2023-05-16 11:28:16]     (block4): Sequential(
[2023-05-16 11:28:16]       (0): Conv2d(64, 128, kernel_size=(1, 2), stride=(1, 1))
[2023-05-16 11:28:16]       (1): BatchNorm2d(128, eps=1e-05, momentum=0.1, affine=True, track_running_stats=True)
[2023-05-16 11:28:16]       (2): ReLU()
[2023-05-16 11:28:16]       (3): MaxPool2d(kernel_size=(1, 2), stride=(1, 2), padding=0, dilation=1, ceil_mode=False)
[2023-05-16 11:28:16]     )
[2023-05-16 11:28:16]     (block5): Sequential(
[2023-05-16 11:28:16]       (0): Conv2d(128, 128, kernel_size=(1, 2), stride=(1, 1))
[2023-05-16 11:28:16]       (1): BatchNorm2d(128, eps=1e-05, momentum=0.1, affine=True, track_running_stats=True)
[2023-05-16 11:28:16]       (2): ReLU()
[2023-05-16 11:28:16]       (3): MaxPool2d(kernel_size=(1, 2), stride=(1, 2), padding=0, dilation=1, ceil_mode=False)
[2023-05-16 11:28:16]     )
[2023-05-16 11:28:16]   )
[2023-05-16 11:28:16]   (BiGRU): GRU(128, 128, batch_first=True, bidirectional=True)
[2023-05-16 11:28:16]   (avg): AvgPool2d(kernel_size=(1, 2), stride=(1, 2), padding=0)
[2023-05-16 11:28:16]   (fc): Linear(in_features=256, out_features=10, bias=True)
[2023-05-16 11:28:16] )
[2023-05-16 11:28:21] Epoch 1   training_loss: 0.38  val_loss: 0.33  precision: 0.14  recall: 0.02  f1: 0.04
[2023-05-16 11:28:24] Epoch 2   training_loss: 0.30  val_loss: 0.28  precision: 0.28  recall: 0.20  f1: 0.20
[2023-05-16 11:28:27] Epoch 3   training_loss: 0.26  val_loss: 0.38  precision: 0.28  recall: 0.19  f1: 0.20
[2023-05-16 11:28:30] Epoch 4   training_loss: 0.23  val_loss: 0.46  precision: 0.51  recall: 0.32  f1: 0.28
[2023-05-16 11:28:33] Epoch 5   training_loss: 0.21  val_loss: 0.31  precision: 0.64  recall: 0.32  f1: 0.31
[2023-05-16 11:28:36] Epoch 6   training_loss: 0.19  val_loss: 0.21  precision: 0.62  recall: 0.45  f1: 0.51
[2023-05-16 11:28:40] Epoch 7   training_loss: 0.18  val_loss: 0.24  precision: 0.70  recall: 0.48  f1: 0.53
[2023-05-16 11:28:43] Epoch 8   training_loss: 0.16  val_loss: 0.24  precision: 0.75  recall: 0.47  f1: 0.51
[2023-05-16 11:28:46] Epoch 9   training_loss: 0.15  val_loss: 0.34  precision: 0.63  recall: 0.49  f1: 0.41
[2023-05-16 11:28:49] Epoch 10   training_loss: 0.14  val_loss: 0.22  precision: 0.76  recall: 0.58  f1: 0.61
[2023-05-16 11:28:52] Epoch 11   training_loss: 0.11  val_loss: 0.16  precision: 0.80  recall: 0.64  f1: 0.70
[2023-05-16 11:28:56] Epoch 12   training_loss: 0.11  val_loss: 0.17  precision: 0.81  recall: 0.66  f1: 0.72
[2023-05-16 11:28:59] Epoch 13   training_loss: 0.10  val_loss: 0.16  precision: 0.78  recall: 0.65  f1: 0.70
[2023-05-16 11:29:02] Epoch 14   training_loss: 0.10  val_loss: 0.16  precision: 0.80  recall: 0.69  f1: 0.74
[2023-05-16 11:29:05] Epoch 15   training_loss: 0.10  val_loss: 0.16  precision: 0.79  recall: 0.67  f1: 0.72
[2023-05-16 11:29:08] Epoch 16   training_loss: 0.09  val_loss: 0.16  precision: 0.80  recall: 0.64  f1: 0.71
[2023-05-16 11:29:11] Epoch 17   training_loss: 0.09  val_loss: 0.16  precision: 0.80  recall: 0.69  f1: 0.74
[2023-05-16 11:29:15] Epoch 18   training_loss: 0.09  val_loss: 0.17  precision: 0.77  recall: 0.67  f1: 0.72
[2023-05-16 11:29:18] Epoch 19   training_loss: 0.09  val_loss: 0.16  precision: 0.78  recall: 0.68  f1: 0.72
[2023-05-16 11:29:21] Epoch 20   training_loss: 0.09  val_loss: 0.16  precision: 0.78  recall: 0.68  f1: 0.73
[2023-05-16 11:29:24] Epoch 21   training_loss: 0.09  val_loss: 0.16  precision: 0.79  recall: 0.69  f1: 0.73
