[2023-05-14 11:57:45] ---------------------------------------------------------------------------------------------------
[2023-05-14 11:57:45] | epoch   1 | time: 16.72s | training loss  1.68 |
[2023-05-14 11:57:48] | epoch   1 | time:  2.89s | cv loss  1.07 | cv accuracy:  0.71 |
[2023-05-14 11:57:48] ---------------------------------------------------------------------------------------------------
[2023-05-14 11:58:04] ---------------------------------------------------------------------------------------------------
[2023-05-14 11:58:04] | epoch   2 | time: 16.36s | training loss  0.72 |
[2023-05-14 11:58:07] | epoch   2 | time:  3.32s | cv loss  0.66 | cv accuracy:  0.74 |
[2023-05-14 11:58:07] ---------------------------------------------------------------------------------------------------
[2023-05-14 11:58:23] ---------------------------------------------------------------------------------------------------
[2023-05-14 11:58:23] | epoch   3 | time: 15.99s | training loss  0.36 |
[2023-05-14 11:58:26] | epoch   3 | time:  2.89s | cv loss  0.52 | cv accuracy:  0.79 |
[2023-05-14 11:58:26] ---------------------------------------------------------------------------------------------------
[2023-05-14 11:58:42] ---------------------------------------------------------------------------------------------------
[2023-05-14 11:58:42] | epoch   4 | time: 16.15s | training loss  0.19 |
[2023-05-14 11:58:45] | epoch   4 | time:  3.01s | cv loss  0.47 | cv accuracy:  0.81 |
[2023-05-14 11:58:45] ---------------------------------------------------------------------------------------------------
[2023-05-14 11:59:01] ---------------------------------------------------------------------------------------------------
[2023-05-14 11:59:01] | epoch   5 | time: 15.97s | training loss  0.10 |
[2023-05-14 11:59:05] | epoch   5 | time:  3.44s | cv loss  0.45 | cv accuracy:  0.81 |
[2023-05-14 11:59:05] ---------------------------------------------------------------------------------------------------
[2023-05-14 11:59:22] ---------------------------------------------------------------------------------------------------
[2023-05-14 11:59:22] | epoch   6 | time: 16.84s | training loss  0.06 |
[2023-05-14 11:59:25] | epoch   6 | time:  3.15s | cv loss  0.42 | cv accuracy:  0.83 |
[2023-05-14 11:59:25] ---------------------------------------------------------------------------------------------------
[2023-05-14 11:59:41] ---------------------------------------------------------------------------------------------------
[2023-05-14 11:59:41] | epoch   7 | time: 16.19s | training loss  0.04 |
[2023-05-14 11:59:44] | epoch   7 | time:  2.86s | cv loss  0.44 | cv accuracy:  0.83 |
[2023-05-14 11:59:44] ---------------------------------------------------------------------------------------------------
[2023-05-14 12:00:01] ---------------------------------------------------------------------------------------------------
[2023-05-14 12:00:01] | epoch   8 | time: 16.69s | training loss  0.03 |
[2023-05-14 12:00:04] | epoch   8 | time:  3.62s | cv loss  0.47 | cv accuracy:  0.83 |
[2023-05-14 12:00:04] ---------------------------------------------------------------------------------------------------
[2023-05-14 12:00:21] ---------------------------------------------------------------------------------------------------
[2023-05-14 12:00:21] | epoch   9 | time: 16.44s | training loss  0.02 |
[2023-05-14 12:00:24] | epoch   9 | time:  2.81s | cv loss  0.47 | cv accuracy:  0.82 |
[2023-05-14 12:00:24] ---------------------------------------------------------------------------------------------------
[2023-05-14 12:00:40] ---------------------------------------------------------------------------------------------------
[2023-05-14 12:00:40] | epoch  10 | time: 16.25s | training loss  0.01 |
[2023-05-14 12:00:43] | epoch  10 | time:  2.82s | cv loss  0.50 | cv accuracy:  0.83 |
[2023-05-14 12:00:43] ---------------------------------------------------------------------------------------------------
[2023-05-14 12:00:59] ---------------------------------------------------------------------------------------------------
[2023-05-14 12:00:59] | epoch  11 | time: 16.62s | training loss  0.01 |
[2023-05-14 12:01:02] | epoch  11 | time:  2.93s | cv loss  0.48 | cv accuracy:  0.83 |
[2023-05-14 12:01:02] ---------------------------------------------------------------------------------------------------
[2023-05-14 12:01:19] ---------------------------------------------------------------------------------------------------
[2023-05-14 12:01:19] | epoch  12 | time: 16.58s | training loss  0.01 |
[2023-05-14 12:01:22] | epoch  12 | time:  2.96s | cv loss  0.48 | cv accuracy:  0.83 |
[2023-05-14 12:01:22] ---------------------------------------------------------------------------------------------------
[2023-05-14 12:01:38] ---------------------------------------------------------------------------------------------------
[2023-05-14 12:01:38] | epoch  13 | time: 16.39s | training loss  0.01 |
[2023-05-14 12:01:42] | epoch  13 | time:  3.32s | cv loss  0.48 | cv accuracy:  0.83 |
[2023-05-14 12:01:42] ---------------------------------------------------------------------------------------------------
