[2023-05-15 11:00:16] Storing files in experiments/Crnn/2023-05-15_11-00-05_9ec47eb0f2cc11edb4cf5cff35c18da5
[2023-05-15 11:00:16] batch_size: 64
[2023-05-15 11:00:16] data:
[2023-05-15 11:00:16]   augmentation_list:
[2023-05-15 11:00:16]   - time_shift
[2023-05-15 11:00:16]   class_indice_file: data/metadata/class_label_indices.txt
[2023-05-15 11:00:16]   feature: data/dev/feature.csv
[2023-05-15 11:00:16]   label: data/dev/label.csv
[2023-05-15 11:00:16]   stratified: true
[2023-05-15 11:00:16] dataloader_args:
[2023-05-15 11:00:16]   batch_size: 64
[2023-05-15 11:00:16]   num_workers: 1
[2023-05-15 11:00:16] early_stop: 7
[2023-05-15 11:00:16] epochs: 100
[2023-05-15 11:00:16] loss: BceLoss
[2023-05-15 11:00:16] model:
[2023-05-15 11:00:16]   args:
[2023-05-15 11:00:16]     hidden_size: 128
[2023-05-15 11:00:16]   type: Crnn
[2023-05-15 11:00:16] num_workers: 2
[2023-05-15 11:00:16] optimizer:
[2023-05-15 11:00:16]   args:
[2023-05-15 11:00:16]     lr: 0.001
[2023-05-15 11:00:16]   type: AdamW
[2023-05-15 11:00:16] outputpath: experiments/
[2023-05-15 11:00:16] scheduler_args:
[2023-05-15 11:00:16]   factor: 0.1
[2023-05-15 11:00:16]   patience: 3
[2023-05-15 11:00:16] 
[2023-05-15 11:00:16] Running on device cuda
[2023-05-15 11:00:22] AdamW (
[2023-05-15 11:00:22] Parameter Group 0
[2023-05-15 11:00:22]     amsgrad: False
[2023-05-15 11:00:22]     betas: (0.9, 0.999)
[2023-05-15 11:00:22]     capturable: False
[2023-05-15 11:00:22]     eps: 1e-08
[2023-05-15 11:00:22]     foreach: None
[2023-05-15 11:00:22]     lr: 0.001
[2023-05-15 11:00:22]     maximize: False
[2023-05-15 11:00:22]     weight_decay: 0.01
[2023-05-15 11:00:22] )
[2023-05-15 11:00:22] Crnn(
[2023-05-15 11:00:22]   (bn): BatchNorm2d(1, eps=1e-05, momentum=0.1, affine=True, track_running_stats=True)
[2023-05-15 11:00:22]   (backbone): Sequential(
[2023-05-15 11:00:22]     (block1): Sequential(
[2023-05-15 11:00:22]       (0): Conv2d(1, 16, kernel_size=(2, 2), stride=(1, 1))
[2023-05-15 11:00:22]       (1): BatchNorm2d(16, eps=1e-05, momentum=0.1, affine=True, track_running_stats=True)
[2023-05-15 11:00:22]       (2): ReLU()
[2023-05-15 11:00:22]       (3): MaxPool2d(kernel_size=(2, 2), stride=(2, 2), padding=0, dilation=1, ceil_mode=False)
[2023-05-15 11:00:22]     )
[2023-05-15 11:00:22]     (block2): Sequential(
[2023-05-15 11:00:22]       (0): Conv2d(16, 32, kernel_size=(2, 2), stride=(1, 1))
[2023-05-15 11:00:22]       (1): BatchNorm2d(32, eps=1e-05, momentum=0.1, affine=True, track_running_stats=True)
[2023-05-15 11:00:22]       (2): ReLU()
[2023-05-15 11:00:22]       (3): MaxPool2d(kernel_size=(2, 2), stride=(2, 2), padding=0, dilation=1, ceil_mode=False)
[2023-05-15 11:00:22]     )
[2023-05-15 11:00:22]     (block3): Sequential(
[2023-05-15 11:00:22]       (0): Conv2d(32, 64, kernel_size=(1, 2), stride=(1, 1))
[2023-05-15 11:00:22]       (1): BatchNorm2d(64, eps=1e-05, momentum=0.1, affine=True, track_running_stats=True)
[2023-05-15 11:00:22]       (2): ReLU()
[2023-05-15 11:00:22]       (3): MaxPool2d(kernel_size=(1, 2), stride=(1, 2), padding=0, dilation=1, ceil_mode=False)
[2023-05-15 11:00:22]     )
[2023-05-15 11:00:22]     (block4): Sequential(
[2023-05-15 11:00:22]       (0): Conv2d(64, 128, kernel_size=(1, 2), stride=(1, 1))
[2023-05-15 11:00:22]       (1): BatchNorm2d(128, eps=1e-05, momentum=0.1, affine=True, track_running_stats=True)
[2023-05-15 11:00:22]       (2): ReLU()
[2023-05-15 11:00:22]       (3): MaxPool2d(kernel_size=(1, 2), stride=(1, 2), padding=0, dilation=1, ceil_mode=False)
[2023-05-15 11:00:22]     )
[2023-05-15 11:00:22]     (block5): Sequential(
[2023-05-15 11:00:22]       (0): Conv2d(128, 128, kernel_size=(1, 2), stride=(1, 1))
[2023-05-15 11:00:22]       (1): BatchNorm2d(128, eps=1e-05, momentum=0.1, affine=True, track_running_stats=True)
[2023-05-15 11:00:22]       (2): ReLU()
[2023-05-15 11:00:22]       (3): MaxPool2d(kernel_size=(1, 2), stride=(1, 2), padding=0, dilation=1, ceil_mode=False)
[2023-05-15 11:00:22]     )
[2023-05-15 11:00:22]   )
[2023-05-15 11:00:22]   (BiGRU): GRU(128, 128, batch_first=True, bidirectional=True)
[2023-05-15 11:00:22]   (avg): AvgPool2d(kernel_size=(1, 2), stride=(1, 2), padding=0)
[2023-05-15 11:00:22]   (fc): Linear(in_features=256, out_features=10, bias=True)
[2023-05-15 11:00:22] )
[2023-05-15 11:00:28] Epoch 1   training_loss: 0.39  val_loss: 0.33  precision: 0.18  recall: 0.03  f1: 0.05
[2023-05-15 11:00:31] Epoch 2   training_loss: 0.31  val_loss: 0.29  precision: 0.24  recall: 0.14  f1: 0.14
[2023-05-15 11:00:34] Epoch 3   training_loss: 0.27  val_loss: 0.34  precision: 0.34  recall: 0.17  f1: 0.16
[2023-05-15 11:00:38] Epoch 4   training_loss: 0.24  val_loss: 0.24  precision: 0.67  recall: 0.34  f1: 0.39
[2023-05-15 11:00:41] Epoch 5   training_loss: 0.21  val_loss: 0.32  precision: 0.71  recall: 0.35  f1: 0.36
[2023-05-15 11:00:44] Epoch 6   training_loss: 0.19  val_loss: 0.26  precision: 0.57  recall: 0.36  f1: 0.41
[2023-05-15 11:00:47] Epoch 7   training_loss: 0.17  val_loss: 0.20  precision: 0.78  recall: 0.54  f1: 0.61
[2023-05-15 11:00:50] Epoch 8   training_loss: 0.16  val_loss: 0.23  precision: 0.68  recall: 0.50  f1: 0.54
[2023-05-15 11:00:53] Epoch 9   training_loss: 0.15  val_loss: 0.27  precision: 0.65  recall: 0.56  f1: 0.55
[2023-05-15 11:00:55] Epoch 10   training_loss: 0.13  val_loss: 0.19  precision: 0.75  recall: 0.63  f1: 0.66
[2023-05-15 11:00:58] Epoch 11   training_loss: 0.13  val_loss: 0.28  precision: 0.64  recall: 0.43  f1: 0.46
[2023-05-15 11:01:02] Epoch 12   training_loss: 0.12  val_loss: 0.22  precision: 0.78  recall: 0.57  f1: 0.62
[2023-05-15 11:01:05] Epoch 13   training_loss: 0.11  val_loss: 0.26  precision: 0.73  recall: 0.56  f1: 0.56
[2023-05-15 11:01:08] Epoch 14   training_loss: 0.10  val_loss: 0.17  precision: 0.79  recall: 0.65  f1: 0.69
[2023-05-15 11:01:11] Epoch 15   training_loss: 0.09  val_loss: 0.26  precision: 0.72  recall: 0.61  f1: 0.61
[2023-05-15 11:01:14] Epoch 16   training_loss: 0.09  val_loss: 0.17  precision: 0.81  recall: 0.65  f1: 0.67
[2023-05-15 11:01:18] Epoch 17   training_loss: 0.09  val_loss: 0.23  precision: 0.72  recall: 0.58  f1: 0.61
[2023-05-15 11:01:21] Epoch 18   training_loss: 0.09  val_loss: 0.23  precision: 0.73  recall: 0.61  f1: 0.63
[2023-05-15 11:01:23] Epoch 19   training_loss: 0.07  val_loss: 0.15  precision: 0.80  recall: 0.72  f1: 0.75
[2023-05-15 11:01:26] Epoch 20   training_loss: 0.06  val_loss: 0.16  precision: 0.79  recall: 0.73  f1: 0.75
[2023-05-15 11:01:30] Epoch 21   training_loss: 0.05  val_loss: 0.15  precision: 0.81  recall: 0.73  f1: 0.76
[2023-05-15 11:01:33] Epoch 22   training_loss: 0.05  val_loss: 0.15  precision: 0.81  recall: 0.74  f1: 0.76
[2023-05-15 11:01:36] Epoch 23   training_loss: 0.05  val_loss: 0.16  precision: 0.81  recall: 0.72  f1: 0.74
[2023-05-15 11:01:39] Epoch 24   training_loss: 0.05  val_loss: 0.16  precision: 0.81  recall: 0.74  f1: 0.76
[2023-05-15 11:01:42] Epoch 25   training_loss: 0.05  val_loss: 0.15  precision: 0.80  recall: 0.72  f1: 0.75
[2023-05-15 11:01:45] Epoch 26   training_loss: 0.05  val_loss: 0.16  precision: 0.80  recall: 0.74  f1: 0.76
[2023-05-15 11:01:48] Epoch 27   training_loss: 0.05  val_loss: 0.15  precision: 0.80  recall: 0.72  f1: 0.75
[2023-05-15 11:01:51] Epoch 28   training_loss: 0.05  val_loss: 0.15  precision: 0.80  recall: 0.74  f1: 0.76
[2023-05-15 11:01:54] Epoch 29   training_loss: 0.05  val_loss: 0.16  precision: 0.80  recall: 0.73  f1: 0.75
[2023-05-15 11:01:57] Epoch 30   training_loss: 0.05  val_loss: 0.16  precision: 0.80  recall: 0.73  f1: 0.76
[2023-05-15 11:02:00] Epoch 31   training_loss: 0.05  val_loss: 0.16  precision: 0.81  recall: 0.73  f1: 0.76
[2023-05-15 11:02:03] Epoch 32   training_loss: 0.05  val_loss: 0.15  precision: 0.81  recall: 0.73  f1: 0.76
