[2023-05-14 11:52:12] ---------------------------------------------------------------------------------------------------
[2023-05-14 11:52:12] | epoch   1 | time: 15.69s | training loss  1.62 |
[2023-05-14 11:52:15] | epoch   1 | time:  3.13s | cv loss  1.02 | cv accuracy:  0.68 |
[2023-05-14 11:52:15] ---------------------------------------------------------------------------------------------------
[2023-05-14 11:52:31] ---------------------------------------------------------------------------------------------------
[2023-05-14 11:52:31] | epoch   2 | time: 15.94s | training loss  0.68 |
[2023-05-14 11:52:34] | epoch   2 | time:  2.81s | cv loss  0.63 | cv accuracy:  0.76 |
[2023-05-14 11:52:34] ---------------------------------------------------------------------------------------------------
[2023-05-14 11:52:50] ---------------------------------------------------------------------------------------------------
[2023-05-14 11:52:50] | epoch   3 | time: 15.98s | training loss  0.33 |
[2023-05-14 11:52:53] | epoch   3 | time:  3.22s | cv loss  0.49 | cv accuracy:  0.80 |
[2023-05-14 11:52:53] ---------------------------------------------------------------------------------------------------
[2023-05-14 11:53:09] ---------------------------------------------------------------------------------------------------
[2023-05-14 11:53:09] | epoch   4 | time: 16.23s | training loss  0.18 |
[2023-05-14 11:53:12] | epoch   4 | time:  2.75s | cv loss  0.47 | cv accuracy:  0.80 |
[2023-05-14 11:53:12] ---------------------------------------------------------------------------------------------------
[2023-05-14 11:53:29] ---------------------------------------------------------------------------------------------------
[2023-05-14 11:53:29] | epoch   5 | time: 16.33s | training loss  0.10 |
[2023-05-14 11:53:32] | epoch   5 | time:  3.39s | cv loss  0.44 | cv accuracy:  0.80 |
[2023-05-14 11:53:32] ---------------------------------------------------------------------------------------------------
[2023-05-14 11:53:48] ---------------------------------------------------------------------------------------------------
[2023-05-14 11:53:48] | epoch   6 | time: 16.33s | training loss  0.06 |
[2023-05-14 11:53:51] | epoch   6 | time:  3.13s | cv loss  0.44 | cv accuracy:  0.80 |
[2023-05-14 11:53:51] ---------------------------------------------------------------------------------------------------
[2023-05-14 11:54:07] ---------------------------------------------------------------------------------------------------
[2023-05-14 11:54:07] | epoch   7 | time: 15.95s | training loss  0.04 |
[2023-05-14 11:54:10] | epoch   7 | time:  2.97s | cv loss  0.47 | cv accuracy:  0.80 |
[2023-05-14 11:54:10] ---------------------------------------------------------------------------------------------------
[2023-05-14 11:54:27] ---------------------------------------------------------------------------------------------------
[2023-05-14 11:54:27] | epoch   8 | time: 16.46s | training loss  0.03 |
[2023-05-14 11:54:30] | epoch   8 | time:  2.87s | cv loss  0.44 | cv accuracy:  0.80 |
[2023-05-14 11:54:30] ---------------------------------------------------------------------------------------------------
[2023-05-14 11:54:46] ---------------------------------------------------------------------------------------------------
[2023-05-14 11:54:46] | epoch   9 | time: 16.05s | training loss  0.02 |
[2023-05-14 11:54:49] | epoch   9 | time:  2.73s | cv loss  0.48 | cv accuracy:  0.80 |
[2023-05-14 11:54:49] ---------------------------------------------------------------------------------------------------
[2023-05-14 11:55:05] ---------------------------------------------------------------------------------------------------
[2023-05-14 11:55:05] | epoch  10 | time: 16.39s | training loss  0.01 |
[2023-05-14 11:55:08] | epoch  10 | time:  3.05s | cv loss  0.49 | cv accuracy:  0.80 |
[2023-05-14 11:55:08] ---------------------------------------------------------------------------------------------------
[2023-05-14 11:55:24] ---------------------------------------------------------------------------------------------------
[2023-05-14 11:55:24] | epoch  11 | time: 16.29s | training loss  0.01 |
[2023-05-14 11:55:27] | epoch  11 | time:  3.17s | cv loss  0.49 | cv accuracy:  0.79 |
[2023-05-14 11:55:27] ---------------------------------------------------------------------------------------------------
[2023-05-14 11:55:44] ---------------------------------------------------------------------------------------------------
[2023-05-14 11:55:44] | epoch  12 | time: 16.09s | training loss  0.01 |
[2023-05-14 11:55:47] | epoch  12 | time:  2.95s | cv loss  0.49 | cv accuracy:  0.80 |
[2023-05-14 11:55:47] ---------------------------------------------------------------------------------------------------
