[2023-06-06 21:04:00] Storing files in experiments/Crnn/2023-06-06_21-04-06_9b078268046a11eeb5135cff35c1d408
[2023-06-06 21:04:00] batch_size: 64
[2023-06-06 21:04:00] data:
[2023-06-06 21:04:00]   audio_mix_ratio: 0.5
[2023-06-06 21:04:00]   augment_ratio: 1.0
[2023-06-06 21:04:00]   augment_type: random
[2023-06-06 21:04:00]   augmentation_list:
[2023-06-06 21:04:00]   - time_shift
[2023-06-06 21:04:00]   - mix_audio
[2023-06-06 21:04:00]   class_indice_file: data/metadata/class_label_indices.txt
[2023-06-06 21:04:00]   feature: data/dev/feature.csv
[2023-06-06 21:04:00]   label: data/dev/label.csv
[2023-06-06 21:04:00]   stratified: true
[2023-06-06 21:04:00] dataloader_args:
[2023-06-06 21:04:00]   batch_size: 64
[2023-06-06 21:04:00]   num_workers: 1
[2023-06-06 21:04:00] early_stop: 7
[2023-06-06 21:04:00] epochs: 100
[2023-06-06 21:04:00] loss: BceLoss
[2023-06-06 21:04:00] model:
[2023-06-06 21:04:00]   channel_list:
[2023-06-06 21:04:00]   - 1
[2023-06-06 21:04:00]   - 16
[2023-06-06 21:04:00]   - 32
[2023-06-06 21:04:00]   - 64
[2023-06-06 21:04:00]   - 128
[2023-06-06 21:04:00]   - 128
[2023-06-06 21:04:00]   hidden_size: 256
[2023-06-06 21:04:00]   kernel_list:
[2023-06-06 21:04:00]   - 2
[2023-06-06 21:04:00]   - 2
[2023-06-06 21:04:00]   - 1
[2023-06-06 21:04:00]   - 1
[2023-06-06 21:04:00]   - 1
[2023-06-06 21:04:00]   type: Crnn
[2023-06-06 21:04:00] num_workers: 2
[2023-06-06 21:04:00] optimizer:
[2023-06-06 21:04:00]   args:
[2023-06-06 21:04:00]     lr: 0.001
[2023-06-06 21:04:00]   type: AdamW
[2023-06-06 21:04:00] outputpath: experiments/
[2023-06-06 21:04:00] scheduler_args:
[2023-06-06 21:04:00]   factor: 0.1
[2023-06-06 21:04:00]   patience: 3
[2023-06-06 21:04:00] 
[2023-06-06 21:04:00] Running on device cpu
[2023-06-06 21:04:02] AdamW (
[2023-06-06 21:04:02] Parameter Group 0
[2023-06-06 21:04:02]     amsgrad: False
[2023-06-06 21:04:02]     betas: (0.9, 0.999)
[2023-06-06 21:04:02]     capturable: False
[2023-06-06 21:04:02]     eps: 1e-08
[2023-06-06 21:04:02]     foreach: None
[2023-06-06 21:04:02]     lr: 0.001
[2023-06-06 21:04:02]     maximize: False
[2023-06-06 21:04:02]     weight_decay: 0.01
[2023-06-06 21:04:02] )
[2023-06-06 21:04:02] Crnn(
[2023-06-06 21:04:02]   (bn): BatchNorm2d(1, eps=1e-05, momentum=0.1, affine=True, track_running_stats=True)
[2023-06-06 21:04:02]   (backbone): Sequential(
[2023-06-06 21:04:02]     (block1): Sequential(
[2023-06-06 21:04:02]       (0): Conv2d(1, 16, kernel_size=(2, 2), stride=(1, 1))
[2023-06-06 21:04:02]       (1): BatchNorm2d(16, eps=1e-05, momentum=0.1, affine=True, track_running_stats=True)
[2023-06-06 21:04:02]       (2): ReLU()
[2023-06-06 21:04:02]       (3): MaxPool2d(kernel_size=(2, 2), stride=(2, 2), padding=0, dilation=1, ceil_mode=False)
[2023-06-06 21:04:02]     )
[2023-06-06 21:04:02]     (block2): Sequential(
[2023-06-06 21:04:02]       (0): Conv2d(16, 32, kernel_size=(2, 2), stride=(1, 1))
[2023-06-06 21:04:02]       (1): BatchNorm2d(32, eps=1e-05, momentum=0.1, affine=True, track_running_stats=True)
[2023-06-06 21:04:02]       (2): ReLU()
[2023-06-06 21:04:02]       (3): MaxPool2d(kernel_size=(2, 2), stride=(2, 2), padding=0, dilation=1, ceil_mode=False)
[2023-06-06 21:04:02]     )
[2023-06-06 21:04:02]     (block3): Sequential(
[2023-06-06 21:04:02]       (0): Conv2d(32, 64, kernel_size=(1, 2), stride=(1, 1))
[2023-06-06 21:04:02]       (1): BatchNorm2d(64, eps=1e-05, momentum=0.1, affine=True, track_running_stats=True)
[2023-06-06 21:04:02]       (2): ReLU()
[2023-06-06 21:04:02]       (3): MaxPool2d(kernel_size=(1, 2), stride=(1, 2), padding=0, dilation=1, ceil_mode=False)
[2023-06-06 21:04:02]     )
[2023-06-06 21:04:02]     (block4): Sequential(
[2023-06-06 21:04:02]       (0): Conv2d(64, 128, kernel_size=(1, 2), stride=(1, 1))
[2023-06-06 21:04:02]       (1): BatchNorm2d(128, eps=1e-05, momentum=0.1, affine=True, track_running_stats=True)
[2023-06-06 21:04:02]       (2): ReLU()
[2023-06-06 21:04:02]       (3): MaxPool2d(kernel_size=(1, 2), stride=(1, 2), padding=0, dilation=1, ceil_mode=False)
[2023-06-06 21:04:02]     )
[2023-06-06 21:04:02]     (block5): Sequential(
[2023-06-06 21:04:02]       (0): Conv2d(128, 128, kernel_size=(1, 2), stride=(1, 1))
[2023-06-06 21:04:02]       (1): BatchNorm2d(128, eps=1e-05, momentum=0.1, affine=True, track_running_stats=True)
[2023-06-06 21:04:02]       (2): ReLU()
[2023-06-06 21:04:02]       (3): MaxPool2d(kernel_size=(1, 2), stride=(1, 2), padding=0, dilation=1, ceil_mode=False)
[2023-06-06 21:04:02]     )
[2023-06-06 21:04:02]   )
[2023-06-06 21:04:02]   (BiGRU): GRU(128, 256, batch_first=True, bidirectional=True)
[2023-06-06 21:04:02]   (fc): Linear(in_features=512, out_features=10, bias=True)
[2023-06-06 21:04:02] )
[2023-06-06 21:05:46] Epoch 1   training_loss: 0.38  val_loss: 0.35  precision: 0.18  recall: 0.13  f1: 0.14
[2023-06-06 21:07:31] Epoch 2   training_loss: 0.31  val_loss: 0.30  precision: 0.39  recall: 0.19  f1: 0.24
[2023-06-06 21:09:17] Epoch 3   training_loss: 0.27  val_loss: 0.35  precision: 0.40  recall: 0.22  f1: 0.22
[2023-06-06 21:11:03] Epoch 4   training_loss: 0.24  val_loss: 0.23  precision: 0.74  recall: 0.39  f1: 0.45
[2023-06-06 21:12:49] Epoch 5   training_loss: 0.22  val_loss: 0.23  precision: 0.65  recall: 0.45  f1: 0.48
[2023-06-06 21:14:33] Epoch 6   training_loss: 0.20  val_loss: 0.24  precision: 0.74  recall: 0.50  f1: 0.54
[2023-06-06 21:16:19] Epoch 7   training_loss: 0.19  val_loss: 0.18  precision: 0.78  recall: 0.57  f1: 0.62
[2023-06-06 21:18:06] Epoch 8   training_loss: 0.17  val_loss: 0.18  precision: 0.81  recall: 0.60  f1: 0.68
[2023-06-06 21:19:52] Epoch 9   training_loss: 0.17  val_loss: 0.19  precision: 0.70  recall: 0.63  f1: 0.64
[2023-06-06 21:21:39] Epoch 10   training_loss: 0.15  val_loss: 0.26  precision: 0.68  recall: 0.50  f1: 0.54
[2023-06-06 21:23:24] Epoch 11   training_loss: 0.15  val_loss: 0.20  precision: 0.77  recall: 0.56  f1: 0.61
[2023-06-06 21:25:09] Epoch 12   training_loss: 0.13  val_loss: 0.17  precision: 0.82  recall: 0.62  f1: 0.69
[2023-06-06 21:26:54] Epoch 13   training_loss: 0.13  val_loss: 0.19  precision: 0.80  recall: 0.55  f1: 0.63
[2023-06-06 21:28:41] Epoch 14   training_loss: 0.12  val_loss: 0.20  precision: 0.80  recall: 0.65  f1: 0.70
[2023-06-06 21:30:27] Epoch 15   training_loss: 0.12  val_loss: 0.20  precision: 0.81  recall: 0.62  f1: 0.69
[2023-06-06 21:32:13] Epoch 16   training_loss: 0.11  val_loss: 0.19  precision: 0.78  recall: 0.63  f1: 0.68
[2023-06-06 21:34:00] Epoch 17   training_loss: 0.10  val_loss: 0.15  precision: 0.83  recall: 0.68  f1: 0.74
[2023-06-06 21:35:46] Epoch 18   training_loss: 0.09  val_loss: 0.15  precision: 0.80  recall: 0.67  f1: 0.73
[2023-06-06 21:37:31] Epoch 19   training_loss: 0.08  val_loss: 0.16  precision: 0.82  recall: 0.69  f1: 0.75
[2023-06-06 21:39:16] Epoch 20   training_loss: 0.08  val_loss: 0.16  precision: 0.81  recall: 0.70  f1: 0.75
[2023-06-06 21:40:59] Epoch 21   training_loss: 0.08  val_loss: 0.16  precision: 0.82  recall: 0.69  f1: 0.74
[2023-06-06 21:42:41] Epoch 22   training_loss: 0.08  val_loss: 0.16  precision: 0.81  recall: 0.70  f1: 0.75
[2023-06-06 21:44:27] Epoch 23   training_loss: 0.08  val_loss: 0.16  precision: 0.79  recall: 0.68  f1: 0.73
[2023-06-06 21:46:11] Epoch 24   training_loss: 0.08  val_loss: 0.16  precision: 0.81  recall: 0.69  f1: 0.74
[2023-06-06 21:47:55] Epoch 25   training_loss: 0.08  val_loss: 0.16  precision: 0.79  recall: 0.70  f1: 0.74
