[2023-05-15 15:05:40] Storing files in experiments/Crnn/2023-05-15_15-05-05_e69dde4ef2ee11edaa4e5cff35c18da5
[2023-05-15 15:05:40] batch_size: 64
[2023-05-15 15:05:40] data:
[2023-05-15 15:05:40]   augmentation_list:
[2023-05-15 15:05:40]   - time_shift
[2023-05-15 15:05:40]   - add_uniform_noise
[2023-05-15 15:05:40]   - add_gaussian_noise
[2023-05-15 15:05:40]   class_indice_file: data/metadata/class_label_indices.txt
[2023-05-15 15:05:40]   feature: data/dev/feature.csv
[2023-05-15 15:05:40]   label: data/dev/label.csv
[2023-05-15 15:05:40]   stratified: true
[2023-05-15 15:05:40] dataloader_args:
[2023-05-15 15:05:40]   batch_size: 64
[2023-05-15 15:05:40]   num_workers: 1
[2023-05-15 15:05:40] early_stop: 7
[2023-05-15 15:05:40] epochs: 100
[2023-05-15 15:05:40] loss: BceLoss
[2023-05-15 15:05:40] model:
[2023-05-15 15:05:40]   args:
[2023-05-15 15:05:40]     hidden_size: 128
[2023-05-15 15:05:40]   type: Crnn
[2023-05-15 15:05:40] num_workers: 2
[2023-05-15 15:05:40] optimizer:
[2023-05-15 15:05:40]   args:
[2023-05-15 15:05:40]     lr: 0.001
[2023-05-15 15:05:40]   type: AdamW
[2023-05-15 15:05:40] outputpath: experiments/
[2023-05-15 15:05:40] scheduler_args:
[2023-05-15 15:05:40]   factor: 0.1
[2023-05-15 15:05:40]   patience: 3
[2023-05-15 15:05:40] 
[2023-05-15 15:05:40] Running on device cuda
[2023-05-15 15:06:03] AdamW (
[2023-05-15 15:06:03] Parameter Group 0
[2023-05-15 15:06:03]     amsgrad: False
[2023-05-15 15:06:03]     betas: (0.9, 0.999)
[2023-05-15 15:06:03]     capturable: False
[2023-05-15 15:06:03]     eps: 1e-08
[2023-05-15 15:06:03]     foreach: None
[2023-05-15 15:06:03]     lr: 0.001
[2023-05-15 15:06:03]     maximize: False
[2023-05-15 15:06:03]     weight_decay: 0.01
[2023-05-15 15:06:03] )
[2023-05-15 15:06:03] Crnn(
[2023-05-15 15:06:03]   (bn): BatchNorm2d(1, eps=1e-05, momentum=0.1, affine=True, track_running_stats=True)
[2023-05-15 15:06:03]   (backbone): Sequential(
[2023-05-15 15:06:03]     (block1): Sequential(
[2023-05-15 15:06:03]       (0): Conv2d(1, 16, kernel_size=(2, 2), stride=(1, 1))
[2023-05-15 15:06:03]       (1): BatchNorm2d(16, eps=1e-05, momentum=0.1, affine=True, track_running_stats=True)
[2023-05-15 15:06:03]       (2): ReLU()
[2023-05-15 15:06:03]       (3): MaxPool2d(kernel_size=(2, 2), stride=(2, 2), padding=0, dilation=1, ceil_mode=False)
[2023-05-15 15:06:03]     )
[2023-05-15 15:06:03]     (block2): Sequential(
[2023-05-15 15:06:03]       (0): Conv2d(16, 32, kernel_size=(2, 2), stride=(1, 1))
[2023-05-15 15:06:03]       (1): BatchNorm2d(32, eps=1e-05, momentum=0.1, affine=True, track_running_stats=True)
[2023-05-15 15:06:03]       (2): ReLU()
[2023-05-15 15:06:03]       (3): MaxPool2d(kernel_size=(2, 2), stride=(2, 2), padding=0, dilation=1, ceil_mode=False)
[2023-05-15 15:06:03]     )
[2023-05-15 15:06:03]     (block3): Sequential(
[2023-05-15 15:06:03]       (0): Conv2d(32, 64, kernel_size=(1, 2), stride=(1, 1))
[2023-05-15 15:06:03]       (1): BatchNorm2d(64, eps=1e-05, momentum=0.1, affine=True, track_running_stats=True)
[2023-05-15 15:06:03]       (2): ReLU()
[2023-05-15 15:06:03]       (3): MaxPool2d(kernel_size=(1, 2), stride=(1, 2), padding=0, dilation=1, ceil_mode=False)
[2023-05-15 15:06:03]     )
[2023-05-15 15:06:03]     (block4): Sequential(
[2023-05-15 15:06:03]       (0): Conv2d(64, 128, kernel_size=(1, 2), stride=(1, 1))
[2023-05-15 15:06:03]       (1): BatchNorm2d(128, eps=1e-05, momentum=0.1, affine=True, track_running_stats=True)
[2023-05-15 15:06:03]       (2): ReLU()
[2023-05-15 15:06:03]       (3): MaxPool2d(kernel_size=(1, 2), stride=(1, 2), padding=0, dilation=1, ceil_mode=False)
[2023-05-15 15:06:03]     )
[2023-05-15 15:06:03]     (block5): Sequential(
[2023-05-15 15:06:03]       (0): Conv2d(128, 128, kernel_size=(1, 2), stride=(1, 1))
[2023-05-15 15:06:03]       (1): BatchNorm2d(128, eps=1e-05, momentum=0.1, affine=True, track_running_stats=True)
[2023-05-15 15:06:03]       (2): ReLU()
[2023-05-15 15:06:03]       (3): MaxPool2d(kernel_size=(1, 2), stride=(1, 2), padding=0, dilation=1, ceil_mode=False)
[2023-05-15 15:06:03]     )
[2023-05-15 15:06:03]   )
[2023-05-15 15:06:03]   (BiGRU): GRU(128, 128, batch_first=True, bidirectional=True)
[2023-05-15 15:06:03]   (avg): AvgPool2d(kernel_size=(1, 2), stride=(1, 2), padding=0)
[2023-05-15 15:06:03]   (fc): Linear(in_features=256, out_features=10, bias=True)
[2023-05-15 15:06:03] )
[2023-05-15 15:06:13] Epoch 1   training_loss: 0.38  val_loss: 0.33  precision: 0.18  recall: 0.04  f1: 0.07
[2023-05-15 15:06:16] Epoch 2   training_loss: 0.30  val_loss: 0.28  precision: 0.32  recall: 0.17  f1: 0.21
[2023-05-15 15:06:19] Epoch 3   training_loss: 0.26  val_loss: 0.41  precision: 0.34  recall: 0.16  f1: 0.15
[2023-05-15 15:06:22] Epoch 4   training_loss: 0.22  val_loss: 0.25  precision: 0.65  recall: 0.37  f1: 0.40
[2023-05-15 15:06:25] Epoch 5   training_loss: 0.20  val_loss: 0.33  precision: 0.62  recall: 0.40  f1: 0.38
[2023-05-15 15:06:29] Epoch 6   training_loss: 0.18  val_loss: 0.22  precision: 0.62  recall: 0.46  f1: 0.51
[2023-05-15 15:06:32] Epoch 7   training_loss: 0.16  val_loss: 0.21  precision: 0.86  recall: 0.49  f1: 0.56
[2023-05-15 15:06:35] Epoch 8   training_loss: 0.14  val_loss: 0.22  precision: 0.67  recall: 0.54  f1: 0.56
[2023-05-15 15:06:38] Epoch 9   training_loss: 0.13  val_loss: 0.23  precision: 0.65  recall: 0.58  f1: 0.54
[2023-05-15 15:06:41] Epoch 10   training_loss: 0.12  val_loss: 0.29  precision: 0.71  recall: 0.61  f1: 0.58
[2023-05-15 15:06:44] Epoch 11   training_loss: 0.10  val_loss: 0.22  precision: 0.75  recall: 0.60  f1: 0.62
[2023-05-15 15:06:48] Epoch 12   training_loss: 0.08  val_loss: 0.18  precision: 0.78  recall: 0.73  f1: 0.74
[2023-05-15 15:06:51] Epoch 13   training_loss: 0.07  val_loss: 0.17  precision: 0.79  recall: 0.72  f1: 0.74
[2023-05-15 15:06:54] Epoch 14   training_loss: 0.07  val_loss: 0.17  precision: 0.78  recall: 0.71  f1: 0.73
[2023-05-15 15:06:57] Epoch 15   training_loss: 0.07  val_loss: 0.17  precision: 0.78  recall: 0.72  f1: 0.74
[2023-05-15 15:07:01] Epoch 16   training_loss: 0.06  val_loss: 0.16  precision: 0.79  recall: 0.71  f1: 0.74
[2023-05-15 15:07:04] Epoch 17   training_loss: 0.06  val_loss: 0.17  precision: 0.78  recall: 0.71  f1: 0.73
[2023-05-15 15:07:07] Epoch 18   training_loss: 0.06  val_loss: 0.16  precision: 0.78  recall: 0.72  f1: 0.74
[2023-05-15 15:07:10] Epoch 19   training_loss: 0.06  val_loss: 0.18  precision: 0.77  recall: 0.68  f1: 0.71
[2023-05-15 15:07:14] Epoch 20   training_loss: 0.06  val_loss: 0.17  precision: 0.79  recall: 0.71  f1: 0.74
[2023-05-15 15:07:17] Epoch 21   training_loss: 0.06  val_loss: 0.17  precision: 0.79  recall: 0.71  f1: 0.74
[2023-05-15 15:07:20] Epoch 22   training_loss: 0.06  val_loss: 0.17  precision: 0.77  recall: 0.72  f1: 0.74
[2023-05-15 15:07:24] Epoch 23   training_loss: 0.05  val_loss: 0.17  precision: 0.78  recall: 0.72  f1: 0.74
[2023-05-15 15:07:27] Epoch 24   training_loss: 0.05  val_loss: 0.16  precision: 0.79  recall: 0.73  f1: 0.75
[2023-05-15 15:07:30] Epoch 25   training_loss: 0.05  val_loss: 0.17  precision: 0.78  recall: 0.70  f1: 0.73
