[2023-05-14 10:52:48] ---------------------------------------------------------------------------------------------------
[2023-05-14 10:52:48] | epoch   1 | time: 27.81s | training loss  1.59 |
[2023-05-14 10:52:51] | epoch   1 | time:  3.55s | cv loss  1.16 | cv accuracy:  0.56 |
[2023-05-14 10:52:51] ---------------------------------------------------------------------------------------------------
[2023-05-14 10:53:06] ---------------------------------------------------------------------------------------------------
[2023-05-14 10:53:06] | epoch   2 | time: 14.99s | training loss  0.90 |
[2023-05-14 10:53:09] | epoch   2 | time:  2.61s | cv loss  0.93 | cv accuracy:  0.61 |
[2023-05-14 10:53:09] ---------------------------------------------------------------------------------------------------
[2023-05-14 10:53:24] ---------------------------------------------------------------------------------------------------
[2023-05-14 10:53:24] | epoch   3 | time: 15.43s | training loss  0.63 |
[2023-05-14 10:53:27] | epoch   3 | time:  2.78s | cv loss  0.84 | cv accuracy:  0.67 |
[2023-05-14 10:53:27] ---------------------------------------------------------------------------------------------------
[2023-05-14 10:53:42] ---------------------------------------------------------------------------------------------------
[2023-05-14 10:53:42] | epoch   4 | time: 14.75s | training loss  0.49 |
[2023-05-14 10:53:45] | epoch   4 | time:  3.13s | cv loss  0.82 | cv accuracy:  0.68 |
[2023-05-14 10:53:45] ---------------------------------------------------------------------------------------------------
[2023-05-14 10:54:00] ---------------------------------------------------------------------------------------------------
[2023-05-14 10:54:00] | epoch   5 | time: 14.63s | training loss  0.38 |
[2023-05-14 10:54:03] | epoch   5 | time:  3.14s | cv loss  0.82 | cv accuracy:  0.68 |
[2023-05-14 10:54:03] ---------------------------------------------------------------------------------------------------
[2023-05-14 10:54:17] ---------------------------------------------------------------------------------------------------
[2023-05-14 10:54:17] | epoch   6 | time: 14.56s | training loss  0.31 |
[2023-05-14 10:54:21] | epoch   6 | time:  3.01s | cv loss  0.81 | cv accuracy:  0.69 |
[2023-05-14 10:54:21] ---------------------------------------------------------------------------------------------------
[2023-05-14 10:54:35] ---------------------------------------------------------------------------------------------------
[2023-05-14 10:54:35] | epoch   7 | time: 14.93s | training loss  0.26 |
[2023-05-14 10:54:38] | epoch   7 | time:  3.04s | cv loss  0.80 | cv accuracy:  0.71 |
[2023-05-14 10:54:38] ---------------------------------------------------------------------------------------------------
[2023-05-14 10:54:53] ---------------------------------------------------------------------------------------------------
[2023-05-14 10:54:53] | epoch   8 | time: 14.55s | training loss  0.22 |
[2023-05-14 10:54:56] | epoch   8 | time:  2.86s | cv loss  0.82 | cv accuracy:  0.70 |
[2023-05-14 10:54:56] ---------------------------------------------------------------------------------------------------
[2023-05-14 10:55:11] ---------------------------------------------------------------------------------------------------
[2023-05-14 10:55:11] | epoch   9 | time: 14.69s | training loss  0.18 |
[2023-05-14 10:55:14] | epoch   9 | time:  2.93s | cv loss  0.84 | cv accuracy:  0.68 |
[2023-05-14 10:55:14] ---------------------------------------------------------------------------------------------------
[2023-05-14 10:55:29] ---------------------------------------------------------------------------------------------------
[2023-05-14 10:55:29] | epoch  10 | time: 15.49s | training loss  0.15 |
[2023-05-14 10:55:32] | epoch  10 | time:  3.17s | cv loss  0.84 | cv accuracy:  0.70 |
[2023-05-14 10:55:32] ---------------------------------------------------------------------------------------------------
[2023-05-14 10:55:47] ---------------------------------------------------------------------------------------------------
[2023-05-14 10:55:47] | epoch  11 | time: 15.24s | training loss  0.13 |
[2023-05-14 10:55:50] | epoch  11 | time:  2.88s | cv loss  0.87 | cv accuracy:  0.69 |
[2023-05-14 10:55:50] ---------------------------------------------------------------------------------------------------
[2023-05-14 10:56:05] ---------------------------------------------------------------------------------------------------
[2023-05-14 10:56:05] | epoch  12 | time: 14.90s | training loss  0.11 |
[2023-05-14 10:56:08] | epoch  12 | time:  2.60s | cv loss  0.87 | cv accuracy:  0.70 |
[2023-05-14 10:56:08] ---------------------------------------------------------------------------------------------------
[2023-05-14 10:56:23] ---------------------------------------------------------------------------------------------------
[2023-05-14 10:56:23] | epoch  13 | time: 15.26s | training loss  0.11 |
[2023-05-14 10:56:26] | epoch  13 | time:  2.85s | cv loss  0.87 | cv accuracy:  0.70 |
[2023-05-14 10:56:26] ---------------------------------------------------------------------------------------------------
[2023-05-14 10:56:41] ---------------------------------------------------------------------------------------------------
[2023-05-14 10:56:41] | epoch  14 | time: 14.81s | training loss  0.10 |
[2023-05-14 10:56:44] | epoch  14 | time:  2.92s | cv loss  0.87 | cv accuracy:  0.70 |
[2023-05-14 10:56:44] ---------------------------------------------------------------------------------------------------
