[2023-05-15 13:35:37] Storing files in experiments/Crnn/2023-05-15_13-35-05_522ea128f2e211eda8085cff35c18da5
[2023-05-15 13:35:37] batch_size: 64
[2023-05-15 13:35:37] data:
[2023-05-15 13:35:37]   augmentation_list:
[2023-05-15 13:35:37]   - time_shift
[2023-05-15 13:35:37]   - time_mask
[2023-05-15 13:35:37]   - add_uniform_noise
[2023-05-15 13:35:37]   - add_gaussian_noise
[2023-05-15 13:35:37]   - mix_audio
[2023-05-15 13:35:37]   class_indice_file: data/metadata/class_label_indices.txt
[2023-05-15 13:35:37]   feature: data/dev/feature.csv
[2023-05-15 13:35:37]   label: data/dev/label.csv
[2023-05-15 13:35:37]   stratified: true
[2023-05-15 13:35:37] dataloader_args:
[2023-05-15 13:35:37]   batch_size: 64
[2023-05-15 13:35:37]   num_workers: 1
[2023-05-15 13:35:37] early_stop: 7
[2023-05-15 13:35:37] epochs: 100
[2023-05-15 13:35:37] loss: BceLoss
[2023-05-15 13:35:37] model:
[2023-05-15 13:35:37]   args:
[2023-05-15 13:35:37]     hidden_size: 128
[2023-05-15 13:35:37]   type: Crnn
[2023-05-15 13:35:37] num_workers: 2
[2023-05-15 13:35:37] optimizer:
[2023-05-15 13:35:37]   args:
[2023-05-15 13:35:37]     lr: 0.001
[2023-05-15 13:35:37]   type: AdamW
[2023-05-15 13:35:37] outputpath: experiments/
[2023-05-15 13:35:37] scheduler_args:
[2023-05-15 13:35:37]   factor: 0.1
[2023-05-15 13:35:37]   patience: 3
[2023-05-15 13:35:37] 
[2023-05-15 13:35:37] Running on device cuda
[2023-05-15 13:35:47] AdamW (
[2023-05-15 13:35:47] Parameter Group 0
[2023-05-15 13:35:47]     amsgrad: False
[2023-05-15 13:35:47]     betas: (0.9, 0.999)
[2023-05-15 13:35:47]     capturable: False
[2023-05-15 13:35:47]     eps: 1e-08
[2023-05-15 13:35:47]     foreach: None
[2023-05-15 13:35:47]     lr: 0.001
[2023-05-15 13:35:47]     maximize: False
[2023-05-15 13:35:47]     weight_decay: 0.01
[2023-05-15 13:35:47] )
[2023-05-15 13:35:47] Crnn(
[2023-05-15 13:35:47]   (bn): BatchNorm2d(1, eps=1e-05, momentum=0.1, affine=True, track_running_stats=True)
[2023-05-15 13:35:47]   (backbone): Sequential(
[2023-05-15 13:35:47]     (block1): Sequential(
[2023-05-15 13:35:47]       (0): Conv2d(1, 16, kernel_size=(2, 2), stride=(1, 1))
[2023-05-15 13:35:47]       (1): BatchNorm2d(16, eps=1e-05, momentum=0.1, affine=True, track_running_stats=True)
[2023-05-15 13:35:47]       (2): ReLU()
[2023-05-15 13:35:47]       (3): MaxPool2d(kernel_size=(2, 2), stride=(2, 2), padding=0, dilation=1, ceil_mode=False)
[2023-05-15 13:35:47]     )
[2023-05-15 13:35:47]     (block2): Sequential(
[2023-05-15 13:35:47]       (0): Conv2d(16, 32, kernel_size=(2, 2), stride=(1, 1))
[2023-05-15 13:35:47]       (1): BatchNorm2d(32, eps=1e-05, momentum=0.1, affine=True, track_running_stats=True)
[2023-05-15 13:35:47]       (2): ReLU()
[2023-05-15 13:35:47]       (3): MaxPool2d(kernel_size=(2, 2), stride=(2, 2), padding=0, dilation=1, ceil_mode=False)
[2023-05-15 13:35:47]     )
[2023-05-15 13:35:47]     (block3): Sequential(
[2023-05-15 13:35:47]       (0): Conv2d(32, 64, kernel_size=(1, 2), stride=(1, 1))
[2023-05-15 13:35:47]       (1): BatchNorm2d(64, eps=1e-05, momentum=0.1, affine=True, track_running_stats=True)
[2023-05-15 13:35:47]       (2): ReLU()
[2023-05-15 13:35:47]       (3): MaxPool2d(kernel_size=(1, 2), stride=(1, 2), padding=0, dilation=1, ceil_mode=False)
[2023-05-15 13:35:47]     )
[2023-05-15 13:35:47]     (block4): Sequential(
[2023-05-15 13:35:47]       (0): Conv2d(64, 128, kernel_size=(1, 2), stride=(1, 1))
[2023-05-15 13:35:47]       (1): BatchNorm2d(128, eps=1e-05, momentum=0.1, affine=True, track_running_stats=True)
[2023-05-15 13:35:47]       (2): ReLU()
[2023-05-15 13:35:47]       (3): MaxPool2d(kernel_size=(1, 2), stride=(1, 2), padding=0, dilation=1, ceil_mode=False)
[2023-05-15 13:35:47]     )
[2023-05-15 13:35:47]     (block5): Sequential(
[2023-05-15 13:35:47]       (0): Conv2d(128, 128, kernel_size=(1, 2), stride=(1, 1))
[2023-05-15 13:35:47]       (1): BatchNorm2d(128, eps=1e-05, momentum=0.1, affine=True, track_running_stats=True)
[2023-05-15 13:35:47]       (2): ReLU()
[2023-05-15 13:35:47]       (3): MaxPool2d(kernel_size=(1, 2), stride=(1, 2), padding=0, dilation=1, ceil_mode=False)
[2023-05-15 13:35:47]     )
[2023-05-15 13:35:47]   )
[2023-05-15 13:35:47]   (BiGRU): GRU(128, 128, batch_first=True, bidirectional=True)
[2023-05-15 13:35:47]   (avg): AvgPool2d(kernel_size=(1, 2), stride=(1, 2), padding=0)
[2023-05-15 13:35:47]   (fc): Linear(in_features=256, out_features=10, bias=True)
[2023-05-15 13:35:47] )
[2023-05-15 13:35:52] Epoch 1   training_loss: 0.31  val_loss: 0.37  precision: 0.05  recall: 0.00  f1: 0.00
[2023-05-15 13:35:55] Epoch 2   training_loss: 0.24  val_loss: 0.30  precision: 0.21  recall: 0.09  f1: 0.12
[2023-05-15 13:35:58] Epoch 3   training_loss: 0.21  val_loss: 0.29  precision: 0.28  recall: 0.19  f1: 0.22
[2023-05-15 13:36:01] Epoch 4   training_loss: 0.20  val_loss: 0.38  precision: 0.38  recall: 0.21  f1: 0.22
[2023-05-15 13:36:04] Epoch 5   training_loss: 0.18  val_loss: 0.27  precision: 0.47  recall: 0.28  f1: 0.32
[2023-05-15 13:36:07] Epoch 6   training_loss: 0.17  val_loss: 0.23  precision: 0.56  recall: 0.35  f1: 0.39
[2023-05-15 13:36:10] Epoch 7   training_loss: 0.15  val_loss: 0.23  precision: 0.69  recall: 0.35  f1: 0.41
[2023-05-15 13:36:13] Epoch 8   training_loss: 0.14  val_loss: 0.25  precision: 0.72  recall: 0.37  f1: 0.42
[2023-05-15 13:36:16] Epoch 9   training_loss: 0.13  val_loss: 0.21  precision: 0.78  recall: 0.49  f1: 0.56
[2023-05-15 13:36:20] Epoch 10   training_loss: 0.12  val_loss: 0.21  precision: 0.85  recall: 0.52  f1: 0.60
[2023-05-15 13:36:23] Epoch 11   training_loss: 0.11  val_loss: 0.20  precision: 0.83  recall: 0.52  f1: 0.58
[2023-05-15 13:36:26] Epoch 12   training_loss: 0.10  val_loss: 0.21  precision: 0.86  recall: 0.48  f1: 0.56
[2023-05-15 13:36:29] Epoch 13   training_loss: 0.10  val_loss: 0.24  precision: 0.81  recall: 0.55  f1: 0.58
[2023-05-15 13:36:32] Epoch 14   training_loss: 0.10  val_loss: 0.19  precision: 0.87  recall: 0.55  f1: 0.61
[2023-05-15 13:36:35] Epoch 15   training_loss: 0.09  val_loss: 0.18  precision: 0.81  recall: 0.63  f1: 0.68
[2023-05-15 13:36:38] Epoch 16   training_loss: 0.09  val_loss: 0.26  precision: 0.79  recall: 0.41  f1: 0.49
[2023-05-15 13:36:41] Epoch 17   training_loss: 0.08  val_loss: 0.24  precision: 0.84  recall: 0.56  f1: 0.64
[2023-05-15 13:36:44] Epoch 18   training_loss: 0.07  val_loss: 0.28  precision: 0.75  recall: 0.47  f1: 0.52
[2023-05-15 13:36:47] Epoch 19   training_loss: 0.06  val_loss: 0.18  precision: 0.77  recall: 0.69  f1: 0.71
[2023-05-15 13:36:50] Epoch 20   training_loss: 0.07  val_loss: 0.21  precision: 0.74  recall: 0.55  f1: 0.61
[2023-05-15 13:36:53] Epoch 21   training_loss: 0.06  val_loss: 0.19  precision: 0.80  recall: 0.65  f1: 0.70
[2023-05-15 13:36:56] Epoch 22   training_loss: 0.05  val_loss: 0.22  precision: 0.80  recall: 0.64  f1: 0.69
[2023-05-15 13:36:59] Epoch 23   training_loss: 0.05  val_loss: 0.25  precision: 0.80  recall: 0.56  f1: 0.64
[2023-05-15 13:37:02] Epoch 24   training_loss: 0.04  val_loss: 0.17  precision: 0.83  recall: 0.67  f1: 0.73
[2023-05-15 13:37:05] Epoch 25   training_loss: 0.03  val_loss: 0.18  precision: 0.82  recall: 0.66  f1: 0.73
[2023-05-15 13:37:08] Epoch 26   training_loss: 0.03  val_loss: 0.17  precision: 0.81  recall: 0.67  f1: 0.73
[2023-05-15 13:37:11] Epoch 27   training_loss: 0.03  val_loss: 0.19  precision: 0.83  recall: 0.65  f1: 0.72
[2023-05-15 13:37:14] Epoch 28   training_loss: 0.03  val_loss: 0.19  precision: 0.80  recall: 0.65  f1: 0.70
[2023-05-15 13:37:17] Epoch 29   training_loss: 0.03  val_loss: 0.18  precision: 0.82  recall: 0.66  f1: 0.72
[2023-05-15 13:37:20] Epoch 30   training_loss: 0.03  val_loss: 0.18  precision: 0.82  recall: 0.65  f1: 0.72
[2023-05-15 13:37:23] Epoch 31   training_loss: 0.03  val_loss: 0.18  precision: 0.82  recall: 0.66  f1: 0.72
