[2023-05-05 13:57:43] Storing files in experiments/Crnn/2023-05-05_13-57-05_c062c038eb0911ed87c65cff35c18db0
[2023-05-05 13:57:43] batch_size: 64
[2023-05-05 13:57:43] data:
[2023-05-05 13:57:43]   augmentation_list: []
[2023-05-05 13:57:43]   class_indice_file: data/metadata/class_label_indices.txt
[2023-05-05 13:57:43]   feature: data/dev/feature.csv
[2023-05-05 13:57:43]   label: data/dev/label.csv
[2023-05-05 13:57:43]   stratified: true
[2023-05-05 13:57:43] dataloader_args:
[2023-05-05 13:57:43]   batch_size: 64
[2023-05-05 13:57:43]   num_workers: 1
[2023-05-05 13:57:43] early_stop: 7
[2023-05-05 13:57:43] epochs: 100
[2023-05-05 13:57:43] loss: BceLoss
[2023-05-05 13:57:43] model:
[2023-05-05 13:57:43]   args:
[2023-05-05 13:57:43]     hidden_size: 256
[2023-05-05 13:57:43]   type: Crnn
[2023-05-05 13:57:43] num_workers: 2
[2023-05-05 13:57:43] optimizer:
[2023-05-05 13:57:43]   args:
[2023-05-05 13:57:43]     lr: 0.001
[2023-05-05 13:57:43]   type: AdamW
[2023-05-05 13:57:43] outputpath: experiments/
[2023-05-05 13:57:43] scheduler_args:
[2023-05-05 13:57:43]   factor: 0.1
[2023-05-05 13:57:43]   patience: 3
[2023-05-05 13:57:43] 
[2023-05-05 13:57:43] Running on device cuda
[2023-05-05 13:57:48] AdamW (
[2023-05-05 13:57:48] Parameter Group 0
[2023-05-05 13:57:48]     amsgrad: False
[2023-05-05 13:57:48]     betas: (0.9, 0.999)
[2023-05-05 13:57:48]     capturable: False
[2023-05-05 13:57:48]     eps: 1e-08
[2023-05-05 13:57:48]     foreach: None
[2023-05-05 13:57:48]     lr: 0.001
[2023-05-05 13:57:48]     maximize: False
[2023-05-05 13:57:48]     weight_decay: 0.01
[2023-05-05 13:57:48] )
[2023-05-05 13:57:48] Crnn(
[2023-05-05 13:57:48]   (bn): BatchNorm2d(1, eps=1e-05, momentum=0.1, affine=True, track_running_stats=True)
[2023-05-05 13:57:48]   (backbone): Sequential(
[2023-05-05 13:57:48]     (block1): Sequential(
[2023-05-05 13:57:48]       (0): Conv2d(1, 16, kernel_size=(2, 2), stride=(1, 1))
[2023-05-05 13:57:48]       (1): BatchNorm2d(16, eps=1e-05, momentum=0.1, affine=True, track_running_stats=True)
[2023-05-05 13:57:48]       (2): ReLU()
[2023-05-05 13:57:48]       (3): MaxPool2d(kernel_size=(2, 2), stride=(2, 2), padding=0, dilation=1, ceil_mode=False)
[2023-05-05 13:57:48]     )
[2023-05-05 13:57:48]     (block2): Sequential(
[2023-05-05 13:57:48]       (0): Conv2d(16, 32, kernel_size=(2, 2), stride=(1, 1))
[2023-05-05 13:57:48]       (1): BatchNorm2d(32, eps=1e-05, momentum=0.1, affine=True, track_running_stats=True)
[2023-05-05 13:57:48]       (2): ReLU()
[2023-05-05 13:57:48]       (3): MaxPool2d(kernel_size=(2, 2), stride=(2, 2), padding=0, dilation=1, ceil_mode=False)
[2023-05-05 13:57:48]     )
[2023-05-05 13:57:48]     (block3): Sequential(
[2023-05-05 13:57:48]       (0): Conv2d(32, 64, kernel_size=(1, 2), stride=(1, 1))
[2023-05-05 13:57:48]       (1): BatchNorm2d(64, eps=1e-05, momentum=0.1, affine=True, track_running_stats=True)
[2023-05-05 13:57:48]       (2): ReLU()
[2023-05-05 13:57:48]       (3): MaxPool2d(kernel_size=(1, 2), stride=(1, 2), padding=0, dilation=1, ceil_mode=False)
[2023-05-05 13:57:48]     )
[2023-05-05 13:57:48]     (block4): Sequential(
[2023-05-05 13:57:48]       (0): Conv2d(64, 128, kernel_size=(1, 2), stride=(1, 1))
[2023-05-05 13:57:48]       (1): BatchNorm2d(128, eps=1e-05, momentum=0.1, affine=True, track_running_stats=True)
[2023-05-05 13:57:48]       (2): ReLU()
[2023-05-05 13:57:48]       (3): MaxPool2d(kernel_size=(1, 2), stride=(1, 2), padding=0, dilation=1, ceil_mode=False)
[2023-05-05 13:57:48]     )
[2023-05-05 13:57:48]     (block5): Sequential(
[2023-05-05 13:57:48]       (0): Conv2d(128, 128, kernel_size=(1, 2), stride=(1, 1))
[2023-05-05 13:57:48]       (1): BatchNorm2d(128, eps=1e-05, momentum=0.1, affine=True, track_running_stats=True)
[2023-05-05 13:57:48]       (2): ReLU()
[2023-05-05 13:57:48]       (3): MaxPool2d(kernel_size=(1, 2), stride=(1, 2), padding=0, dilation=1, ceil_mode=False)
[2023-05-05 13:57:48]     )
[2023-05-05 13:57:48]   )
[2023-05-05 13:57:48]   (BiGRU): GRU(128, 256, batch_first=True, bidirectional=True)
[2023-05-05 13:57:48]   (avg): AvgPool2d(kernel_size=(1, 2), stride=(1, 2), padding=0)
[2023-05-05 13:57:48]   (fc): Linear(in_features=512, out_features=10, bias=True)
[2023-05-05 13:57:48] )
[2023-05-05 13:57:53] Epoch 1   training_loss: 0.39  val_loss: 0.38  precision: 0.00  recall: 0.00  f1: 0.00
[2023-05-05 13:57:56] Epoch 2   training_loss: 0.31  val_loss: 0.31  precision: 0.29  recall: 0.08  f1: 0.13
[2023-05-05 13:57:59] Epoch 3   training_loss: 0.28  val_loss: 0.26  precision: 0.49  recall: 0.24  f1: 0.31
[2023-05-05 13:58:01] Epoch 4   training_loss: 0.25  val_loss: 0.24  precision: 0.53  recall: 0.31  f1: 0.37
[2023-05-05 13:58:04] Epoch 5   training_loss: 0.22  val_loss: 0.26  precision: 0.73  recall: 0.34  f1: 0.38
[2023-05-05 13:58:06] Epoch 6   training_loss: 0.20  val_loss: 0.23  precision: 0.71  recall: 0.41  f1: 0.45
[2023-05-05 13:58:09] Epoch 7   training_loss: 0.19  val_loss: 0.27  precision: 0.55  recall: 0.41  f1: 0.41
[2023-05-05 13:58:11] Epoch 8   training_loss: 0.18  val_loss: 0.27  precision: 0.49  recall: 0.39  f1: 0.42
[2023-05-05 13:58:14] Epoch 9   training_loss: 0.16  val_loss: 0.26  precision: 0.59  recall: 0.50  f1: 0.48
[2023-05-05 13:58:16] Epoch 10   training_loss: 0.15  val_loss: 0.19  precision: 0.76  recall: 0.56  f1: 0.62
[2023-05-05 13:58:19] Epoch 11   training_loss: 0.14  val_loss: 0.25  precision: 0.63  recall: 0.52  f1: 0.53
[2023-05-05 13:58:21] Epoch 12   training_loss: 0.13  val_loss: 0.28  precision: 0.78  recall: 0.46  f1: 0.44
[2023-05-05 13:58:24] Epoch 13   training_loss: 0.13  val_loss: 0.18  precision: 0.77  recall: 0.59  f1: 0.65
[2023-05-05 13:58:26] Epoch 14   training_loss: 0.11  val_loss: 0.27  precision: 0.65  recall: 0.54  f1: 0.53
[2023-05-05 13:58:29] Epoch 15   training_loss: 0.11  val_loss: 0.22  precision: 0.74  recall: 0.57  f1: 0.58
[2023-05-05 13:58:31] Epoch 16   training_loss: 0.10  val_loss: 0.25  precision: 0.81  recall: 0.50  f1: 0.58
[2023-05-05 13:58:34] Epoch 17   training_loss: 0.09  val_loss: 0.20  precision: 0.76  recall: 0.64  f1: 0.66
[2023-05-05 13:58:37] Epoch 18   training_loss: 0.08  val_loss: 0.16  precision: 0.83  recall: 0.69  f1: 0.75
[2023-05-05 13:58:39] Epoch 19   training_loss: 0.07  val_loss: 0.16  precision: 0.82  recall: 0.69  f1: 0.74
[2023-05-05 13:58:42] Epoch 20   training_loss: 0.06  val_loss: 0.15  precision: 0.82  recall: 0.70  f1: 0.75
[2023-05-05 13:58:44] Epoch 21   training_loss: 0.06  val_loss: 0.15  precision: 0.81  recall: 0.71  f1: 0.75
[2023-05-05 13:58:47] Epoch 22   training_loss: 0.06  val_loss: 0.16  precision: 0.81  recall: 0.71  f1: 0.75
[2023-05-05 13:58:49] Epoch 23   training_loss: 0.06  val_loss: 0.16  precision: 0.81  recall: 0.71  f1: 0.74
[2023-05-05 13:58:52] Epoch 24   training_loss: 0.05  val_loss: 0.16  precision: 0.81  recall: 0.71  f1: 0.75
[2023-05-05 13:58:55] Epoch 25   training_loss: 0.06  val_loss: 0.16  precision: 0.80  recall: 0.69  f1: 0.73
[2023-05-05 13:58:57] Epoch 26   training_loss: 0.05  val_loss: 0.15  precision: 0.80  recall: 0.68  f1: 0.73
[2023-05-05 13:59:00] Epoch 27   training_loss: 0.05  val_loss: 0.16  precision: 0.81  recall: 0.71  f1: 0.75
[2023-05-05 13:59:02] Epoch 28   training_loss: 0.05  val_loss: 0.15  precision: 0.81  recall: 0.71  f1: 0.75
