[2023-05-16 11:19:54] Storing files in experiments/Crnn/2023-05-16_11-19-05_8722202ef39811eda8a05cff35c18da5
[2023-05-16 11:19:54] batch_size: 64
[2023-05-16 11:19:54] data:
[2023-05-16 11:19:54]   audio_mix_ratio: 0.7
[2023-05-16 11:19:54]   augment_ratio: 1.0
[2023-05-16 11:19:54]   augment_type: random
[2023-05-16 11:19:54]   augmentation_list:
[2023-05-16 11:19:54]   - mix_audio
[2023-05-16 11:19:54]   class_indice_file: data/metadata/class_label_indices.txt
[2023-05-16 11:19:54]   feature: data/dev/feature.csv
[2023-05-16 11:19:54]   label: data/dev/label.csv
[2023-05-16 11:19:54]   stratified: true
[2023-05-16 11:19:54] dataloader_args:
[2023-05-16 11:19:54]   batch_size: 64
[2023-05-16 11:19:54]   num_workers: 1
[2023-05-16 11:19:54] early_stop: 7
[2023-05-16 11:19:54] epochs: 100
[2023-05-16 11:19:54] loss: BceLoss
[2023-05-16 11:19:54] model:
[2023-05-16 11:19:54]   args:
[2023-05-16 11:19:54]     hidden_size: 128
[2023-05-16 11:19:54]   type: Crnn
[2023-05-16 11:19:54] num_workers: 2
[2023-05-16 11:19:54] optimizer:
[2023-05-16 11:19:54]   args:
[2023-05-16 11:19:54]     lr: 0.001
[2023-05-16 11:19:54]   type: AdamW
[2023-05-16 11:19:54] outputpath: experiments/
[2023-05-16 11:19:54] scheduler_args:
[2023-05-16 11:19:54]   factor: 0.1
[2023-05-16 11:19:54]   patience: 3
[2023-05-16 11:19:54] 
[2023-05-16 11:19:54] Running on device cuda
[2023-05-16 11:20:00] AdamW (
[2023-05-16 11:20:00] Parameter Group 0
[2023-05-16 11:20:00]     amsgrad: False
[2023-05-16 11:20:00]     betas: (0.9, 0.999)
[2023-05-16 11:20:00]     capturable: False
[2023-05-16 11:20:00]     eps: 1e-08
[2023-05-16 11:20:00]     foreach: None
[2023-05-16 11:20:00]     lr: 0.001
[2023-05-16 11:20:00]     maximize: False
[2023-05-16 11:20:00]     weight_decay: 0.01
[2023-05-16 11:20:00] )
[2023-05-16 11:20:00] Crnn(
[2023-05-16 11:20:00]   (bn): BatchNorm2d(1, eps=1e-05, momentum=0.1, affine=True, track_running_stats=True)
[2023-05-16 11:20:00]   (backbone): Sequential(
[2023-05-16 11:20:00]     (block1): Sequential(
[2023-05-16 11:20:00]       (0): Conv2d(1, 16, kernel_size=(2, 2), stride=(1, 1))
[2023-05-16 11:20:00]       (1): BatchNorm2d(16, eps=1e-05, momentum=0.1, affine=True, track_running_stats=True)
[2023-05-16 11:20:00]       (2): ReLU()
[2023-05-16 11:20:00]       (3): MaxPool2d(kernel_size=(2, 2), stride=(2, 2), padding=0, dilation=1, ceil_mode=False)
[2023-05-16 11:20:00]     )
[2023-05-16 11:20:00]     (block2): Sequential(
[2023-05-16 11:20:00]       (0): Conv2d(16, 32, kernel_size=(2, 2), stride=(1, 1))
[2023-05-16 11:20:00]       (1): BatchNorm2d(32, eps=1e-05, momentum=0.1, affine=True, track_running_stats=True)
[2023-05-16 11:20:00]       (2): ReLU()
[2023-05-16 11:20:00]       (3): MaxPool2d(kernel_size=(2, 2), stride=(2, 2), padding=0, dilation=1, ceil_mode=False)
[2023-05-16 11:20:00]     )
[2023-05-16 11:20:00]     (block3): Sequential(
[2023-05-16 11:20:00]       (0): Conv2d(32, 64, kernel_size=(1, 2), stride=(1, 1))
[2023-05-16 11:20:00]       (1): BatchNorm2d(64, eps=1e-05, momentum=0.1, affine=True, track_running_stats=True)
[2023-05-16 11:20:00]       (2): ReLU()
[2023-05-16 11:20:00]       (3): MaxPool2d(kernel_size=(1, 2), stride=(1, 2), padding=0, dilation=1, ceil_mode=False)
[2023-05-16 11:20:00]     )
[2023-05-16 11:20:00]     (block4): Sequential(
[2023-05-16 11:20:00]       (0): Conv2d(64, 128, kernel_size=(1, 2), stride=(1, 1))
[2023-05-16 11:20:00]       (1): BatchNorm2d(128, eps=1e-05, momentum=0.1, affine=True, track_running_stats=True)
[2023-05-16 11:20:00]       (2): ReLU()
[2023-05-16 11:20:00]       (3): MaxPool2d(kernel_size=(1, 2), stride=(1, 2), padding=0, dilation=1, ceil_mode=False)
[2023-05-16 11:20:00]     )
[2023-05-16 11:20:00]     (block5): Sequential(
[2023-05-16 11:20:00]       (0): Conv2d(128, 128, kernel_size=(1, 2), stride=(1, 1))
[2023-05-16 11:20:00]       (1): BatchNorm2d(128, eps=1e-05, momentum=0.1, affine=True, track_running_stats=True)
[2023-05-16 11:20:00]       (2): ReLU()
[2023-05-16 11:20:00]       (3): MaxPool2d(kernel_size=(1, 2), stride=(1, 2), padding=0, dilation=1, ceil_mode=False)
[2023-05-16 11:20:00]     )
[2023-05-16 11:20:00]   )
[2023-05-16 11:20:00]   (BiGRU): GRU(128, 128, batch_first=True, bidirectional=True)
[2023-05-16 11:20:00]   (avg): AvgPool2d(kernel_size=(1, 2), stride=(1, 2), padding=0)
[2023-05-16 11:20:00]   (fc): Linear(in_features=256, out_features=10, bias=True)
[2023-05-16 11:20:00] )
[2023-05-16 11:20:05] Epoch 1   training_loss: 0.38  val_loss: 0.32  precision: 0.20  recall: 0.04  f1: 0.07
[2023-05-16 11:20:08] Epoch 2   training_loss: 0.31  val_loss: 0.29  precision: 0.33  recall: 0.19  f1: 0.23
[2023-05-16 11:20:11] Epoch 3   training_loss: 0.27  val_loss: 0.24  precision: 0.73  recall: 0.31  f1: 0.38
[2023-05-16 11:20:14] Epoch 4   training_loss: 0.25  val_loss: 0.27  precision: 0.76  recall: 0.40  f1: 0.44
[2023-05-16 11:20:17] Epoch 5   training_loss: 0.23  val_loss: 0.33  precision: 0.57  recall: 0.43  f1: 0.46
[2023-05-16 11:20:20] Epoch 6   training_loss: 0.22  val_loss: 0.25  precision: 0.67  recall: 0.38  f1: 0.46
[2023-05-16 11:20:23] Epoch 7   training_loss: 0.21  val_loss: 0.26  precision: 0.59  recall: 0.46  f1: 0.49
[2023-05-16 11:20:26] Epoch 8   training_loss: 0.19  val_loss: 0.18  precision: 0.76  recall: 0.56  f1: 0.62
[2023-05-16 11:20:29] Epoch 9   training_loss: 0.18  val_loss: 0.18  precision: 0.84  recall: 0.55  f1: 0.64
[2023-05-16 11:20:32] Epoch 10   training_loss: 0.18  val_loss: 0.18  precision: 0.81  recall: 0.54  f1: 0.63
[2023-05-16 11:20:35] Epoch 11   training_loss: 0.18  val_loss: 0.17  precision: 0.80  recall: 0.57  f1: 0.64
[2023-05-16 11:20:38] Epoch 12   training_loss: 0.18  val_loss: 0.17  precision: 0.81  recall: 0.59  f1: 0.67
[2023-05-16 11:20:41] Epoch 13   training_loss: 0.17  val_loss: 0.18  precision: 0.81  recall: 0.60  f1: 0.67
[2023-05-16 11:20:44] Epoch 14   training_loss: 0.17  val_loss: 0.17  precision: 0.80  recall: 0.62  f1: 0.69
[2023-05-16 11:20:47] Epoch 15   training_loss: 0.17  val_loss: 0.17  precision: 0.81  recall: 0.62  f1: 0.69
[2023-05-16 11:20:50] Epoch 16   training_loss: 0.17  val_loss: 0.17  precision: 0.82  recall: 0.61  f1: 0.68
[2023-05-16 11:20:53] Epoch 17   training_loss: 0.17  val_loss: 0.17  precision: 0.80  recall: 0.59  f1: 0.67
[2023-05-16 11:20:56] Epoch 18   training_loss: 0.16  val_loss: 0.17  precision: 0.82  recall: 0.61  f1: 0.69
[2023-05-16 11:20:59] Epoch 19   training_loss: 0.16  val_loss: 0.17  precision: 0.80  recall: 0.61  f1: 0.68
[2023-05-16 11:21:02] Epoch 20   training_loss: 0.16  val_loss: 0.17  precision: 0.82  recall: 0.62  f1: 0.69
[2023-05-16 11:21:05] Epoch 21   training_loss: 0.16  val_loss: 0.17  precision: 0.79  recall: 0.61  f1: 0.68
