[2023-05-15 15:23:09] Storing files in experiments/Crnn/2023-05-15_15-23-05_582fbac6f2f111edb49b5cff35c18da5
[2023-05-15 15:23:09] batch_size: 64
[2023-05-15 15:23:09] data:
[2023-05-15 15:23:09]   augmentation_list:
[2023-05-15 15:23:09]   - time_shift
[2023-05-15 15:23:09]   - mix_audio
[2023-05-15 15:23:09]   class_indice_file: data/metadata/class_label_indices.txt
[2023-05-15 15:23:09]   feature: data/dev/feature.csv
[2023-05-15 15:23:09]   label: data/dev/label.csv
[2023-05-15 15:23:09]   stratified: true
[2023-05-15 15:23:09] dataloader_args:
[2023-05-15 15:23:09]   batch_size: 64
[2023-05-15 15:23:09]   num_workers: 1
[2023-05-15 15:23:09] early_stop: 7
[2023-05-15 15:23:09] epochs: 100
[2023-05-15 15:23:09] loss: BceLoss
[2023-05-15 15:23:09] model:
[2023-05-15 15:23:09]   args:
[2023-05-15 15:23:09]     hidden_size: 128
[2023-05-15 15:23:09]   type: Crnn
[2023-05-15 15:23:09] num_workers: 2
[2023-05-15 15:23:09] optimizer:
[2023-05-15 15:23:09]   args:
[2023-05-15 15:23:09]     lr: 0.001
[2023-05-15 15:23:09]   type: AdamW
[2023-05-15 15:23:09] outputpath: experiments/
[2023-05-15 15:23:09] scheduler_args:
[2023-05-15 15:23:09]   factor: 0.1
[2023-05-15 15:23:09]   patience: 3
[2023-05-15 15:23:09] 
[2023-05-15 15:23:09] Running on device cuda
[2023-05-15 15:23:15] AdamW (
[2023-05-15 15:23:15] Parameter Group 0
[2023-05-15 15:23:15]     amsgrad: False
[2023-05-15 15:23:15]     betas: (0.9, 0.999)
[2023-05-15 15:23:15]     capturable: False
[2023-05-15 15:23:15]     eps: 1e-08
[2023-05-15 15:23:15]     foreach: None
[2023-05-15 15:23:15]     lr: 0.001
[2023-05-15 15:23:15]     maximize: False
[2023-05-15 15:23:15]     weight_decay: 0.01
[2023-05-15 15:23:15] )
[2023-05-15 15:23:15] Crnn(
[2023-05-15 15:23:15]   (bn): BatchNorm2d(1, eps=1e-05, momentum=0.1, affine=True, track_running_stats=True)
[2023-05-15 15:23:15]   (backbone): Sequential(
[2023-05-15 15:23:15]     (block1): Sequential(
[2023-05-15 15:23:15]       (0): Conv2d(1, 16, kernel_size=(2, 2), stride=(1, 1))
[2023-05-15 15:23:15]       (1): BatchNorm2d(16, eps=1e-05, momentum=0.1, affine=True, track_running_stats=True)
[2023-05-15 15:23:15]       (2): ReLU()
[2023-05-15 15:23:15]       (3): MaxPool2d(kernel_size=(2, 2), stride=(2, 2), padding=0, dilation=1, ceil_mode=False)
[2023-05-15 15:23:15]     )
[2023-05-15 15:23:15]     (block2): Sequential(
[2023-05-15 15:23:15]       (0): Conv2d(16, 32, kernel_size=(2, 2), stride=(1, 1))
[2023-05-15 15:23:15]       (1): BatchNorm2d(32, eps=1e-05, momentum=0.1, affine=True, track_running_stats=True)
[2023-05-15 15:23:15]       (2): ReLU()
[2023-05-15 15:23:15]       (3): MaxPool2d(kernel_size=(2, 2), stride=(2, 2), padding=0, dilation=1, ceil_mode=False)
[2023-05-15 15:23:15]     )
[2023-05-15 15:23:15]     (block3): Sequential(
[2023-05-15 15:23:15]       (0): Conv2d(32, 64, kernel_size=(1, 2), stride=(1, 1))
[2023-05-15 15:23:15]       (1): BatchNorm2d(64, eps=1e-05, momentum=0.1, affine=True, track_running_stats=True)
[2023-05-15 15:23:15]       (2): ReLU()
[2023-05-15 15:23:15]       (3): MaxPool2d(kernel_size=(1, 2), stride=(1, 2), padding=0, dilation=1, ceil_mode=False)
[2023-05-15 15:23:15]     )
[2023-05-15 15:23:15]     (block4): Sequential(
[2023-05-15 15:23:15]       (0): Conv2d(64, 128, kernel_size=(1, 2), stride=(1, 1))
[2023-05-15 15:23:15]       (1): BatchNorm2d(128, eps=1e-05, momentum=0.1, affine=True, track_running_stats=True)
[2023-05-15 15:23:15]       (2): ReLU()
[2023-05-15 15:23:15]       (3): MaxPool2d(kernel_size=(1, 2), stride=(1, 2), padding=0, dilation=1, ceil_mode=False)
[2023-05-15 15:23:15]     )
[2023-05-15 15:23:15]     (block5): Sequential(
[2023-05-15 15:23:15]       (0): Conv2d(128, 128, kernel_size=(1, 2), stride=(1, 1))
[2023-05-15 15:23:15]       (1): BatchNorm2d(128, eps=1e-05, momentum=0.1, affine=True, track_running_stats=True)
[2023-05-15 15:23:15]       (2): ReLU()
[2023-05-15 15:23:15]       (3): MaxPool2d(kernel_size=(1, 2), stride=(1, 2), padding=0, dilation=1, ceil_mode=False)
[2023-05-15 15:23:15]     )
[2023-05-15 15:23:15]   )
[2023-05-15 15:23:15]   (BiGRU): GRU(128, 128, batch_first=True, bidirectional=True)
[2023-05-15 15:23:15]   (avg): AvgPool2d(kernel_size=(1, 2), stride=(1, 2), padding=0)
[2023-05-15 15:23:15]   (fc): Linear(in_features=256, out_features=10, bias=True)
[2023-05-15 15:23:15] )
[2023-05-15 15:23:20] Epoch 1   training_loss: 0.39  val_loss: 0.33  precision: 0.13  recall: 0.02  f1: 0.04
[2023-05-15 15:23:23] Epoch 2   training_loss: 0.32  val_loss: 0.30  precision: 0.47  recall: 0.09  f1: 0.12
[2023-05-15 15:23:26] Epoch 3   training_loss: 0.29  val_loss: 0.36  precision: 0.28  recall: 0.17  f1: 0.15
[2023-05-15 15:23:29] Epoch 4   training_loss: 0.26  val_loss: 0.43  precision: 0.42  recall: 0.28  f1: 0.27
[2023-05-15 15:23:32] Epoch 5   training_loss: 0.24  val_loss: 0.27  precision: 0.66  recall: 0.36  f1: 0.39
[2023-05-15 15:23:35] Epoch 6   training_loss: 0.22  val_loss: 0.22  precision: 0.63  recall: 0.43  f1: 0.46
[2023-05-15 15:23:38] Epoch 7   training_loss: 0.21  val_loss: 0.25  precision: 0.76  recall: 0.36  f1: 0.41
[2023-05-15 15:23:42] Epoch 8   training_loss: 0.19  val_loss: 0.20  precision: 0.62  recall: 0.43  f1: 0.50
[2023-05-15 15:23:45] Epoch 9   training_loss: 0.18  val_loss: 0.21  precision: 0.73  recall: 0.55  f1: 0.57
[2023-05-15 15:23:48] Epoch 10   training_loss: 0.17  val_loss: 0.21  precision: 0.81  recall: 0.52  f1: 0.60
[2023-05-15 15:23:51] Epoch 11   training_loss: 0.16  val_loss: 0.21  precision: 0.69  recall: 0.57  f1: 0.57
[2023-05-15 15:23:55] Epoch 12   training_loss: 0.15  val_loss: 0.19  precision: 0.84  recall: 0.55  f1: 0.64
[2023-05-15 15:23:58] Epoch 13   training_loss: 0.14  val_loss: 0.18  precision: 0.79  recall: 0.60  f1: 0.66
[2023-05-15 15:24:01] Epoch 14   training_loss: 0.14  val_loss: 0.20  precision: 0.77  recall: 0.62  f1: 0.64
[2023-05-15 15:24:04] Epoch 15   training_loss: 0.13  val_loss: 0.18  precision: 0.80  recall: 0.66  f1: 0.70
[2023-05-15 15:24:07] Epoch 16   training_loss: 0.12  val_loss: 0.16  precision: 0.81  recall: 0.67  f1: 0.72
[2023-05-15 15:24:10] Epoch 17   training_loss: 0.12  val_loss: 0.18  precision: 0.78  recall: 0.60  f1: 0.66
[2023-05-15 15:24:14] Epoch 18   training_loss: 0.12  val_loss: 0.17  precision: 0.83  recall: 0.63  f1: 0.70
[2023-05-15 15:24:17] Epoch 19   training_loss: 0.12  val_loss: 0.18  precision: 0.81  recall: 0.70  f1: 0.73
[2023-05-15 15:24:20] Epoch 20   training_loss: 0.10  val_loss: 0.19  precision: 0.84  recall: 0.62  f1: 0.67
[2023-05-15 15:24:23] Epoch 21   training_loss: 0.09  val_loss: 0.15  precision: 0.83  recall: 0.72  f1: 0.76
[2023-05-15 15:24:26] Epoch 22   training_loss: 0.09  val_loss: 0.15  precision: 0.82  recall: 0.75  f1: 0.78
[2023-05-15 15:24:29] Epoch 23   training_loss: 0.08  val_loss: 0.15  precision: 0.81  recall: 0.76  f1: 0.78
[2023-05-15 15:24:32] Epoch 24   training_loss: 0.08  val_loss: 0.15  precision: 0.83  recall: 0.76  f1: 0.79
[2023-05-15 15:24:35] Epoch 25   training_loss: 0.08  val_loss: 0.15  precision: 0.82  recall: 0.74  f1: 0.78
[2023-05-15 15:24:38] Epoch 26   training_loss: 0.08  val_loss: 0.15  precision: 0.82  recall: 0.75  f1: 0.78
[2023-05-15 15:24:41] Epoch 27   training_loss: 0.08  val_loss: 0.15  precision: 0.82  recall: 0.75  f1: 0.78
[2023-05-15 15:24:44] Epoch 28   training_loss: 0.08  val_loss: 0.15  precision: 0.81  recall: 0.76  f1: 0.78
[2023-05-15 15:24:47] Epoch 29   training_loss: 0.08  val_loss: 0.15  precision: 0.81  recall: 0.76  f1: 0.78
[2023-05-15 15:24:51] Epoch 30   training_loss: 0.08  val_loss: 0.15  precision: 0.82  recall: 0.76  f1: 0.79
[2023-05-15 15:24:54] Epoch 31   training_loss: 0.07  val_loss: 0.15  precision: 0.82  recall: 0.76  f1: 0.79
