[2023-06-11 12:35:34] Storing files in experiments/Crnn/2023-06-11_12-35-06_67e22c62081111eea0ce5cff35c18842
[2023-06-11 12:35:34] batch_size: 64
[2023-06-11 12:35:34] data:
[2023-06-11 12:35:34]   audio_mix_ratio: 0.5
[2023-06-11 12:35:34]   augment_ratio: 1.0
[2023-06-11 12:35:34]   augment_type: random
[2023-06-11 12:35:34]   augmentation_list:
[2023-06-11 12:35:34]   - time_shift
[2023-06-11 12:35:34]   - mix_audio
[2023-06-11 12:35:34]   class_indice_file: data/metadata/class_label_indices.txt
[2023-06-11 12:35:34]   feature: data/dev/feature.csv
[2023-06-11 12:35:34]   label: data/dev/label.csv
[2023-06-11 12:35:34]   stratified: true
[2023-06-11 12:35:34] dataloader_args:
[2023-06-11 12:35:34]   batch_size: 64
[2023-06-11 12:35:34]   num_workers: 1
[2023-06-11 12:35:34] early_stop: 7
[2023-06-11 12:35:34] epochs: 100
[2023-06-11 12:35:34] loss: BceLoss
[2023-06-11 12:35:34] model:
[2023-06-11 12:35:34]   channel_list:
[2023-06-11 12:35:34]   - 1
[2023-06-11 12:35:34]   - 16
[2023-06-11 12:35:34]   - 32
[2023-06-11 12:35:34]   - 64
[2023-06-11 12:35:34]   - 128
[2023-06-11 12:35:34]   - 128
[2023-06-11 12:35:34]   hidden_size: 256
[2023-06-11 12:35:34]   kernel_list:
[2023-06-11 12:35:34]   - 2
[2023-06-11 12:35:34]   - 2
[2023-06-11 12:35:34]   - 1
[2023-06-11 12:35:34]   - 1
[2023-06-11 12:35:34]   - 1
[2023-06-11 12:35:34]   type: Crnn
[2023-06-11 12:35:34] num_workers: 2
[2023-06-11 12:35:34] optimizer:
[2023-06-11 12:35:34]   args:
[2023-06-11 12:35:34]     lr: 0.001
[2023-06-11 12:35:34]   type: AdamW
[2023-06-11 12:35:34] outputpath: experiments/
[2023-06-11 12:35:34] scheduler_args:
[2023-06-11 12:35:34]   factor: 0.1
[2023-06-11 12:35:34]   patience: 3
[2023-06-11 12:35:34] 
[2023-06-11 12:35:34] Running on device cpu
[2023-06-11 12:35:44] AdamW (
[2023-06-11 12:35:44] Parameter Group 0
[2023-06-11 12:35:44]     amsgrad: False
[2023-06-11 12:35:44]     betas: (0.9, 0.999)
[2023-06-11 12:35:44]     capturable: False
[2023-06-11 12:35:44]     eps: 1e-08
[2023-06-11 12:35:44]     foreach: None
[2023-06-11 12:35:44]     lr: 0.001
[2023-06-11 12:35:44]     maximize: False
[2023-06-11 12:35:44]     weight_decay: 0.01
[2023-06-11 12:35:44] )
[2023-06-11 12:35:44] Crnn(
[2023-06-11 12:35:44]   (bn): BatchNorm2d(1, eps=1e-05, momentum=0.1, affine=True, track_running_stats=True)
[2023-06-11 12:35:44]   (backbone): Sequential(
[2023-06-11 12:35:44]     (block1): Sequential(
[2023-06-11 12:35:44]       (0): Conv2d(1, 16, kernel_size=(2, 2), stride=(1, 1))
[2023-06-11 12:35:44]       (1): BatchNorm2d(16, eps=1e-05, momentum=0.1, affine=True, track_running_stats=True)
[2023-06-11 12:35:44]       (2): ReLU()
[2023-06-11 12:35:44]       (3): MaxPool2d(kernel_size=(2, 2), stride=(2, 2), padding=0, dilation=1, ceil_mode=False)
[2023-06-11 12:35:44]     )
[2023-06-11 12:35:44]     (block2): Sequential(
[2023-06-11 12:35:44]       (0): Conv2d(16, 32, kernel_size=(2, 2), stride=(1, 1))
[2023-06-11 12:35:44]       (1): BatchNorm2d(32, eps=1e-05, momentum=0.1, affine=True, track_running_stats=True)
[2023-06-11 12:35:44]       (2): ReLU()
[2023-06-11 12:35:44]       (3): MaxPool2d(kernel_size=(2, 2), stride=(2, 2), padding=0, dilation=1, ceil_mode=False)
[2023-06-11 12:35:44]     )
[2023-06-11 12:35:44]     (block3): Sequential(
[2023-06-11 12:35:44]       (0): Conv2d(32, 64, kernel_size=(1, 2), stride=(1, 1))
[2023-06-11 12:35:44]       (1): BatchNorm2d(64, eps=1e-05, momentum=0.1, affine=True, track_running_stats=True)
[2023-06-11 12:35:44]       (2): ReLU()
[2023-06-11 12:35:44]       (3): MaxPool2d(kernel_size=(1, 2), stride=(1, 2), padding=0, dilation=1, ceil_mode=False)
[2023-06-11 12:35:44]     )
[2023-06-11 12:35:44]     (block4): Sequential(
[2023-06-11 12:35:44]       (0): Conv2d(64, 128, kernel_size=(1, 2), stride=(1, 1))
[2023-06-11 12:35:44]       (1): BatchNorm2d(128, eps=1e-05, momentum=0.1, affine=True, track_running_stats=True)
[2023-06-11 12:35:44]       (2): ReLU()
[2023-06-11 12:35:44]       (3): MaxPool2d(kernel_size=(1, 2), stride=(1, 2), padding=0, dilation=1, ceil_mode=False)
[2023-06-11 12:35:44]     )
[2023-06-11 12:35:44]     (block5): Sequential(
[2023-06-11 12:35:44]       (0): Conv2d(128, 128, kernel_size=(1, 2), stride=(1, 1))
[2023-06-11 12:35:44]       (1): BatchNorm2d(128, eps=1e-05, momentum=0.1, affine=True, track_running_stats=True)
[2023-06-11 12:35:44]       (2): ReLU()
[2023-06-11 12:35:44]       (3): MaxPool2d(kernel_size=(1, 2), stride=(1, 2), padding=0, dilation=1, ceil_mode=False)
[2023-06-11 12:35:44]     )
[2023-06-11 12:35:44]   )
[2023-06-11 12:35:44]   (BiGRU): GRU(128, 256, batch_first=True, bidirectional=True)
[2023-06-11 12:35:44]   (fc): Linear(in_features=512, out_features=10, bias=True)
[2023-06-11 12:35:44] )
[2023-06-11 12:37:38] Epoch 1   training_loss: 0.38  val_loss: 0.35  precision: 0.22  recall: 0.10  f1: 0.11
[2023-06-11 12:39:28] Epoch 2   training_loss: 0.32  val_loss: 0.30  precision: 0.37  recall: 0.26  f1: 0.26
[2023-06-11 12:41:16] Epoch 3   training_loss: 0.28  val_loss: 0.38  precision: 0.40  recall: 0.26  f1: 0.22
[2023-06-11 12:43:06] Epoch 4   training_loss: 0.25  val_loss: 0.28  precision: 0.52  recall: 0.38  f1: 0.41
[2023-06-11 12:44:52] Epoch 5   training_loss: 0.22  val_loss: 0.21  precision: 0.71  recall: 0.53  f1: 0.58
[2023-06-11 12:46:43] Epoch 6   training_loss: 0.21  val_loss: 0.21  precision: 0.78  recall: 0.58  f1: 0.61
[2023-06-11 12:48:33] Epoch 7   training_loss: 0.19  val_loss: 0.22  precision: 0.72  recall: 0.52  f1: 0.56
[2023-06-11 12:50:17] Epoch 8   training_loss: 0.18  val_loss: 0.18  precision: 0.87  recall: 0.58  f1: 0.67
[2023-06-11 12:52:10] Epoch 9   training_loss: 0.17  val_loss: 0.18  precision: 0.80  recall: 0.59  f1: 0.64
[2023-06-11 12:54:03] Epoch 10   training_loss: 0.15  val_loss: 0.23  precision: 0.78  recall: 0.55  f1: 0.57
[2023-06-11 12:55:51] Epoch 11   training_loss: 0.15  val_loss: 0.24  precision: 0.79  recall: 0.50  f1: 0.58
[2023-06-11 12:57:38] Epoch 12   training_loss: 0.15  val_loss: 0.22  precision: 0.76  recall: 0.56  f1: 0.62
[2023-06-11 12:59:28] Epoch 13   training_loss: 0.12  val_loss: 0.15  precision: 0.81  recall: 0.69  f1: 0.74
[2023-06-11 13:01:17] Epoch 14   training_loss: 0.11  val_loss: 0.15  precision: 0.85  recall: 0.69  f1: 0.76
[2023-06-11 13:03:06] Epoch 15   training_loss: 0.11  val_loss: 0.15  precision: 0.83  recall: 0.68  f1: 0.74
[2023-06-11 13:04:57] Epoch 16   training_loss: 0.11  val_loss: 0.15  precision: 0.86  recall: 0.69  f1: 0.76
[2023-06-11 13:06:48] Epoch 17   training_loss: 0.11  val_loss: 0.15  precision: 0.85  recall: 0.71  f1: 0.77
[2023-06-11 13:08:40] Epoch 18   training_loss: 0.10  val_loss: 0.15  precision: 0.86  recall: 0.71  f1: 0.77
[2023-06-11 13:10:34] Epoch 19   training_loss: 0.10  val_loss: 0.15  precision: 0.83  recall: 0.70  f1: 0.76
[2023-06-11 13:12:29] Epoch 20   training_loss: 0.10  val_loss: 0.15  precision: 0.82  recall: 0.70  f1: 0.75
[2023-06-11 13:14:23] Epoch 21   training_loss: 0.10  val_loss: 0.15  precision: 0.84  recall: 0.69  f1: 0.75
[2023-06-11 13:16:15] Epoch 22   training_loss: 0.10  val_loss: 0.15  precision: 0.83  recall: 0.70  f1: 0.75
[2023-06-11 13:18:10] Epoch 23   training_loss: 0.10  val_loss: 0.15  precision: 0.82  recall: 0.70  f1: 0.75
[2023-06-11 13:20:02] Epoch 24   training_loss: 0.10  val_loss: 0.15  precision: 0.82  recall: 0.69  f1: 0.75
[2023-06-11 13:21:53] Epoch 25   training_loss: 0.10  val_loss: 0.15  precision: 0.83  recall: 0.70  f1: 0.75
[2023-06-11 13:23:41] Epoch 26   training_loss: 0.10  val_loss: 0.15  precision: 0.84  recall: 0.69  f1: 0.75
[2023-06-11 13:25:33] Epoch 27   training_loss: 0.10  val_loss: 0.15  precision: 0.82  recall: 0.70  f1: 0.75
[2023-06-11 13:27:29] Epoch 28   training_loss: 0.10  val_loss: 0.15  precision: 0.84  recall: 0.69  f1: 0.75
[2023-06-11 13:29:20] Epoch 29   training_loss: 0.10  val_loss: 0.15  precision: 0.85  recall: 0.70  f1: 0.76
[2023-06-11 13:31:07] Epoch 30   training_loss: 0.10  val_loss: 0.15  precision: 0.82  recall: 0.70  f1: 0.75
[2023-06-11 13:32:59] Epoch 31   training_loss: 0.10  val_loss: 0.15  precision: 0.83  recall: 0.69  f1: 0.75
[2023-06-11 13:34:49] Epoch 32   training_loss: 0.10  val_loss: 0.15  precision: 0.84  recall: 0.70  f1: 0.76
