[2023-05-17 00:19:26] Storing files in experiments/Crnn/2023-05-17_00-19-05_6d2f4738f40511edae935cff35c1d408
[2023-05-17 00:19:26] batch_size: 64
[2023-05-17 00:19:26] data:
[2023-05-17 00:19:26]   audio_mix_ratio: 0.8
[2023-05-17 00:19:26]   augment_ratio: 1.0
[2023-05-17 00:19:26]   augment_type: random
[2023-05-17 00:19:26]   augmentation_list:
[2023-05-17 00:19:26]   - mix_audio
[2023-05-17 00:19:26]   - add_uniform_noise
[2023-05-17 00:19:26]   - add_gaussian_noise
[2023-05-17 00:19:26]   - time_shift
[2023-05-17 00:19:26]   - time_mask
[2023-05-17 00:19:26]   class_indice_file: data/metadata/class_label_indices.txt
[2023-05-17 00:19:26]   feature: data/dev/feature.csv
[2023-05-17 00:19:26]   label: data/dev/label.csv
[2023-05-17 00:19:26]   stratified: true
[2023-05-17 00:19:26] dataloader_args:
[2023-05-17 00:19:26]   batch_size: 64
[2023-05-17 00:19:26]   num_workers: 1
[2023-05-17 00:19:26] early_stop: 7
[2023-05-17 00:19:26] epochs: 100
[2023-05-17 00:19:26] loss: BceLoss
[2023-05-17 00:19:26] model:
[2023-05-17 00:19:26]   args:
[2023-05-17 00:19:26]     hidden_size: 128
[2023-05-17 00:19:26]   type: Crnn
[2023-05-17 00:19:26] num_workers: 2
[2023-05-17 00:19:26] optimizer:
[2023-05-17 00:19:26]   args:
[2023-05-17 00:19:26]     lr: 0.001
[2023-05-17 00:19:26]   type: AdamW
[2023-05-17 00:19:26] outputpath: experiments/
[2023-05-17 00:19:26] scheduler_args:
[2023-05-17 00:19:26]   factor: 0.1
[2023-05-17 00:19:26]   patience: 3
[2023-05-17 00:19:26] 
[2023-05-17 00:19:26] Running on device cuda
[2023-05-17 00:19:46] AdamW (
[2023-05-17 00:19:46] Parameter Group 0
[2023-05-17 00:19:46]     amsgrad: False
[2023-05-17 00:19:46]     betas: (0.9, 0.999)
[2023-05-17 00:19:46]     capturable: False
[2023-05-17 00:19:46]     eps: 1e-08
[2023-05-17 00:19:46]     foreach: None
[2023-05-17 00:19:46]     lr: 0.001
[2023-05-17 00:19:46]     maximize: False
[2023-05-17 00:19:46]     weight_decay: 0.01
[2023-05-17 00:19:46] )
[2023-05-17 00:19:46] Crnn(
[2023-05-17 00:19:46]   (bn): BatchNorm2d(1, eps=1e-05, momentum=0.1, affine=True, track_running_stats=True)
[2023-05-17 00:19:46]   (backbone): Sequential(
[2023-05-17 00:19:46]     (block1): Sequential(
[2023-05-17 00:19:46]       (0): Conv2d(1, 16, kernel_size=(2, 2), stride=(1, 1))
[2023-05-17 00:19:46]       (1): BatchNorm2d(16, eps=1e-05, momentum=0.1, affine=True, track_running_stats=True)
[2023-05-17 00:19:46]       (2): ReLU()
[2023-05-17 00:19:46]       (3): MaxPool2d(kernel_size=(2, 2), stride=(2, 2), padding=0, dilation=1, ceil_mode=False)
[2023-05-17 00:19:46]     )
[2023-05-17 00:19:46]     (block2): Sequential(
[2023-05-17 00:19:46]       (0): Conv2d(16, 32, kernel_size=(2, 2), stride=(1, 1))
[2023-05-17 00:19:46]       (1): BatchNorm2d(32, eps=1e-05, momentum=0.1, affine=True, track_running_stats=True)
[2023-05-17 00:19:46]       (2): ReLU()
[2023-05-17 00:19:46]       (3): MaxPool2d(kernel_size=(2, 2), stride=(2, 2), padding=0, dilation=1, ceil_mode=False)
[2023-05-17 00:19:46]     )
[2023-05-17 00:19:46]     (block3): Sequential(
[2023-05-17 00:19:46]       (0): Conv2d(32, 64, kernel_size=(1, 2), stride=(1, 1))
[2023-05-17 00:19:46]       (1): BatchNorm2d(64, eps=1e-05, momentum=0.1, affine=True, track_running_stats=True)
[2023-05-17 00:19:46]       (2): ReLU()
[2023-05-17 00:19:46]       (3): MaxPool2d(kernel_size=(1, 2), stride=(1, 2), padding=0, dilation=1, ceil_mode=False)
[2023-05-17 00:19:46]     )
[2023-05-17 00:19:46]     (block4): Sequential(
[2023-05-17 00:19:46]       (0): Conv2d(64, 128, kernel_size=(1, 2), stride=(1, 1))
[2023-05-17 00:19:46]       (1): BatchNorm2d(128, eps=1e-05, momentum=0.1, affine=True, track_running_stats=True)
[2023-05-17 00:19:46]       (2): ReLU()
[2023-05-17 00:19:46]       (3): MaxPool2d(kernel_size=(1, 2), stride=(1, 2), padding=0, dilation=1, ceil_mode=False)
[2023-05-17 00:19:46]     )
[2023-05-17 00:19:46]     (block5): Sequential(
[2023-05-17 00:19:46]       (0): Conv2d(128, 128, kernel_size=(1, 2), stride=(1, 1))
[2023-05-17 00:19:46]       (1): BatchNorm2d(128, eps=1e-05, momentum=0.1, affine=True, track_running_stats=True)
[2023-05-17 00:19:46]       (2): ReLU()
[2023-05-17 00:19:46]       (3): MaxPool2d(kernel_size=(1, 2), stride=(1, 2), padding=0, dilation=1, ceil_mode=False)
[2023-05-17 00:19:46]     )
[2023-05-17 00:19:46]   )
[2023-05-17 00:19:46]   (BiGRU): GRU(128, 128, batch_first=True, bidirectional=True)
[2023-05-17 00:19:46]   (avg): AvgPool2d(kernel_size=(1, 2), stride=(1, 2), padding=0)
[2023-05-17 00:19:46]   (fc): Linear(in_features=256, out_features=10, bias=True)
[2023-05-17 00:19:46] )
[2023-05-17 00:19:56] Epoch 1   training_loss: 0.38  val_loss: 0.32  precision: 0.20  recall: 0.06  f1: 0.08
[2023-05-17 00:19:59] Epoch 2   training_loss: 0.30  val_loss: 0.28  precision: 0.43  recall: 0.21  f1: 0.24
[2023-05-17 00:20:02] Epoch 3   training_loss: 0.26  val_loss: 0.37  precision: 0.47  recall: 0.20  f1: 0.21
[2023-05-17 00:20:05] Epoch 4   training_loss: 0.22  val_loss: 0.26  precision: 0.64  recall: 0.42  f1: 0.44
[2023-05-17 00:20:08] Epoch 5   training_loss: 0.20  val_loss: 0.23  precision: 0.74  recall: 0.40  f1: 0.46
[2023-05-17 00:20:11] Epoch 6   training_loss: 0.18  val_loss: 0.27  precision: 0.60  recall: 0.40  f1: 0.45
[2023-05-17 00:20:14] Epoch 7   training_loss: 0.16  val_loss: 0.26  precision: 0.64  recall: 0.56  f1: 0.58
[2023-05-17 00:20:17] Epoch 8   training_loss: 0.15  val_loss: 0.21  precision: 0.74  recall: 0.50  f1: 0.54
[2023-05-17 00:20:20] Epoch 9   training_loss: 0.14  val_loss: 0.24  precision: 0.67  recall: 0.59  f1: 0.53
[2023-05-17 00:20:23] Epoch 10   training_loss: 0.12  val_loss: 0.22  precision: 0.79  recall: 0.65  f1: 0.67
[2023-05-17 00:20:26] Epoch 11   training_loss: 0.11  val_loss: 0.17  precision: 0.80  recall: 0.60  f1: 0.66
[2023-05-17 00:20:30] Epoch 12   training_loss: 0.11  val_loss: 0.21  precision: 0.75  recall: 0.68  f1: 0.67
[2023-05-17 00:20:33] Epoch 13   training_loss: 0.10  val_loss: 0.17  precision: 0.77  recall: 0.69  f1: 0.72
[2023-05-17 00:20:36] Epoch 14   training_loss: 0.09  val_loss: 0.17  precision: 0.84  recall: 0.70  f1: 0.75
[2023-05-17 00:20:39] Epoch 15   training_loss: 0.08  val_loss: 0.18  precision: 0.78  recall: 0.66  f1: 0.71
[2023-05-17 00:20:43] Epoch 16   training_loss: 0.09  val_loss: 0.19  precision: 0.80  recall: 0.64  f1: 0.69
[2023-05-17 00:20:45] Epoch 17   training_loss: 0.08  val_loss: 0.19  precision: 0.74  recall: 0.67  f1: 0.67
[2023-05-17 00:20:48] Epoch 18   training_loss: 0.06  val_loss: 0.15  precision: 0.84  recall: 0.75  f1: 0.79
[2023-05-17 00:20:51] Epoch 19   training_loss: 0.05  val_loss: 0.15  precision: 0.84  recall: 0.75  f1: 0.79
[2023-05-17 00:20:55] Epoch 20   training_loss: 0.05  val_loss: 0.15  precision: 0.84  recall: 0.74  f1: 0.78
[2023-05-17 00:20:58] Epoch 21   training_loss: 0.05  val_loss: 0.15  precision: 0.83  recall: 0.72  f1: 0.76
[2023-05-17 00:21:01] Epoch 22   training_loss: 0.05  val_loss: 0.15  precision: 0.84  recall: 0.72  f1: 0.77
[2023-05-17 00:21:04] Epoch 23   training_loss: 0.05  val_loss: 0.15  precision: 0.83  recall: 0.75  f1: 0.78
[2023-05-17 00:21:07] Epoch 24   training_loss: 0.05  val_loss: 0.15  precision: 0.81  recall: 0.73  f1: 0.76
[2023-05-17 00:21:10] Epoch 25   training_loss: 0.05  val_loss: 0.15  precision: 0.83  recall: 0.75  f1: 0.78
[2023-05-17 00:21:13] Epoch 26   training_loss: 0.05  val_loss: 0.15  precision: 0.81  recall: 0.74  f1: 0.77
[2023-05-17 00:21:16] Epoch 27   training_loss: 0.04  val_loss: 0.15  precision: 0.84  recall: 0.75  f1: 0.78
[2023-05-17 00:21:19] Epoch 28   training_loss: 0.05  val_loss: 0.16  precision: 0.82  recall: 0.74  f1: 0.77
[2023-05-17 00:21:22] Epoch 29   training_loss: 0.04  val_loss: 0.16  precision: 0.82  recall: 0.75  f1: 0.77
[2023-05-17 00:21:26] Epoch 30   training_loss: 0.04  val_loss: 0.16  precision: 0.82  recall: 0.73  f1: 0.76
[2023-05-17 00:21:29] Epoch 31   training_loss: 0.04  val_loss: 0.15  precision: 0.82  recall: 0.75  f1: 0.77
[2023-05-17 00:21:32] Epoch 32   training_loss: 0.04  val_loss: 0.16  precision: 0.82  recall: 0.74  f1: 0.77
