[2023-06-12 09:10:50] Storing files in experiments/Crnn/2023-06-12_09-10-06_f89cd37c08bd11ee9e135cff35c18842
[2023-06-12 09:10:50] batch_size: 64
[2023-06-12 09:10:50] data:
[2023-06-12 09:10:50]   audio_mix_ratio: 0.5
[2023-06-12 09:10:50]   augment_ratio: 1.0
[2023-06-12 09:10:50]   augment_type: random
[2023-06-12 09:10:50]   augmentation_list:
[2023-06-12 09:10:50]   - time_shift
[2023-06-12 09:10:50]   class_indice_file: data/metadata/class_label_indices.txt
[2023-06-12 09:10:50]   feature: data/dev/feature.csv
[2023-06-12 09:10:50]   label: data/dev/label.csv
[2023-06-12 09:10:50]   stratified: true
[2023-06-12 09:10:50] dataloader_args:
[2023-06-12 09:10:50]   batch_size: 64
[2023-06-12 09:10:50]   num_workers: 1
[2023-06-12 09:10:50] early_stop: 7
[2023-06-12 09:10:50] epochs: 100
[2023-06-12 09:10:50] loss: BceLoss
[2023-06-12 09:10:50] model:
[2023-06-12 09:10:50]   channel_list:
[2023-06-12 09:10:50]   - 1
[2023-06-12 09:10:50]   - 16
[2023-06-12 09:10:50]   - 32
[2023-06-12 09:10:50]   - 64
[2023-06-12 09:10:50]   - 128
[2023-06-12 09:10:50]   - 128
[2023-06-12 09:10:50]   hidden_size: 256
[2023-06-12 09:10:50]   kernel_list:
[2023-06-12 09:10:50]   - 2
[2023-06-12 09:10:50]   - 2
[2023-06-12 09:10:50]   - 1
[2023-06-12 09:10:50]   - 1
[2023-06-12 09:10:50]   - 1
[2023-06-12 09:10:50]   type: Crnn
[2023-06-12 09:10:50] num_workers: 2
[2023-06-12 09:10:50] optimizer:
[2023-06-12 09:10:50]   args:
[2023-06-12 09:10:50]     lr: 0.001
[2023-06-12 09:10:50]   type: AdamW
[2023-06-12 09:10:50] outputpath: experiments/
[2023-06-12 09:10:50] scheduler_args:
[2023-06-12 09:10:50]   factor: 0.1
[2023-06-12 09:10:50]   patience: 3
[2023-06-12 09:10:50] 
[2023-06-12 09:10:50] Running on device cpu
[2023-06-12 09:10:59] AdamW (
[2023-06-12 09:10:59] Parameter Group 0
[2023-06-12 09:10:59]     amsgrad: False
[2023-06-12 09:10:59]     betas: (0.9, 0.999)
[2023-06-12 09:10:59]     capturable: False
[2023-06-12 09:10:59]     eps: 1e-08
[2023-06-12 09:10:59]     foreach: None
[2023-06-12 09:10:59]     lr: 0.001
[2023-06-12 09:10:59]     maximize: False
[2023-06-12 09:10:59]     weight_decay: 0.01
[2023-06-12 09:10:59] )
[2023-06-12 09:10:59] Crnn(
[2023-06-12 09:10:59]   (bn): BatchNorm2d(1, eps=1e-05, momentum=0.1, affine=True, track_running_stats=True)
[2023-06-12 09:10:59]   (backbone): Sequential(
[2023-06-12 09:10:59]     (block1): Sequential(
[2023-06-12 09:10:59]       (0): Conv2d(1, 16, kernel_size=(2, 2), stride=(1, 1))
[2023-06-12 09:10:59]       (1): BatchNorm2d(16, eps=1e-05, momentum=0.1, affine=True, track_running_stats=True)
[2023-06-12 09:10:59]       (2): ReLU()
[2023-06-12 09:10:59]       (3): MaxPool2d(kernel_size=(2, 2), stride=(2, 2), padding=0, dilation=1, ceil_mode=False)
[2023-06-12 09:10:59]     )
[2023-06-12 09:10:59]     (block2): Sequential(
[2023-06-12 09:10:59]       (0): Conv2d(16, 32, kernel_size=(2, 2), stride=(1, 1))
[2023-06-12 09:10:59]       (1): BatchNorm2d(32, eps=1e-05, momentum=0.1, affine=True, track_running_stats=True)
[2023-06-12 09:10:59]       (2): ReLU()
[2023-06-12 09:10:59]       (3): MaxPool2d(kernel_size=(2, 2), stride=(2, 2), padding=0, dilation=1, ceil_mode=False)
[2023-06-12 09:10:59]     )
[2023-06-12 09:10:59]     (block3): Sequential(
[2023-06-12 09:10:59]       (0): Conv2d(32, 64, kernel_size=(1, 2), stride=(1, 1))
[2023-06-12 09:10:59]       (1): BatchNorm2d(64, eps=1e-05, momentum=0.1, affine=True, track_running_stats=True)
[2023-06-12 09:10:59]       (2): ReLU()
[2023-06-12 09:10:59]       (3): MaxPool2d(kernel_size=(1, 2), stride=(1, 2), padding=0, dilation=1, ceil_mode=False)
[2023-06-12 09:10:59]     )
[2023-06-12 09:10:59]     (block4): Sequential(
[2023-06-12 09:10:59]       (0): Conv2d(64, 128, kernel_size=(1, 2), stride=(1, 1))
[2023-06-12 09:10:59]       (1): BatchNorm2d(128, eps=1e-05, momentum=0.1, affine=True, track_running_stats=True)
[2023-06-12 09:10:59]       (2): ReLU()
[2023-06-12 09:10:59]       (3): MaxPool2d(kernel_size=(1, 2), stride=(1, 2), padding=0, dilation=1, ceil_mode=False)
[2023-06-12 09:10:59]     )
[2023-06-12 09:10:59]     (block5): Sequential(
[2023-06-12 09:10:59]       (0): Conv2d(128, 128, kernel_size=(1, 2), stride=(1, 1))
[2023-06-12 09:10:59]       (1): BatchNorm2d(128, eps=1e-05, momentum=0.1, affine=True, track_running_stats=True)
[2023-06-12 09:10:59]       (2): ReLU()
[2023-06-12 09:10:59]       (3): MaxPool2d(kernel_size=(1, 2), stride=(1, 2), padding=0, dilation=1, ceil_mode=False)
[2023-06-12 09:10:59]     )
[2023-06-12 09:10:59]   )
[2023-06-12 09:10:59]   (BiGRU): GRU(128, 256, batch_first=True, bidirectional=True)
[2023-06-12 09:10:59]   (fc): Linear(in_features=512, out_features=10, bias=True)
[2023-06-12 09:10:59] )
[2023-06-12 09:12:53] Epoch 1   training_loss: 0.37  val_loss: 0.34  precision: 0.17  recall: 0.12  f1: 0.13
[2023-06-12 09:14:46] Epoch 2   training_loss: 0.30  val_loss: 0.28  precision: 0.40  recall: 0.28  f1: 0.32
[2023-06-12 09:16:35] Epoch 3   training_loss: 0.26  val_loss: 0.41  precision: 0.37  recall: 0.24  f1: 0.21
[2023-06-12 09:18:26] Epoch 4   training_loss: 0.22  val_loss: 0.30  precision: 0.61  recall: 0.42  f1: 0.44
[2023-06-12 09:20:15] Epoch 5   training_loss: 0.19  val_loss: 0.26  precision: 0.63  recall: 0.49  f1: 0.49
[2023-06-12 09:22:09] Epoch 6   training_loss: 0.17  val_loss: 0.24  precision: 0.78  recall: 0.54  f1: 0.57
[2023-06-12 09:24:07] Epoch 7   training_loss: 0.15  val_loss: 0.25  precision: 0.62  recall: 0.54  f1: 0.53
[2023-06-12 09:26:10] Epoch 8   training_loss: 0.13  val_loss: 0.17  precision: 0.83  recall: 0.63  f1: 0.70
[2023-06-12 09:28:08] Epoch 9   training_loss: 0.12  val_loss: 0.35  precision: 0.58  recall: 0.51  f1: 0.46
[2023-06-12 09:30:06] Epoch 10   training_loss: 0.11  val_loss: 0.18  precision: 0.80  recall: 0.59  f1: 0.66
[2023-06-12 09:31:59] Epoch 11   training_loss: 0.11  val_loss: 0.22  precision: 0.76  recall: 0.60  f1: 0.63
[2023-06-12 09:33:53] Epoch 12   training_loss: 0.10  val_loss: 0.19  precision: 0.76  recall: 0.65  f1: 0.68
[2023-06-12 09:35:43] Epoch 13   training_loss: 0.08  val_loss: 0.16  precision: 0.79  recall: 0.72  f1: 0.74
[2023-06-12 09:37:42] Epoch 14   training_loss: 0.07  val_loss: 0.17  precision: 0.79  recall: 0.70  f1: 0.73
[2023-06-12 09:39:35] Epoch 15   training_loss: 0.06  val_loss: 0.17  precision: 0.77  recall: 0.72  f1: 0.73
[2023-06-12 09:41:29] Epoch 16   training_loss: 0.06  val_loss: 0.17  precision: 0.76  recall: 0.72  f1: 0.72
[2023-06-12 09:43:24] Epoch 17   training_loss: 0.06  val_loss: 0.17  precision: 0.76  recall: 0.71  f1: 0.72
[2023-06-12 09:45:21] Epoch 18   training_loss: 0.06  val_loss: 0.17  precision: 0.76  recall: 0.72  f1: 0.73
[2023-06-12 09:47:20] Epoch 19   training_loss: 0.05  val_loss: 0.17  precision: 0.76  recall: 0.72  f1: 0.73
[2023-06-12 09:49:17] Epoch 20   training_loss: 0.05  val_loss: 0.17  precision: 0.77  recall: 0.73  f1: 0.73
