[2023-05-15 11:07:58] Storing files in experiments/Crnn/2023-05-15_11-07-05_b1ad0258f2cd11edbdf85cff35c18da5
[2023-05-15 11:07:58] batch_size: 64
[2023-05-15 11:07:58] data:
[2023-05-15 11:07:58]   augmentation_list:
[2023-05-15 11:07:58]   - add_uniform_noise
[2023-05-15 11:07:58]   - add_gaussian_noise
[2023-05-15 11:07:58]   class_indice_file: data/metadata/class_label_indices.txt
[2023-05-15 11:07:58]   feature: data/dev/feature.csv
[2023-05-15 11:07:58]   label: data/dev/label.csv
[2023-05-15 11:07:58]   stratified: true
[2023-05-15 11:07:58] dataloader_args:
[2023-05-15 11:07:58]   batch_size: 64
[2023-05-15 11:07:58]   num_workers: 1
[2023-05-15 11:07:58] early_stop: 7
[2023-05-15 11:07:58] epochs: 100
[2023-05-15 11:07:58] loss: BceLoss
[2023-05-15 11:07:58] model:
[2023-05-15 11:07:58]   args:
[2023-05-15 11:07:58]     hidden_size: 128
[2023-05-15 11:07:58]   type: Crnn
[2023-05-15 11:07:58] num_workers: 2
[2023-05-15 11:07:58] optimizer:
[2023-05-15 11:07:58]   args:
[2023-05-15 11:07:58]     lr: 0.001
[2023-05-15 11:07:58]   type: AdamW
[2023-05-15 11:07:58] outputpath: experiments/
[2023-05-15 11:07:58] scheduler_args:
[2023-05-15 11:07:58]   factor: 0.1
[2023-05-15 11:07:58]   patience: 3
[2023-05-15 11:07:58] 
[2023-05-15 11:07:58] Running on device cuda
[2023-05-15 11:08:05] AdamW (
[2023-05-15 11:08:05] Parameter Group 0
[2023-05-15 11:08:05]     amsgrad: False
[2023-05-15 11:08:05]     betas: (0.9, 0.999)
[2023-05-15 11:08:05]     capturable: False
[2023-05-15 11:08:05]     eps: 1e-08
[2023-05-15 11:08:05]     foreach: None
[2023-05-15 11:08:05]     lr: 0.001
[2023-05-15 11:08:05]     maximize: False
[2023-05-15 11:08:05]     weight_decay: 0.01
[2023-05-15 11:08:05] )
[2023-05-15 11:08:05] Crnn(
[2023-05-15 11:08:05]   (bn): BatchNorm2d(1, eps=1e-05, momentum=0.1, affine=True, track_running_stats=True)
[2023-05-15 11:08:05]   (backbone): Sequential(
[2023-05-15 11:08:05]     (block1): Sequential(
[2023-05-15 11:08:05]       (0): Conv2d(1, 16, kernel_size=(2, 2), stride=(1, 1))
[2023-05-15 11:08:05]       (1): BatchNorm2d(16, eps=1e-05, momentum=0.1, affine=True, track_running_stats=True)
[2023-05-15 11:08:05]       (2): ReLU()
[2023-05-15 11:08:05]       (3): MaxPool2d(kernel_size=(2, 2), stride=(2, 2), padding=0, dilation=1, ceil_mode=False)
[2023-05-15 11:08:05]     )
[2023-05-15 11:08:05]     (block2): Sequential(
[2023-05-15 11:08:05]       (0): Conv2d(16, 32, kernel_size=(2, 2), stride=(1, 1))
[2023-05-15 11:08:05]       (1): BatchNorm2d(32, eps=1e-05, momentum=0.1, affine=True, track_running_stats=True)
[2023-05-15 11:08:05]       (2): ReLU()
[2023-05-15 11:08:05]       (3): MaxPool2d(kernel_size=(2, 2), stride=(2, 2), padding=0, dilation=1, ceil_mode=False)
[2023-05-15 11:08:05]     )
[2023-05-15 11:08:05]     (block3): Sequential(
[2023-05-15 11:08:05]       (0): Conv2d(32, 64, kernel_size=(1, 2), stride=(1, 1))
[2023-05-15 11:08:05]       (1): BatchNorm2d(64, eps=1e-05, momentum=0.1, affine=True, track_running_stats=True)
[2023-05-15 11:08:05]       (2): ReLU()
[2023-05-15 11:08:05]       (3): MaxPool2d(kernel_size=(1, 2), stride=(1, 2), padding=0, dilation=1, ceil_mode=False)
[2023-05-15 11:08:05]     )
[2023-05-15 11:08:05]     (block4): Sequential(
[2023-05-15 11:08:05]       (0): Conv2d(64, 128, kernel_size=(1, 2), stride=(1, 1))
[2023-05-15 11:08:05]       (1): BatchNorm2d(128, eps=1e-05, momentum=0.1, affine=True, track_running_stats=True)
[2023-05-15 11:08:05]       (2): ReLU()
[2023-05-15 11:08:05]       (3): MaxPool2d(kernel_size=(1, 2), stride=(1, 2), padding=0, dilation=1, ceil_mode=False)
[2023-05-15 11:08:05]     )
[2023-05-15 11:08:05]     (block5): Sequential(
[2023-05-15 11:08:05]       (0): Conv2d(128, 128, kernel_size=(1, 2), stride=(1, 1))
[2023-05-15 11:08:05]       (1): BatchNorm2d(128, eps=1e-05, momentum=0.1, affine=True, track_running_stats=True)
[2023-05-15 11:08:05]       (2): ReLU()
[2023-05-15 11:08:05]       (3): MaxPool2d(kernel_size=(1, 2), stride=(1, 2), padding=0, dilation=1, ceil_mode=False)
[2023-05-15 11:08:05]     )
[2023-05-15 11:08:05]   )
[2023-05-15 11:08:05]   (BiGRU): GRU(128, 128, batch_first=True, bidirectional=True)
[2023-05-15 11:08:05]   (avg): AvgPool2d(kernel_size=(1, 2), stride=(1, 2), padding=0)
[2023-05-15 11:08:05]   (fc): Linear(in_features=256, out_features=10, bias=True)
[2023-05-15 11:08:05] )
[2023-05-15 11:08:10] Epoch 1   training_loss: 0.37  val_loss: 0.32  precision: 0.29  recall: 0.06  f1: 0.09
[2023-05-15 11:08:13] Epoch 2   training_loss: 0.28  val_loss: 0.29  precision: 0.34  recall: 0.24  f1: 0.27
[2023-05-15 11:08:17] Epoch 3   training_loss: 0.23  val_loss: 0.31  precision: 0.69  recall: 0.22  f1: 0.26
[2023-05-15 11:08:20] Epoch 4   training_loss: 0.20  val_loss: 0.23  precision: 0.83  recall: 0.49  f1: 0.57
[2023-05-15 11:08:23] Epoch 5   training_loss: 0.17  val_loss: 0.23  precision: 0.72  recall: 0.47  f1: 0.52
[2023-05-15 11:08:26] Epoch 6   training_loss: 0.15  val_loss: 0.22  precision: 0.67  recall: 0.56  f1: 0.60
[2023-05-15 11:08:29] Epoch 7   training_loss: 0.14  val_loss: 0.23  precision: 0.68  recall: 0.60  f1: 0.63
[2023-05-15 11:08:32] Epoch 8   training_loss: 0.12  val_loss: 0.33  precision: 0.65  recall: 0.48  f1: 0.46
[2023-05-15 11:08:35] Epoch 9   training_loss: 0.11  val_loss: 0.32  precision: 0.56  recall: 0.63  f1: 0.57
[2023-05-15 11:08:38] Epoch 10   training_loss: 0.09  val_loss: 0.46  precision: 0.47  recall: 0.52  f1: 0.41
[2023-05-15 11:08:41] Epoch 11   training_loss: 0.07  val_loss: 0.17  precision: 0.83  recall: 0.71  f1: 0.75
[2023-05-15 11:08:44] Epoch 12   training_loss: 0.07  val_loss: 0.17  precision: 0.83  recall: 0.71  f1: 0.76
[2023-05-15 11:08:47] Epoch 13   training_loss: 0.06  val_loss: 0.17  precision: 0.81  recall: 0.70  f1: 0.73
[2023-05-15 11:08:50] Epoch 14   training_loss: 0.06  val_loss: 0.17  precision: 0.84  recall: 0.72  f1: 0.77
[2023-05-15 11:08:54] Epoch 15   training_loss: 0.06  val_loss: 0.16  precision: 0.84  recall: 0.72  f1: 0.77
[2023-05-15 11:08:57] Epoch 16   training_loss: 0.06  val_loss: 0.16  precision: 0.81  recall: 0.72  f1: 0.76
[2023-05-15 11:09:00] Epoch 17   training_loss: 0.05  val_loss: 0.17  precision: 0.83  recall: 0.74  f1: 0.77
[2023-05-15 11:09:04] Epoch 18   training_loss: 0.05  val_loss: 0.17  precision: 0.82  recall: 0.74  f1: 0.77
[2023-05-15 11:09:06] Epoch 19   training_loss: 0.05  val_loss: 0.18  precision: 0.78  recall: 0.70  f1: 0.72
[2023-05-15 11:09:10] Epoch 20   training_loss: 0.05  val_loss: 0.17  precision: 0.84  recall: 0.73  f1: 0.77
[2023-05-15 11:09:13] Epoch 21   training_loss: 0.05  val_loss: 0.17  precision: 0.84  recall: 0.73  f1: 0.77
[2023-05-15 11:09:16] Epoch 22   training_loss: 0.05  val_loss: 0.17  precision: 0.84  recall: 0.74  f1: 0.78
