[2023-06-12 09:50:14] Storing files in experiments/Crnn/2023-06-12_09-50-06_796a496c08c311ee8e9d5cff35c18842
[2023-06-12 09:50:14] batch_size: 64
[2023-06-12 09:50:14] data:
[2023-06-12 09:50:14]   audio_mix_ratio: 0.5
[2023-06-12 09:50:14]   augment_ratio: 1.0
[2023-06-12 09:50:14]   augment_type: random
[2023-06-12 09:50:14]   augmentation_list:
[2023-06-12 09:50:14]   - mix_audio
[2023-06-12 09:50:14]   class_indice_file: data/metadata/class_label_indices.txt
[2023-06-12 09:50:14]   feature: data/dev/feature.csv
[2023-06-12 09:50:14]   label: data/dev/label.csv
[2023-06-12 09:50:14]   stratified: true
[2023-06-12 09:50:14] dataloader_args:
[2023-06-12 09:50:14]   batch_size: 64
[2023-06-12 09:50:14]   num_workers: 1
[2023-06-12 09:50:14] early_stop: 7
[2023-06-12 09:50:14] epochs: 100
[2023-06-12 09:50:14] loss: BceLoss
[2023-06-12 09:50:14] model:
[2023-06-12 09:50:14]   channel_list:
[2023-06-12 09:50:14]   - 1
[2023-06-12 09:50:14]   - 16
[2023-06-12 09:50:14]   - 32
[2023-06-12 09:50:14]   - 64
[2023-06-12 09:50:14]   - 128
[2023-06-12 09:50:14]   - 128
[2023-06-12 09:50:14]   hidden_size: 256
[2023-06-12 09:50:14]   kernel_list:
[2023-06-12 09:50:14]   - 2
[2023-06-12 09:50:14]   - 2
[2023-06-12 09:50:14]   - 1
[2023-06-12 09:50:14]   - 1
[2023-06-12 09:50:14]   - 1
[2023-06-12 09:50:14]   type: Crnn
[2023-06-12 09:50:14] num_workers: 2
[2023-06-12 09:50:14] optimizer:
[2023-06-12 09:50:14]   args:
[2023-06-12 09:50:14]     lr: 0.001
[2023-06-12 09:50:14]   type: AdamW
[2023-06-12 09:50:14] outputpath: experiments/
[2023-06-12 09:50:14] scheduler_args:
[2023-06-12 09:50:14]   factor: 0.1
[2023-06-12 09:50:14]   patience: 3
[2023-06-12 09:50:14] 
[2023-06-12 09:50:14] Running on device cpu
[2023-06-12 09:50:16] AdamW (
[2023-06-12 09:50:16] Parameter Group 0
[2023-06-12 09:50:16]     amsgrad: False
[2023-06-12 09:50:16]     betas: (0.9, 0.999)
[2023-06-12 09:50:16]     capturable: False
[2023-06-12 09:50:16]     eps: 1e-08
[2023-06-12 09:50:16]     foreach: None
[2023-06-12 09:50:16]     lr: 0.001
[2023-06-12 09:50:16]     maximize: False
[2023-06-12 09:50:16]     weight_decay: 0.01
[2023-06-12 09:50:16] )
[2023-06-12 09:50:16] Crnn(
[2023-06-12 09:50:16]   (bn): BatchNorm2d(1, eps=1e-05, momentum=0.1, affine=True, track_running_stats=True)
[2023-06-12 09:50:16]   (backbone): Sequential(
[2023-06-12 09:50:16]     (block1): Sequential(
[2023-06-12 09:50:16]       (0): Conv2d(1, 16, kernel_size=(2, 2), stride=(1, 1))
[2023-06-12 09:50:16]       (1): BatchNorm2d(16, eps=1e-05, momentum=0.1, affine=True, track_running_stats=True)
[2023-06-12 09:50:16]       (2): ReLU()
[2023-06-12 09:50:16]       (3): MaxPool2d(kernel_size=(2, 2), stride=(2, 2), padding=0, dilation=1, ceil_mode=False)
[2023-06-12 09:50:16]     )
[2023-06-12 09:50:16]     (block2): Sequential(
[2023-06-12 09:50:16]       (0): Conv2d(16, 32, kernel_size=(2, 2), stride=(1, 1))
[2023-06-12 09:50:16]       (1): BatchNorm2d(32, eps=1e-05, momentum=0.1, affine=True, track_running_stats=True)
[2023-06-12 09:50:16]       (2): ReLU()
[2023-06-12 09:50:16]       (3): MaxPool2d(kernel_size=(2, 2), stride=(2, 2), padding=0, dilation=1, ceil_mode=False)
[2023-06-12 09:50:16]     )
[2023-06-12 09:50:16]     (block3): Sequential(
[2023-06-12 09:50:16]       (0): Conv2d(32, 64, kernel_size=(1, 2), stride=(1, 1))
[2023-06-12 09:50:16]       (1): BatchNorm2d(64, eps=1e-05, momentum=0.1, affine=True, track_running_stats=True)
[2023-06-12 09:50:16]       (2): ReLU()
[2023-06-12 09:50:16]       (3): MaxPool2d(kernel_size=(1, 2), stride=(1, 2), padding=0, dilation=1, ceil_mode=False)
[2023-06-12 09:50:16]     )
[2023-06-12 09:50:16]     (block4): Sequential(
[2023-06-12 09:50:16]       (0): Conv2d(64, 128, kernel_size=(1, 2), stride=(1, 1))
[2023-06-12 09:50:16]       (1): BatchNorm2d(128, eps=1e-05, momentum=0.1, affine=True, track_running_stats=True)
[2023-06-12 09:50:16]       (2): ReLU()
[2023-06-12 09:50:16]       (3): MaxPool2d(kernel_size=(1, 2), stride=(1, 2), padding=0, dilation=1, ceil_mode=False)
[2023-06-12 09:50:16]     )
[2023-06-12 09:50:16]     (block5): Sequential(
[2023-06-12 09:50:16]       (0): Conv2d(128, 128, kernel_size=(1, 2), stride=(1, 1))
[2023-06-12 09:50:16]       (1): BatchNorm2d(128, eps=1e-05, momentum=0.1, affine=True, track_running_stats=True)
[2023-06-12 09:50:16]       (2): ReLU()
[2023-06-12 09:50:16]       (3): MaxPool2d(kernel_size=(1, 2), stride=(1, 2), padding=0, dilation=1, ceil_mode=False)
[2023-06-12 09:50:16]     )
[2023-06-12 09:50:16]   )
[2023-06-12 09:50:16]   (BiGRU): GRU(128, 256, batch_first=True, bidirectional=True)
[2023-06-12 09:50:16]   (fc): Linear(in_features=512, out_features=10, bias=True)
[2023-06-12 09:50:16] )
[2023-06-12 09:52:18] Epoch 1   training_loss: 0.37  val_loss: 0.35  precision: 0.20  recall: 0.13  f1: 0.15
[2023-06-12 09:54:13] Epoch 2   training_loss: 0.31  val_loss: 0.34  precision: 0.21  recall: 0.19  f1: 0.17
[2023-06-12 09:56:15] Epoch 3   training_loss: 0.27  val_loss: 0.24  precision: 0.58  recall: 0.33  f1: 0.36
[2023-06-12 09:58:16] Epoch 4   training_loss: 0.24  val_loss: 0.30  precision: 0.54  recall: 0.44  f1: 0.44
[2023-06-12 10:00:16] Epoch 5   training_loss: 0.23  val_loss: 0.20  precision: 0.78  recall: 0.50  f1: 0.56
[2023-06-12 10:02:19] Epoch 6   training_loss: 0.22  val_loss: 0.17  precision: 0.84  recall: 0.53  f1: 0.60
[2023-06-12 10:04:10] Epoch 7   training_loss: 0.20  val_loss: 0.17  precision: 0.78  recall: 0.52  f1: 0.59
[2023-06-12 10:06:07] Epoch 8   training_loss: 0.19  val_loss: 0.18  precision: 0.80  recall: 0.59  f1: 0.65
[2023-06-12 10:08:01] Epoch 9   training_loss: 0.19  val_loss: 0.27  precision: 0.68  recall: 0.55  f1: 0.51
[2023-06-12 10:10:01] Epoch 10   training_loss: 0.17  val_loss: 0.15  precision: 0.80  recall: 0.67  f1: 0.71
[2023-06-12 10:11:57] Epoch 11   training_loss: 0.17  val_loss: 0.19  precision: 0.74  recall: 0.59  f1: 0.60
[2023-06-12 10:14:01] Epoch 12   training_loss: 0.16  val_loss: 0.17  precision: 0.80  recall: 0.67  f1: 0.71
[2023-06-12 10:16:02] Epoch 13   training_loss: 0.15  val_loss: 0.19  precision: 0.80  recall: 0.63  f1: 0.68
[2023-06-12 10:18:07] Epoch 14   training_loss: 0.16  val_loss: 0.22  precision: 0.71  recall: 0.63  f1: 0.64
[2023-06-12 10:20:05] Epoch 15   training_loss: 0.14  val_loss: 0.16  precision: 0.81  recall: 0.69  f1: 0.74
[2023-06-12 10:22:05] Epoch 16   training_loss: 0.13  val_loss: 0.15  precision: 0.83  recall: 0.69  f1: 0.75
[2023-06-12 10:24:08] Epoch 17   training_loss: 0.13  val_loss: 0.15  precision: 0.82  recall: 0.70  f1: 0.75
[2023-06-12 10:26:01] Epoch 18   training_loss: 0.12  val_loss: 0.15  precision: 0.82  recall: 0.69  f1: 0.75
[2023-06-12 10:27:55] Epoch 19   training_loss: 0.12  val_loss: 0.15  precision: 0.81  recall: 0.68  f1: 0.74
[2023-06-12 10:29:55] Epoch 20   training_loss: 0.12  val_loss: 0.16  precision: 0.80  recall: 0.69  f1: 0.74
[2023-06-12 10:31:55] Epoch 21   training_loss: 0.12  val_loss: 0.16  precision: 0.80  recall: 0.69  f1: 0.73
[2023-06-12 10:33:56] Epoch 22   training_loss: 0.12  val_loss: 0.16  precision: 0.81  recall: 0.69  f1: 0.74
[2023-06-12 10:35:54] Epoch 23   training_loss: 0.12  val_loss: 0.16  precision: 0.81  recall: 0.70  f1: 0.74
[2023-06-12 10:37:45] Epoch 24   training_loss: 0.12  val_loss: 0.16  precision: 0.81  recall: 0.70  f1: 0.74
[2023-06-12 10:39:47] Epoch 25   training_loss: 0.12  val_loss: 0.16  precision: 0.80  recall: 0.69  f1: 0.74
