[2023-05-16 11:26:00] Storing files in experiments/Crnn/2023-05-16_11-26-05_6155fb12f39911edadd45cff35c18da5
[2023-05-16 11:26:00] batch_size: 64
[2023-05-16 11:26:00] data:
[2023-05-16 11:26:00]   audio_mix_ratio: 0.8
[2023-05-16 11:26:00]   augment_ratio: 1.0
[2023-05-16 11:26:00]   augment_type: random
[2023-05-16 11:26:00]   augmentation_list:
[2023-05-16 11:26:00]   - mix_audio
[2023-05-16 11:26:00]   - add_uniform_noise
[2023-05-16 11:26:00]   - add_gaussian_noise
[2023-05-16 11:26:00]   class_indice_file: data/metadata/class_label_indices.txt
[2023-05-16 11:26:00]   feature: data/dev/feature.csv
[2023-05-16 11:26:00]   label: data/dev/label.csv
[2023-05-16 11:26:00]   stratified: true
[2023-05-16 11:26:00] dataloader_args:
[2023-05-16 11:26:00]   batch_size: 64
[2023-05-16 11:26:00]   num_workers: 1
[2023-05-16 11:26:00] early_stop: 7
[2023-05-16 11:26:00] epochs: 100
[2023-05-16 11:26:00] loss: BceLoss
[2023-05-16 11:26:00] model:
[2023-05-16 11:26:00]   args:
[2023-05-16 11:26:00]     hidden_size: 128
[2023-05-16 11:26:00]   type: Crnn
[2023-05-16 11:26:00] num_workers: 2
[2023-05-16 11:26:00] optimizer:
[2023-05-16 11:26:00]   args:
[2023-05-16 11:26:00]     lr: 0.001
[2023-05-16 11:26:00]   type: AdamW
[2023-05-16 11:26:00] outputpath: experiments/
[2023-05-16 11:26:00] scheduler_args:
[2023-05-16 11:26:00]   factor: 0.1
[2023-05-16 11:26:00]   patience: 3
[2023-05-16 11:26:00] 
[2023-05-16 11:26:00] Running on device cuda
[2023-05-16 11:26:07] AdamW (
[2023-05-16 11:26:07] Parameter Group 0
[2023-05-16 11:26:07]     amsgrad: False
[2023-05-16 11:26:07]     betas: (0.9, 0.999)
[2023-05-16 11:26:07]     capturable: False
[2023-05-16 11:26:07]     eps: 1e-08
[2023-05-16 11:26:07]     foreach: None
[2023-05-16 11:26:07]     lr: 0.001
[2023-05-16 11:26:07]     maximize: False
[2023-05-16 11:26:07]     weight_decay: 0.01
[2023-05-16 11:26:07] )
[2023-05-16 11:26:07] Crnn(
[2023-05-16 11:26:07]   (bn): BatchNorm2d(1, eps=1e-05, momentum=0.1, affine=True, track_running_stats=True)
[2023-05-16 11:26:07]   (backbone): Sequential(
[2023-05-16 11:26:07]     (block1): Sequential(
[2023-05-16 11:26:07]       (0): Conv2d(1, 16, kernel_size=(2, 2), stride=(1, 1))
[2023-05-16 11:26:07]       (1): BatchNorm2d(16, eps=1e-05, momentum=0.1, affine=True, track_running_stats=True)
[2023-05-16 11:26:07]       (2): ReLU()
[2023-05-16 11:26:07]       (3): MaxPool2d(kernel_size=(2, 2), stride=(2, 2), padding=0, dilation=1, ceil_mode=False)
[2023-05-16 11:26:07]     )
[2023-05-16 11:26:07]     (block2): Sequential(
[2023-05-16 11:26:07]       (0): Conv2d(16, 32, kernel_size=(2, 2), stride=(1, 1))
[2023-05-16 11:26:07]       (1): BatchNorm2d(32, eps=1e-05, momentum=0.1, affine=True, track_running_stats=True)
[2023-05-16 11:26:07]       (2): ReLU()
[2023-05-16 11:26:07]       (3): MaxPool2d(kernel_size=(2, 2), stride=(2, 2), padding=0, dilation=1, ceil_mode=False)
[2023-05-16 11:26:07]     )
[2023-05-16 11:26:07]     (block3): Sequential(
[2023-05-16 11:26:07]       (0): Conv2d(32, 64, kernel_size=(1, 2), stride=(1, 1))
[2023-05-16 11:26:07]       (1): BatchNorm2d(64, eps=1e-05, momentum=0.1, affine=True, track_running_stats=True)
[2023-05-16 11:26:07]       (2): ReLU()
[2023-05-16 11:26:07]       (3): MaxPool2d(kernel_size=(1, 2), stride=(1, 2), padding=0, dilation=1, ceil_mode=False)
[2023-05-16 11:26:07]     )
[2023-05-16 11:26:07]     (block4): Sequential(
[2023-05-16 11:26:07]       (0): Conv2d(64, 128, kernel_size=(1, 2), stride=(1, 1))
[2023-05-16 11:26:07]       (1): BatchNorm2d(128, eps=1e-05, momentum=0.1, affine=True, track_running_stats=True)
[2023-05-16 11:26:07]       (2): ReLU()
[2023-05-16 11:26:07]       (3): MaxPool2d(kernel_size=(1, 2), stride=(1, 2), padding=0, dilation=1, ceil_mode=False)
[2023-05-16 11:26:07]     )
[2023-05-16 11:26:07]     (block5): Sequential(
[2023-05-16 11:26:07]       (0): Conv2d(128, 128, kernel_size=(1, 2), stride=(1, 1))
[2023-05-16 11:26:07]       (1): BatchNorm2d(128, eps=1e-05, momentum=0.1, affine=True, track_running_stats=True)
[2023-05-16 11:26:07]       (2): ReLU()
[2023-05-16 11:26:07]       (3): MaxPool2d(kernel_size=(1, 2), stride=(1, 2), padding=0, dilation=1, ceil_mode=False)
[2023-05-16 11:26:07]     )
[2023-05-16 11:26:07]   )
[2023-05-16 11:26:07]   (BiGRU): GRU(128, 128, batch_first=True, bidirectional=True)
[2023-05-16 11:26:07]   (avg): AvgPool2d(kernel_size=(1, 2), stride=(1, 2), padding=0)
[2023-05-16 11:26:07]   (fc): Linear(in_features=256, out_features=10, bias=True)
[2023-05-16 11:26:07] )
[2023-05-16 11:26:11] Epoch 1   training_loss: 0.37  val_loss: 0.32  precision: 0.29  recall: 0.05  f1: 0.08
[2023-05-16 11:26:14] Epoch 2   training_loss: 0.29  val_loss: 0.27  precision: 0.45  recall: 0.20  f1: 0.25
[2023-05-16 11:26:17] Epoch 3   training_loss: 0.24  val_loss: 0.37  precision: 0.48  recall: 0.20  f1: 0.21
[2023-05-16 11:26:20] Epoch 4   training_loss: 0.21  val_loss: 0.26  precision: 0.62  recall: 0.40  f1: 0.46
[2023-05-16 11:26:23] Epoch 5   training_loss: 0.19  val_loss: 0.23  precision: 0.79  recall: 0.50  f1: 0.55
[2023-05-16 11:26:26] Epoch 6   training_loss: 0.17  val_loss: 0.22  precision: 0.70  recall: 0.53  f1: 0.58
[2023-05-16 11:26:29] Epoch 7   training_loss: 0.16  val_loss: 0.30  precision: 0.59  recall: 0.51  f1: 0.54
[2023-05-16 11:26:32] Epoch 8   training_loss: 0.14  val_loss: 0.22  precision: 0.79  recall: 0.55  f1: 0.60
[2023-05-16 11:26:34] Epoch 9   training_loss: 0.13  val_loss: 0.24  precision: 0.61  recall: 0.60  f1: 0.57
[2023-05-16 11:26:37] Epoch 10   training_loss: 0.12  val_loss: 0.30  precision: 0.63  recall: 0.61  f1: 0.58
[2023-05-16 11:26:40] Epoch 11   training_loss: 0.10  val_loss: 0.16  precision: 0.82  recall: 0.67  f1: 0.73
[2023-05-16 11:26:43] Epoch 12   training_loss: 0.09  val_loss: 0.16  precision: 0.80  recall: 0.72  f1: 0.75
[2023-05-16 11:26:46] Epoch 13   training_loss: 0.09  val_loss: 0.17  precision: 0.83  recall: 0.69  f1: 0.74
[2023-05-16 11:26:49] Epoch 14   training_loss: 0.09  val_loss: 0.16  precision: 0.80  recall: 0.69  f1: 0.73
[2023-05-16 11:26:52] Epoch 15   training_loss: 0.08  val_loss: 0.16  precision: 0.84  recall: 0.70  f1: 0.76
[2023-05-16 11:26:55] Epoch 16   training_loss: 0.08  val_loss: 0.18  precision: 0.83  recall: 0.71  f1: 0.74
[2023-05-16 11:26:58] Epoch 17   training_loss: 0.08  val_loss: 0.16  precision: 0.80  recall: 0.70  f1: 0.74
[2023-05-16 11:27:01] Epoch 18   training_loss: 0.08  val_loss: 0.16  precision: 0.79  recall: 0.70  f1: 0.74
[2023-05-16 11:27:05] Epoch 19   training_loss: 0.08  val_loss: 0.16  precision: 0.81  recall: 0.70  f1: 0.74
[2023-05-16 11:27:08] Epoch 20   training_loss: 0.08  val_loss: 0.16  precision: 0.80  recall: 0.70  f1: 0.74
[2023-05-16 11:27:11] Epoch 21   training_loss: 0.07  val_loss: 0.16  precision: 0.79  recall: 0.69  f1: 0.73
